<?xml version="1.0" encoding="UTF-8"?>
<coverage generated="1596102509292" clover="3.2.0">
  <project timestamp="1596102509292" name="All files">
    <metrics statements="378" coveredstatements="347" conditionals="202" coveredconditionals="155" methods="102" coveredmethods="96" elements="682" coveredelements="598" complexity="0" loc="378" ncloc="378" packages="3" files="13" classes="13"/>
    <package name="modules">
      <metrics statements="228" coveredstatements="209" conditionals="136" coveredconditionals="107" methods="55" coveredmethods="54"/>
      <file name="model.ts" path="/Users/nikita/Desktop/работа/Javascript/FSD-plugin/src/plugin/modules/model.ts">
        <metrics statements="75" coveredstatements="70" conditionals="56" coveredconditionals="50" methods="15" coveredmethods="15"/>
        <line num="8" count="7" type="stmt"/>
        <line num="34" count="7" type="stmt"/>
        <line num="35" count="7" type="stmt"/>
        <line num="36" count="7" type="stmt"/>
        <line num="39" count="7" type="stmt"/>
        <line num="43" count="429" type="stmt"/>
        <line num="47" count="19" type="stmt"/>
        <line num="51" count="30" type="cond" truecount="2" falsecount="0"/>
        <line num="52" count="15" type="cond" truecount="4" falsecount="0"/>
        <line num="54" count="11" type="stmt"/>
        <line num="55" count="11" type="cond" truecount="2" falsecount="0"/>
        <line num="56" count="3" type="stmt"/>
        <line num="57" count="6" type="cond" truecount="1" falsecount="1"/>
        <line num="58" count="0" type="stmt"/>
        <line num="59" count="0" type="stmt"/>
        <line num="60" count="0" type="stmt"/>
        <line num="64" count="8" type="stmt"/>
        <line num="65" count="9" type="cond" truecount="2" falsecount="0"/>
        <line num="66" count="4" type="stmt"/>
        <line num="67" count="4" type="stmt"/>
        <line num="68" count="4" type="stmt"/>
        <line num="72" count="11" type="stmt"/>
        <line num="74" count="4" type="cond" truecount="2" falsecount="0"/>
        <line num="75" count="1" type="stmt"/>
        <line num="76" count="6" type="stmt"/>
        <line num="79" count="3" type="stmt"/>
        <line num="80" count="6" type="stmt"/>
        <line num="84" count="15" type="stmt"/>
        <line num="88" count="9" type="stmt"/>
        <line num="89" count="9" type="stmt"/>
        <line num="90" count="9" type="stmt"/>
        <line num="91" count="9" type="cond" truecount="2" falsecount="0"/>
        <line num="92" count="1" type="stmt"/>
        <line num="96" count="6" type="stmt"/>
        <line num="97" count="6" type="cond" truecount="2" falsecount="0"/>
        <line num="100" count="8" type="stmt"/>
        <line num="102" count="1" type="stmt"/>
        <line num="106" count="3" type="cond" truecount="2" falsecount="0"/>
        <line num="107" count="2" type="stmt"/>
        <line num="108" count="2" type="stmt"/>
        <line num="113" count="11" type="stmt"/>
        <line num="114" count="11" type="cond" truecount="1" falsecount="1"/>
        <line num="115" count="11" type="stmt"/>
        <line num="117" count="0" type="stmt"/>
        <line num="119" count="11" type="stmt"/>
        <line num="123" count="6" type="stmt"/>
        <line num="128" count="14" type="stmt"/>
        <line num="129" count="14" type="stmt"/>
        <line num="132" count="14" type="cond" truecount="2" falsecount="0"/>
        <line num="133" count="2" type="stmt"/>
        <line num="134" count="2" type="stmt"/>
        <line num="136" count="12" type="stmt"/>
        <line num="137" count="12" type="stmt"/>
        <line num="140" count="14" type="stmt"/>
        <line num="141" count="14" type="stmt"/>
        <line num="143" count="14" type="cond" truecount="6" falsecount="0"/>
        <line num="144" count="3" type="cond" truecount="4" falsecount="0"/>
        <line num="145" count="1" type="stmt"/>
        <line num="146" count="2" type="cond" truecount="2" falsecount="2"/>
        <line num="147" count="0" type="stmt"/>
        <line num="149" count="2" type="stmt"/>
        <line num="153" count="14" type="cond" truecount="1" falsecount="1"/>
        <line num="156" count="14" type="cond" truecount="1" falsecount="1"/>
        <line num="158" count="14" type="cond" truecount="4" falsecount="0"/>
        <line num="160" count="8" type="stmt"/>
        <line num="161" count="6" type="cond" truecount="2" falsecount="0"/>
        <line num="162" count="2" type="stmt"/>
        <line num="164" count="4" type="stmt"/>
        <line num="169" count="47" type="cond" truecount="2" falsecount="0"/>
        <line num="170" count="14" type="stmt"/>
        <line num="171" count="14" type="stmt"/>
        <line num="172" count="29" type="cond" truecount="2" falsecount="0"/>
        <line num="174" count="14" type="stmt"/>
        <line num="176" count="33" type="cond" truecount="2" falsecount="0"/>
        <line num="181" count="13" type="cond" truecount="2" falsecount="0"/>
      </file>
      <file name="presenter.ts" path="/Users/nikita/Desktop/работа/Javascript/FSD-plugin/src/plugin/modules/presenter.ts">
        <metrics statements="48" coveredstatements="48" conditionals="14" coveredconditionals="9" methods="15" coveredmethods="15"/>
        <line num="10" count="6" type="stmt"/>
        <line num="19" count="6" type="stmt"/>
        <line num="20" count="6" type="stmt"/>
        <line num="21" count="6" type="stmt"/>
        <line num="22" count="6" type="stmt"/>
        <line num="23" count="6" type="stmt"/>
        <line num="24" count="1" type="stmt"/>
        <line num="25" count="1" type="stmt"/>
        <line num="26" count="1" type="stmt"/>
        <line num="27" count="1" type="stmt"/>
        <line num="28" count="1" type="cond" truecount="1" falsecount="1"/>
        <line num="29" count="1" type="stmt"/>
        <line num="32" count="6" type="stmt"/>
        <line num="33" count="1" type="cond" truecount="1" falsecount="1"/>
        <line num="35" count="6" type="stmt"/>
        <line num="36" count="4" type="stmt"/>
        <line num="38" count="6" type="stmt"/>
        <line num="39" count="4" type="stmt"/>
        <line num="40" count="4" type="cond" truecount="2" falsecount="0"/>
        <line num="41" count="2" type="stmt"/>
        <line num="43" count="4" type="stmt"/>
        <line num="44" count="8" type="stmt"/>
        <line num="45" count="8" type="stmt"/>
        <line num="48" count="6" type="cond" truecount="1" falsecount="1"/>
        <line num="49" count="6" type="stmt"/>
        <line num="50" count="3" type="stmt"/>
        <line num="51" count="3" type="stmt"/>
        <line num="52" count="3" type="stmt"/>
        <line num="53" count="3" type="cond" truecount="1" falsecount="1"/>
        <line num="54" count="3" type="stmt"/>
        <line num="56" count="3" type="stmt"/>
        <line num="57" count="6" type="stmt"/>
        <line num="58" count="6" type="stmt"/>
        <line num="59" count="6" type="cond" truecount="2" falsecount="0"/>
        <line num="60" count="3" type="stmt"/>
        <line num="61" count="3" type="stmt"/>
        <line num="65" count="3" type="cond" truecount="1" falsecount="1"/>
        <line num="66" count="3" type="stmt"/>
        <line num="67" count="3" type="stmt"/>
        <line num="68" count="3" type="stmt"/>
        <line num="75" count="2" type="stmt"/>
        <line num="79" count="11" type="stmt"/>
        <line num="83" count="4" type="stmt"/>
        <line num="87" count="316" type="stmt"/>
        <line num="91" count="1" type="stmt"/>
        <line num="95" count="1" type="stmt"/>
        <line num="99" count="81" type="stmt"/>
        <line num="103" count="6" type="stmt"/>
      </file>
      <file name="view.ts" path="/Users/nikita/Desktop/работа/Javascript/FSD-plugin/src/plugin/modules/view.ts">
        <metrics statements="105" coveredstatements="91" conditionals="66" coveredconditionals="48" methods="25" coveredmethods="24"/>
        <line num="16" count="7" type="stmt"/>
        <line num="25" count="7" type="stmt"/>
        <line num="33" count="7" type="cond" truecount="2" falsecount="0"/>
        <line num="34" count="6" type="stmt"/>
        <line num="35" count="6" type="stmt"/>
        <line num="40" count="314" type="stmt"/>
        <line num="44" count="6" type="stmt"/>
        <line num="49" count="10" type="stmt"/>
        <line num="50" count="7" type="cond" truecount="1" falsecount="1"/>
        <line num="51" count="7" type="cond" truecount="1" falsecount="1"/>
        <line num="52" count="0" type="stmt"/>
        <line num="53" count="0" type="stmt"/>
        <line num="56" count="7" type="stmt"/>
        <line num="60" count="10" type="stmt"/>
        <line num="64" count="10" type="stmt"/>
        <line num="65" count="10" type="stmt"/>
        <line num="69" count="10" type="stmt"/>
        <line num="74" count="10" type="cond" truecount="2" falsecount="0"/>
        <line num="75" count="4" type="stmt"/>
        <line num="77" count="10" type="stmt"/>
        <line num="81" count="10" type="stmt"/>
        <line num="87" count="10" type="stmt"/>
        <line num="91" count="10" type="stmt"/>
        <line num="96" count="10" type="stmt"/>
        <line num="100" count="10" type="stmt"/>
        <line num="101" count="10" type="stmt"/>
        <line num="105" count="10" type="stmt"/>
        <line num="106" count="10" type="cond" truecount="2" falsecount="0"/>
        <line num="107" count="3" type="stmt"/>
        <line num="110" count="3" type="stmt"/>
        <line num="113" count="3" type="stmt"/>
        <line num="114" count="3" type="cond" truecount="4" falsecount="2"/>
        <line num="115" count="0" type="stmt"/>
        <line num="116" count="0" type="stmt"/>
        <line num="118" count="3" type="stmt"/>
        <line num="119" count="3" type="stmt"/>
        <line num="122" count="10" type="stmt"/>
        <line num="126" count="10" type="cond" truecount="2" falsecount="0"/>
        <line num="127" count="3" type="stmt"/>
        <line num="133" count="10" type="stmt"/>
        <line num="137" count="19" type="cond" truecount="2" falsecount="0"/>
        <line num="138" count="12" type="stmt"/>
        <line num="139" count="12" type="stmt"/>
        <line num="140" count="12" type="cond" truecount="4" falsecount="0"/>
        <line num="141" count="7" type="stmt"/>
        <line num="142" count="5" type="cond" truecount="1" falsecount="1"/>
        <line num="143" count="5" type="stmt"/>
        <line num="146" count="19" type="stmt"/>
        <line num="150" count="19" type="cond" truecount="4" falsecount="0"/>
        <line num="151" count="2" type="stmt"/>
        <line num="156" count="2" type="stmt"/>
        <line num="157" count="2" type="cond" truecount="1" falsecount="1"/>
        <line num="158" count="0" type="stmt"/>
        <line num="159" count="2" type="cond" truecount="1" falsecount="1"/>
        <line num="160" count="0" type="stmt"/>
        <line num="163" count="19" type="stmt"/>
        <line num="167" count="19" type="cond" truecount="4" falsecount="0"/>
        <line num="168" count="5" type="stmt"/>
        <line num="169" count="5" type="stmt"/>
        <line num="177" count="5" type="stmt"/>
        <line num="178" count="5" type="stmt"/>
        <line num="179" count="5" type="cond" truecount="1" falsecount="1"/>
        <line num="180" count="0" type="stmt"/>
        <line num="184" count="5" type="cond" truecount="1" falsecount="1"/>
        <line num="185" count="0" type="stmt"/>
        <line num="192" count="19" type="stmt"/>
        <line num="196" count="19" type="stmt"/>
        <line num="199" count="19" type="cond" truecount="1" falsecount="1"/>
        <line num="200" count="0" type="stmt"/>
        <line num="202" count="19" type="cond" truecount="2" falsecount="0"/>
        <line num="203" count="12" type="stmt"/>
        <line num="205" count="19" type="cond" truecount="1" falsecount="1"/>
        <line num="206" count="0" type="stmt"/>
        <line num="208" count="19" type="stmt"/>
        <line num="211" count="19" type="stmt"/>
        <line num="215" count="10" type="stmt"/>
        <line num="223" count="10" type="stmt"/>
        <line num="224" count="19" type="stmt"/>
        <line num="227" count="10" type="stmt"/>
        <line num="229" count="10" type="stmt"/>
        <line num="230" count="1" type="stmt"/>
        <line num="231" count="1" type="stmt"/>
        <line num="232" count="2" type="cond" truecount="1" falsecount="1"/>
        <line num="233" count="0" type="stmt"/>
        <line num="236" count="1" type="stmt"/>
        <line num="239" count="10" type="stmt"/>
        <line num="240" count="2" type="stmt"/>
        <line num="243" count="10" type="stmt"/>
        <line num="247" count="4" type="cond" truecount="1" falsecount="1"/>
        <line num="248" count="4" type="stmt"/>
        <line num="249" count="4" type="stmt"/>
        <line num="256" count="4" type="stmt"/>
        <line num="257" count="4" type="stmt"/>
        <line num="262" count="31" type="stmt"/>
        <line num="264" count="31" type="cond" truecount="5" falsecount="1"/>
        <line num="265" count="7" type="stmt"/>
        <line num="267" count="24" type="stmt"/>
        <line num="269" count="31" type="cond" truecount="3" falsecount="1"/>
        <line num="270" count="31" type="stmt"/>
        <line num="271" count="0" type="cond" truecount="0" falsecount="2"/>
        <line num="272" count="0" type="stmt"/>
        <line num="274" count="0" type="stmt"/>
        <line num="278" count="74" type="stmt"/>
        <line num="279" count="74" type="cond" truecount="1" falsecount="1"/>
        <line num="283" count="7" type="stmt"/>
      </file>
    </package>
    <package name="modules.mixins">
      <metrics statements="12" coveredstatements="12" conditionals="6" coveredconditionals="5" methods="7" coveredmethods="7"/>
      <file name="eventsMixin.ts" path="/Users/nikita/Desktop/работа/Javascript/FSD-plugin/src/plugin/modules/mixins/eventsMixin.ts">
        <metrics statements="12" coveredstatements="12" conditionals="6" coveredconditionals="5" methods="7" coveredmethods="7"/>
        <line num="1" count="7" type="stmt"/>
        <line num="3" count="64" type="stmt"/>
        <line num="4" count="64" type="stmt"/>
        <line num="5" count="64" type="cond" truecount="2" falsecount="0"/>
        <line num="7" count="52" type="stmt"/>
        <line num="13" count="3" type="stmt"/>
        <line num="14" count="3" type="stmt"/>
        <line num="15" count="6" type="cond" truecount="1" falsecount="1"/>
        <line num="20" count="235" type="stmt"/>
        <line num="21" count="235" type="stmt"/>
        <line num="22" count="242" type="cond" truecount="2" falsecount="0"/>
        <line num="23" count="33" type="stmt"/>
      </file>
    </package>
    <package name="modules.subViews">
      <metrics statements="138" coveredstatements="126" conditionals="60" coveredconditionals="43" methods="40" coveredmethods="35"/>
      <file name="baseView.ts" path="/Users/nikita/Desktop/работа/Javascript/FSD-plugin/src/plugin/modules/subViews/baseView.ts">
        <metrics statements="10" coveredstatements="10" conditionals="5" coveredconditionals="4" methods="3" coveredmethods="3"/>
        <line num="6" count="7" type="stmt"/>
        <line num="7" count="10" type="stmt"/>
        <line num="10" count="10" type="stmt"/>
        <line num="11" count="10" type="cond" truecount="1" falsecount="1"/>
        <line num="12" count="10" type="stmt"/>
        <line num="17" count="10" type="stmt"/>
        <line num="19" count="10" type="cond" truecount="2" falsecount="0"/>
        <line num="21" count="10" type="stmt"/>
        <line num="22" count="2" type="stmt"/>
        <line num="23" count="2" type="stmt"/>
      </file>
      <file name="basicElementView.ts" path="/Users/nikita/Desktop/работа/Javascript/FSD-plugin/src/plugin/modules/subViews/basicElementView.ts">
        <metrics statements="19" coveredstatements="19" conditionals="6" coveredconditionals="6" methods="8" coveredmethods="8"/>
        <line num="7" count="98" type="stmt"/>
        <line num="23" count="98" type="stmt"/>
        <line num="24" count="98" type="stmt"/>
        <line num="25" count="98" type="stmt"/>
        <line num="26" count="98" type="stmt"/>
        <line num="30" count="68" type="stmt"/>
        <line num="34" count="74" type="stmt"/>
        <line num="35" count="74" type="stmt"/>
        <line num="39" count="11" type="stmt"/>
        <line num="40" count="11" type="stmt"/>
        <line num="44" count="37" type="stmt"/>
        <line num="45" count="37" type="stmt"/>
        <line num="55" count="2" type="cond" truecount="2" falsecount="0"/>
        <line num="56" count="1" type="stmt"/>
        <line num="57" count="1" type="stmt"/>
        <line num="59" count="1" type="stmt"/>
        <line num="64" count="5" type="stmt"/>
        <line num="68" count="81" type="cond" truecount="2" falsecount="0"/>
        <line num="72" count="7" type="stmt"/>
      </file>
      <file name="boundView.ts" path="/Users/nikita/Desktop/работа/Javascript/FSD-plugin/src/plugin/modules/subViews/boundView.ts">
        <metrics statements="6" coveredstatements="6" conditionals="1" coveredconditionals="0" methods="2" coveredmethods="2"/>
        <line num="6" count="7" type="stmt"/>
        <line num="15" count="6" type="stmt"/>
        <line num="16" count="6" type="stmt"/>
        <line num="17" count="6" type="stmt"/>
        <line num="21" count="6" type="stmt"/>
        <line num="22" count="6" type="stmt"/>
      </file>
      <file name="connectorView.ts" path="/Users/nikita/Desktop/работа/Javascript/FSD-plugin/src/plugin/modules/subViews/connectorView.ts">
        <metrics statements="18" coveredstatements="18" conditionals="9" coveredconditionals="6" methods="3" coveredmethods="3"/>
        <line num="7" count="7" type="stmt"/>
        <line num="19" count="5" type="stmt"/>
        <line num="20" count="5" type="stmt"/>
        <line num="21" count="5" type="stmt"/>
        <line num="22" count="5" type="stmt"/>
        <line num="26" count="9" type="stmt"/>
        <line num="27" count="9" type="stmt"/>
        <line num="29" count="9" type="cond" truecount="2" falsecount="0"/>
        <line num="30" count="8" type="stmt"/>
        <line num="32" count="1" type="stmt"/>
        <line num="35" count="9" type="cond" truecount="2" falsecount="0"/>
        <line num="36" count="3" type="stmt"/>
        <line num="37" count="3" type="stmt"/>
        <line num="39" count="6" type="stmt"/>
        <line num="40" count="6" type="stmt"/>
        <line num="43" count="9" type="stmt"/>
        <line num="45" count="9" type="stmt"/>
        <line num="49" count="5" type="cond" truecount="1" falsecount="1"/>
      </file>
      <file name="handlerView.ts" path="/Users/nikita/Desktop/работа/Javascript/FSD-plugin/src/plugin/modules/subViews/handlerView.ts">
        <metrics statements="49" coveredstatements="37" conditionals="26" coveredconditionals="19" methods="13" coveredmethods="8"/>
        <line num="9" count="7" type="stmt"/>
        <line num="11" count="19" type="stmt"/>
        <line num="12" count="19" type="stmt"/>
        <line num="14" count="19" type="stmt"/>
        <line num="15" count="19" type="stmt"/>
        <line num="31" count="19" type="stmt"/>
        <line num="32" count="19" type="stmt"/>
        <line num="33" count="19" type="stmt"/>
        <line num="34" count="19" type="stmt"/>
        <line num="35" count="19" type="stmt"/>
        <line num="39" count="19" type="stmt"/>
        <line num="41" count="19" type="cond" truecount="2" falsecount="0"/>
        <line num="43" count="19" type="stmt"/>
        <line num="44" count="0" type="stmt"/>
        <line num="45" count="0" type="cond" truecount="0" falsecount="2"/>
        <line num="46" count="0" type="stmt"/>
        <line num="47" count="0" type="stmt"/>
        <line num="48" count="0" type="stmt"/>
        <line num="50" count="0" type="stmt"/>
        <line num="51" count="0" type="cond" truecount="0" falsecount="2"/>
        <line num="52" count="0" type="stmt"/>
        <line num="53" count="0" type="stmt"/>
        <line num="59" count="19" type="stmt"/>
        <line num="60" count="1" type="stmt"/>
        <line num="61" count="1" type="stmt"/>
        <line num="62" count="1" type="stmt"/>
        <line num="63" count="0" type="stmt"/>
        <line num="65" count="1" type="stmt"/>
        <line num="66" count="0" type="stmt"/>
        <line num="67" count="0" type="stmt"/>
        <line num="76" count="28" type="cond" truecount="2" falsecount="0"/>
        <line num="77" count="28" type="cond" truecount="2" falsecount="0"/>
        <line num="79" count="28" type="cond" truecount="2" falsecount="0"/>
        <line num="80" count="7" type="stmt"/>
        <line num="82" count="21" type="stmt"/>
        <line num="85" count="28" type="stmt"/>
        <line num="87" count="28" type="cond" truecount="2" falsecount="0"/>
        <line num="88" count="28" type="cond" truecount="2" falsecount="0"/>
        <line num="90" count="28" type="stmt"/>
        <line num="94" count="5" type="stmt"/>
        <line num="95" count="5" type="cond" truecount="2" falsecount="0"/>
        <line num="96" count="2" type="stmt"/>
        <line num="98" count="3" type="stmt"/>
        <line num="103" count="12" type="stmt"/>
        <line num="104" count="12" type="cond" truecount="2" falsecount="0"/>
        <line num="105" count="5" type="stmt"/>
        <line num="107" count="7" type="stmt"/>
        <line num="112" count="2" type="stmt"/>
        <line num="116" count="4" type="stmt"/>
      </file>
      <file name="inputView.ts" path="/Users/nikita/Desktop/работа/Javascript/FSD-plugin/src/plugin/modules/subViews/inputView.ts">
        <metrics statements="8" coveredstatements="8" conditionals="3" coveredconditionals="2" methods="3" coveredmethods="3"/>
        <line num="16" count="10" type="stmt"/>
        <line num="17" count="10" type="stmt"/>
        <line num="21" count="10" type="stmt"/>
        <line num="22" count="10" type="stmt"/>
        <line num="26" count="15" type="cond" truecount="1" falsecount="1"/>
        <line num="27" count="15" type="stmt"/>
        <line num="33" count="15" type="stmt"/>
        <line num="35" count="15" type="stmt"/>
      </file>
      <file name="progressBarView.ts" path="/Users/nikita/Desktop/работа/Javascript/FSD-plugin/src/plugin/modules/subViews/progressBarView.ts">
        <metrics statements="11" coveredstatements="11" conditionals="6" coveredconditionals="4" methods="3" coveredmethods="3"/>
        <line num="7" count="7" type="stmt"/>
        <line num="16" count="2" type="stmt"/>
        <line num="17" count="2" type="stmt"/>
        <line num="18" count="2" type="stmt"/>
        <line num="22" count="2" type="stmt"/>
        <line num="24" count="2" type="cond" truecount="2" falsecount="0"/>
        <line num="25" count="1" type="stmt"/>
        <line num="27" count="1" type="stmt"/>
        <line num="30" count="2" type="stmt"/>
        <line num="32" count="2" type="stmt"/>
        <line num="36" count="2" type="cond" truecount="1" falsecount="1"/>
      </file>
      <file name="resultView.ts" path="/Users/nikita/Desktop/работа/Javascript/FSD-plugin/src/plugin/modules/subViews/resultView.ts">
        <metrics statements="9" coveredstatements="9" conditionals="4" coveredconditionals="2" methods="2" coveredmethods="2"/>
        <line num="6" count="7" type="stmt"/>
        <line num="15" count="3" type="stmt"/>
        <line num="16" count="3" type="stmt"/>
        <line num="17" count="3" type="stmt"/>
        <line num="21" count="6" type="cond" truecount="2" falsecount="0"/>
        <line num="22" count="3" type="stmt"/>
        <line num="24" count="6" type="stmt"/>
        <line num="25" count="6" type="stmt"/>
        <line num="27" count="6" type="stmt"/>
      </file>
      <file name="tooltipView.ts" path="/Users/nikita/Desktop/работа/Javascript/FSD-plugin/src/plugin/modules/subViews/tooltipView.ts">
        <metrics statements="8" coveredstatements="8" conditionals="0" coveredconditionals="0" methods="3" coveredmethods="3"/>
        <line num="7" count="7" type="stmt"/>
        <line num="11" count="12" type="stmt"/>
        <line num="12" count="12" type="stmt"/>
        <line num="13" count="12" type="stmt"/>
        <line num="17" count="16" type="stmt"/>
        <line num="21" count="16" type="stmt"/>
        <line num="23" count="16" type="stmt"/>
        <line num="25" count="16" type="stmt"/>
      </file>
    </package>
  </project>
</coverage>
