<?xml version="1.0" encoding="UTF-8"?>
<coverage generated="1596201900848" clover="3.2.0">
  <project timestamp="1596201900849" name="All files">
    <metrics statements="441" coveredstatements="400" conditionals="249" coveredconditionals="188" methods="112" coveredmethods="106" elements="802" coveredelements="694" complexity="0" loc="441" ncloc="441" packages="3" files="14" classes="14"/>
    <package name="modules">
      <metrics statements="249" coveredstatements="228" conditionals="156" coveredconditionals="121" methods="61" coveredmethods="60"/>
      <file name="model.ts" path="/Users/nikita/Desktop/работа/Javascript/FSD-plugin/src/plugin/modules/model.ts">
        <metrics statements="95" coveredstatements="82" conditionals="82" coveredconditionals="63" methods="16" coveredmethods="16"/>
        <line num="8" count="8" type="stmt"/>
        <line num="40" count="8" type="stmt"/>
        <line num="41" count="8" type="stmt"/>
        <line num="42" count="8" type="stmt"/>
        <line num="45" count="8" type="stmt"/>
        <line num="49" count="598" type="stmt"/>
        <line num="53" count="25" type="stmt"/>
        <line num="57" count="33" type="cond" truecount="2" falsecount="0"/>
        <line num="58" count="18" type="cond" truecount="4" falsecount="0"/>
        <line num="60" count="14" type="stmt"/>
        <line num="61" count="14" type="cond" truecount="2" falsecount="0"/>
        <line num="62" count="3" type="stmt"/>
        <line num="63" count="6" type="cond" truecount="1" falsecount="1"/>
        <line num="64" count="0" type="stmt"/>
        <line num="65" count="0" type="stmt"/>
        <line num="66" count="0" type="stmt"/>
        <line num="70" count="11" type="stmt"/>
        <line num="71" count="12" type="cond" truecount="2" falsecount="0"/>
        <line num="72" count="4" type="stmt"/>
        <line num="73" count="4" type="stmt"/>
        <line num="74" count="4" type="stmt"/>
        <line num="78" count="14" type="stmt"/>
        <line num="80" count="4" type="cond" truecount="2" falsecount="0"/>
        <line num="81" count="1" type="stmt"/>
        <line num="82" count="6" type="stmt"/>
        <line num="85" count="3" type="stmt"/>
        <line num="86" count="6" type="stmt"/>
        <line num="90" count="15" type="stmt"/>
        <line num="94" count="9" type="stmt"/>
        <line num="95" count="9" type="stmt"/>
        <line num="96" count="9" type="stmt"/>
        <line num="97" count="9" type="cond" truecount="2" falsecount="0"/>
        <line num="98" count="1" type="stmt"/>
        <line num="102" count="6" type="stmt"/>
        <line num="103" count="6" type="cond" truecount="2" falsecount="0"/>
        <line num="106" count="8" type="stmt"/>
        <line num="108" count="1" type="stmt"/>
        <line num="112" count="3" type="cond" truecount="2" falsecount="0"/>
        <line num="113" count="2" type="stmt"/>
        <line num="114" count="2" type="stmt"/>
        <line num="119" count="12" type="stmt"/>
        <line num="120" count="12" type="cond" truecount="1" falsecount="1"/>
        <line num="121" count="12" type="stmt"/>
        <line num="123" count="0" type="stmt"/>
        <line num="125" count="12" type="stmt"/>
        <line num="129" count="7" type="stmt"/>
        <line num="133" count="19" type="stmt"/>
        <line num="134" count="19" type="stmt"/>
        <line num="136" count="19" type="stmt"/>
        <line num="137" count="19" type="stmt"/>
        <line num="139" count="19" type="cond" truecount="4" falsecount="2"/>
        <line num="140" count="0" type="cond" truecount="0" falsecount="4"/>
        <line num="141" count="0" type="stmt"/>
        <line num="142" count="0" type="cond" truecount="0" falsecount="4"/>
        <line num="143" count="0" type="stmt"/>
        <line num="145" count="0" type="stmt"/>
        <line num="149" count="19" type="cond" truecount="2" falsecount="0"/>
        <line num="152" count="19" type="cond" truecount="1" falsecount="1"/>
        <line num="154" count="19" type="cond" truecount="3" falsecount="1"/>
        <line num="156" count="19" type="stmt"/>
        <line num="157" count="0" type="cond" truecount="0" falsecount="2"/>
        <line num="158" count="0" type="stmt"/>
        <line num="160" count="0" type="stmt"/>
        <line num="165" count="14" type="stmt"/>
        <line num="166" count="14" type="stmt"/>
        <line num="168" count="14" type="cond" truecount="2" falsecount="0"/>
        <line num="169" count="10" type="stmt"/>
        <line num="171" count="4" type="stmt"/>
        <line num="175" count="14" type="cond" truecount="2" falsecount="0"/>
        <line num="176" count="2" type="stmt"/>
        <line num="177" count="2" type="stmt"/>
        <line num="179" count="12" type="stmt"/>
        <line num="180" count="12" type="stmt"/>
        <line num="183" count="14" type="stmt"/>
        <line num="184" count="14" type="stmt"/>
        <line num="186" count="14" type="cond" truecount="6" falsecount="0"/>
        <line num="187" count="3" type="cond" truecount="4" falsecount="0"/>
        <line num="188" count="1" type="stmt"/>
        <line num="189" count="2" type="cond" truecount="2" falsecount="2"/>
        <line num="190" count="0" type="stmt"/>
        <line num="192" count="2" type="stmt"/>
        <line num="196" count="14" type="cond" truecount="2" falsecount="0"/>
        <line num="199" count="14" type="cond" truecount="1" falsecount="1"/>
        <line num="201" count="14" type="cond" truecount="4" falsecount="0"/>
        <line num="203" count="8" type="stmt"/>
        <line num="204" count="6" type="cond" truecount="2" falsecount="0"/>
        <line num="205" count="2" type="stmt"/>
        <line num="207" count="4" type="stmt"/>
        <line num="212" count="50" type="cond" truecount="2" falsecount="0"/>
        <line num="213" count="15" type="stmt"/>
        <line num="214" count="15" type="stmt"/>
        <line num="215" count="31" type="cond" truecount="2" falsecount="0"/>
        <line num="217" count="15" type="stmt"/>
        <line num="219" count="35" type="cond" truecount="2" falsecount="0"/>
        <line num="224" count="14" type="cond" truecount="2" falsecount="0"/>
      </file>
      <file name="presenter.ts" path="/Users/nikita/Desktop/работа/Javascript/FSD-plugin/src/plugin/modules/presenter.ts">
        <metrics statements="50" coveredstatements="50" conditionals="18" coveredconditionals="14" methods="16" coveredmethods="16"/>
        <line num="11" count="7" type="stmt"/>
        <line num="20" count="7" type="stmt"/>
        <line num="21" count="7" type="stmt"/>
        <line num="22" count="7" type="stmt"/>
        <line num="23" count="7" type="stmt"/>
        <line num="24" count="7" type="stmt"/>
        <line num="25" count="7" type="stmt"/>
        <line num="26" count="1" type="stmt"/>
        <line num="27" count="1" type="stmt"/>
        <line num="28" count="1" type="stmt"/>
        <line num="29" count="1" type="stmt"/>
        <line num="30" count="1" type="cond" truecount="1" falsecount="1"/>
        <line num="31" count="1" type="stmt"/>
        <line num="34" count="7" type="stmt"/>
        <line num="35" count="1" type="cond" truecount="1" falsecount="1"/>
        <line num="37" count="7" type="cond" truecount="4" falsecount="0"/>
        <line num="38" count="6" type="stmt"/>
        <line num="39" count="3" type="stmt"/>
        <line num="40" count="3" type="stmt"/>
        <line num="41" count="3" type="stmt"/>
        <line num="42" count="3" type="cond" truecount="1" falsecount="1"/>
        <line num="43" count="3" type="stmt"/>
        <line num="44" count="3" type="stmt"/>
        <line num="45" count="3" type="stmt"/>
        <line num="49" count="7" type="cond" truecount="4" falsecount="0"/>
        <line num="50" count="1" type="stmt"/>
        <line num="51" count="2" type="stmt"/>
        <line num="52" count="2" type="stmt"/>
        <line num="53" count="2" type="cond" truecount="1" falsecount="1"/>
        <line num="54" count="2" type="stmt"/>
        <line num="55" count="2" type="stmt"/>
        <line num="56" count="2" type="stmt"/>
        <line num="61" count="7" type="stmt"/>
        <line num="62" count="4" type="stmt"/>
        <line num="64" count="7" type="stmt"/>
        <line num="65" count="6" type="stmt"/>
        <line num="66" count="6" type="cond" truecount="2" falsecount="0"/>
        <line num="67" count="2" type="stmt"/>
        <line num="69" count="6" type="stmt"/>
        <line num="70" count="12" type="stmt"/>
        <line num="71" count="12" type="stmt"/>
        <line num="77" count="4" type="stmt"/>
        <line num="81" count="2" type="stmt"/>
        <line num="85" count="12" type="stmt"/>
        <line num="89" count="4" type="stmt"/>
        <line num="93" count="447" type="stmt"/>
        <line num="97" count="1" type="stmt"/>
        <line num="101" count="1" type="stmt"/>
        <line num="105" count="102" type="stmt"/>
        <line num="109" count="7" type="stmt"/>
      </file>
      <file name="view.ts" path="/Users/nikita/Desktop/работа/Javascript/FSD-plugin/src/plugin/modules/view.ts">
        <metrics statements="104" coveredstatements="96" conditionals="56" coveredconditionals="44" methods="29" coveredmethods="28"/>
        <line num="17" count="8" type="stmt"/>
        <line num="27" count="8" type="stmt"/>
        <line num="36" count="8" type="cond" truecount="2" falsecount="0"/>
        <line num="37" count="7" type="stmt"/>
        <line num="38" count="7" type="stmt"/>
        <line num="43" count="445" type="stmt"/>
        <line num="47" count="7" type="stmt"/>
        <line num="52" count="11" type="stmt"/>
        <line num="53" count="8" type="cond" truecount="1" falsecount="1"/>
        <line num="54" count="8" type="cond" truecount="1" falsecount="1"/>
        <line num="55" count="0" type="stmt"/>
        <line num="56" count="0" type="stmt"/>
        <line num="59" count="8" type="stmt"/>
        <line num="63" count="11" type="stmt"/>
        <line num="67" count="11" type="stmt"/>
        <line num="68" count="11" type="stmt"/>
        <line num="72" count="11" type="stmt"/>
        <line num="77" count="11" type="cond" truecount="2" falsecount="0"/>
        <line num="78" count="4" type="stmt"/>
        <line num="80" count="11" type="stmt"/>
        <line num="84" count="11" type="stmt"/>
        <line num="90" count="11" type="stmt"/>
        <line num="94" count="11" type="stmt"/>
        <line num="99" count="11" type="stmt"/>
        <line num="103" count="11" type="stmt"/>
        <line num="104" count="11" type="stmt"/>
        <line num="108" count="11" type="cond" truecount="2" falsecount="0"/>
        <line num="109" count="1" type="stmt"/>
        <line num="115" count="11" type="stmt"/>
        <line num="119" count="11" type="cond" truecount="2" falsecount="0"/>
        <line num="120" count="1" type="stmt"/>
        <line num="121" count="11" type="stmt"/>
        <line num="124" count="11" type="stmt"/>
        <line num="128" count="11" type="stmt"/>
        <line num="129" count="11" type="cond" truecount="4" falsecount="0"/>
        <line num="130" count="3" type="stmt"/>
        <line num="133" count="3" type="stmt"/>
        <line num="136" count="3" type="stmt"/>
        <line num="137" count="3" type="cond" truecount="4" falsecount="2"/>
        <line num="138" count="0" type="stmt"/>
        <line num="139" count="0" type="stmt"/>
        <line num="141" count="3" type="stmt"/>
        <line num="142" count="3" type="stmt"/>
        <line num="145" count="11" type="stmt"/>
        <line num="149" count="11" type="cond" truecount="2" falsecount="0"/>
        <line num="150" count="3" type="stmt"/>
        <line num="156" count="11" type="stmt"/>
        <line num="160" count="21" type="cond" truecount="2" falsecount="0"/>
        <line num="161" count="14" type="stmt"/>
        <line num="162" count="14" type="stmt"/>
        <line num="164" count="21" type="stmt"/>
        <line num="168" count="21" type="cond" truecount="4" falsecount="0"/>
        <line num="169" count="2" type="stmt"/>
        <line num="174" count="2" type="stmt"/>
        <line num="176" count="21" type="stmt"/>
        <line num="180" count="21" type="cond" truecount="4" falsecount="0"/>
        <line num="181" count="6" type="stmt"/>
        <line num="182" count="6" type="stmt"/>
        <line num="190" count="6" type="stmt"/>
        <line num="191" count="6" type="stmt"/>
        <line num="194" count="21" type="stmt"/>
        <line num="198" count="21" type="stmt"/>
        <line num="201" count="21" type="stmt"/>
        <line num="204" count="21" type="stmt"/>
        <line num="208" count="11" type="stmt"/>
        <line num="218" count="11" type="stmt"/>
        <line num="219" count="21" type="stmt"/>
        <line num="222" count="11" type="stmt"/>
        <line num="224" count="11" type="stmt"/>
        <line num="225" count="1" type="stmt"/>
        <line num="226" count="1" type="stmt"/>
        <line num="227" count="2" type="cond" truecount="1" falsecount="1"/>
        <line num="228" count="0" type="stmt"/>
        <line num="231" count="1" type="stmt"/>
        <line num="234" count="11" type="stmt"/>
        <line num="235" count="2" type="stmt"/>
        <line num="238" count="11" type="stmt"/>
        <line num="242" count="4" type="cond" truecount="1" falsecount="1"/>
        <line num="243" count="4" type="stmt"/>
        <line num="244" count="4" type="stmt"/>
        <line num="252" count="4" type="stmt"/>
        <line num="253" count="4" type="stmt"/>
        <line num="258" count="37" type="stmt"/>
        <line num="260" count="37" type="cond" truecount="5" falsecount="1"/>
        <line num="261" count="7" type="stmt"/>
        <line num="263" count="30" type="stmt"/>
        <line num="265" count="37" type="cond" truecount="3" falsecount="1"/>
        <line num="266" count="37" type="stmt"/>
        <line num="267" count="0" type="cond" truecount="0" falsecount="2"/>
        <line num="268" count="0" type="stmt"/>
        <line num="270" count="0" type="stmt"/>
        <line num="274" count="5" type="stmt"/>
        <line num="275" count="5" type="cond" truecount="1" falsecount="1"/>
        <line num="276" count="5" type="stmt"/>
        <line num="278" count="5" type="stmt"/>
        <line num="279" count="10" type="stmt"/>
        <line num="280" count="10" type="stmt"/>
        <line num="281" count="10" type="cond" truecount="2" falsecount="0"/>
        <line num="282" count="5" type="stmt"/>
        <line num="283" count="5" type="stmt"/>
        <line num="287" count="5" type="stmt"/>
        <line num="291" count="93" type="stmt"/>
        <line num="292" count="93" type="cond" truecount="1" falsecount="1"/>
        <line num="296" count="8" type="stmt"/>
      </file>
    </package>
    <package name="modules.mixins">
      <metrics statements="12" coveredstatements="12" conditionals="6" coveredconditionals="5" methods="7" coveredmethods="7"/>
      <file name="eventsMixin.ts" path="/Users/nikita/Desktop/работа/Javascript/FSD-plugin/src/plugin/modules/mixins/eventsMixin.ts">
        <metrics statements="12" coveredstatements="12" conditionals="6" coveredconditionals="5" methods="7" coveredmethods="7"/>
        <line num="1" count="8" type="stmt"/>
        <line num="3" count="73" type="stmt"/>
        <line num="4" count="73" type="stmt"/>
        <line num="5" count="73" type="cond" truecount="2" falsecount="0"/>
        <line num="7" count="60" type="stmt"/>
        <line num="13" count="3" type="stmt"/>
        <line num="14" count="3" type="stmt"/>
        <line num="15" count="6" type="cond" truecount="1" falsecount="1"/>
        <line num="20" count="294" type="stmt"/>
        <line num="21" count="294" type="stmt"/>
        <line num="22" count="301" type="cond" truecount="2" falsecount="0"/>
        <line num="23" count="41" type="stmt"/>
      </file>
    </package>
    <package name="modules.subViews">
      <metrics statements="180" coveredstatements="160" conditionals="87" coveredconditionals="62" methods="44" coveredmethods="39"/>
      <file name="baseView.ts" path="/Users/nikita/Desktop/работа/Javascript/FSD-plugin/src/plugin/modules/subViews/baseView.ts">
        <metrics statements="10" coveredstatements="10" conditionals="7" coveredconditionals="7" methods="3" coveredmethods="3"/>
        <line num="6" count="8" type="stmt"/>
        <line num="7" count="11" type="stmt"/>
        <line num="10" count="11" type="stmt"/>
        <line num="11" count="11" type="cond" truecount="4" falsecount="0"/>
        <line num="12" count="10" type="stmt"/>
        <line num="17" count="11" type="stmt"/>
        <line num="19" count="11" type="cond" truecount="2" falsecount="0"/>
        <line num="21" count="11" type="stmt"/>
        <line num="22" count="4" type="stmt"/>
        <line num="23" count="4" type="stmt"/>
      </file>
      <file name="basicElementView.ts" path="/Users/nikita/Desktop/работа/Javascript/FSD-plugin/src/plugin/modules/subViews/basicElementView.ts">
        <metrics statements="19" coveredstatements="19" conditionals="6" coveredconditionals="6" methods="8" coveredmethods="8"/>
        <line num="7" count="120" type="stmt"/>
        <line num="23" count="120" type="stmt"/>
        <line num="24" count="120" type="stmt"/>
        <line num="25" count="120" type="stmt"/>
        <line num="26" count="120" type="stmt"/>
        <line num="30" count="104" type="stmt"/>
        <line num="34" count="93" type="stmt"/>
        <line num="35" count="93" type="stmt"/>
        <line num="39" count="15" type="stmt"/>
        <line num="40" count="15" type="stmt"/>
        <line num="44" count="53" type="stmt"/>
        <line num="45" count="53" type="stmt"/>
        <line num="55" count="13" type="cond" truecount="2" falsecount="0"/>
        <line num="56" count="12" type="stmt"/>
        <line num="57" count="12" type="stmt"/>
        <line num="59" count="1" type="stmt"/>
        <line num="64" count="5" type="stmt"/>
        <line num="68" count="101" type="cond" truecount="2" falsecount="0"/>
        <line num="72" count="8" type="stmt"/>
      </file>
      <file name="boundView.ts" path="/Users/nikita/Desktop/работа/Javascript/FSD-plugin/src/plugin/modules/subViews/boundView.ts">
        <metrics statements="6" coveredstatements="6" conditionals="1" coveredconditionals="0" methods="2" coveredmethods="2"/>
        <line num="6" count="8" type="stmt"/>
        <line num="15" count="6" type="stmt"/>
        <line num="16" count="6" type="stmt"/>
        <line num="17" count="6" type="stmt"/>
        <line num="21" count="6" type="stmt"/>
        <line num="22" count="6" type="stmt"/>
      </file>
      <file name="connectorView.ts" path="/Users/nikita/Desktop/работа/Javascript/FSD-plugin/src/plugin/modules/subViews/connectorView.ts">
        <metrics statements="22" coveredstatements="20" conditionals="12" coveredconditionals="8" methods="3" coveredmethods="3"/>
        <line num="8" count="8" type="stmt"/>
        <line num="20" count="6" type="stmt"/>
        <line num="21" count="6" type="stmt"/>
        <line num="22" count="6" type="stmt"/>
        <line num="24" count="6" type="cond" truecount="1" falsecount="1"/>
        <line num="25" count="0" type="stmt"/>
        <line num="26" count="6" type="cond" truecount="1" falsecount="1"/>
        <line num="27" count="0" type="stmt"/>
        <line num="30" count="6" type="stmt"/>
        <line num="34" count="14" type="stmt"/>
        <line num="35" count="14" type="stmt"/>
        <line num="37" count="14" type="cond" truecount="2" falsecount="0"/>
        <line num="38" count="13" type="stmt"/>
        <line num="40" count="1" type="stmt"/>
        <line num="43" count="14" type="cond" truecount="2" falsecount="0"/>
        <line num="44" count="3" type="stmt"/>
        <line num="45" count="3" type="stmt"/>
        <line num="47" count="11" type="stmt"/>
        <line num="48" count="11" type="stmt"/>
        <line num="51" count="14" type="stmt"/>
        <line num="53" count="14" type="stmt"/>
        <line num="57" count="6" type="cond" truecount="1" falsecount="1"/>
      </file>
      <file name="handlerView.ts" path="/Users/nikita/Desktop/работа/Javascript/FSD-plugin/src/plugin/modules/subViews/handlerView.ts">
        <metrics statements="55" coveredstatements="41" conditionals="32" coveredconditionals="23" methods="13" coveredmethods="8"/>
        <line num="10" count="8" type="stmt"/>
        <line num="12" count="21" type="stmt"/>
        <line num="13" count="21" type="stmt"/>
        <line num="15" count="21" type="stmt"/>
        <line num="16" count="21" type="stmt"/>
        <line num="32" count="21" type="stmt"/>
        <line num="33" count="21" type="stmt"/>
        <line num="34" count="21" type="stmt"/>
        <line num="35" count="21" type="stmt"/>
        <line num="37" count="21" type="cond" truecount="1" falsecount="1"/>
        <line num="38" count="0" type="stmt"/>
        <line num="40" count="21" type="cond" truecount="2" falsecount="0"/>
        <line num="41" count="14" type="stmt"/>
        <line num="43" count="21" type="cond" truecount="1" falsecount="1"/>
        <line num="44" count="0" type="stmt"/>
        <line num="47" count="21" type="stmt"/>
        <line num="51" count="21" type="stmt"/>
        <line num="53" count="21" type="cond" truecount="2" falsecount="0"/>
        <line num="55" count="21" type="stmt"/>
        <line num="56" count="0" type="stmt"/>
        <line num="57" count="0" type="cond" truecount="0" falsecount="2"/>
        <line num="58" count="0" type="stmt"/>
        <line num="59" count="0" type="stmt"/>
        <line num="60" count="0" type="stmt"/>
        <line num="62" count="0" type="stmt"/>
        <line num="63" count="0" type="cond" truecount="0" falsecount="2"/>
        <line num="64" count="0" type="stmt"/>
        <line num="65" count="0" type="stmt"/>
        <line num="71" count="21" type="stmt"/>
        <line num="72" count="1" type="stmt"/>
        <line num="73" count="1" type="stmt"/>
        <line num="74" count="1" type="stmt"/>
        <line num="75" count="0" type="stmt"/>
        <line num="77" count="1" type="stmt"/>
        <line num="78" count="0" type="stmt"/>
        <line num="79" count="0" type="stmt"/>
        <line num="88" count="34" type="cond" truecount="2" falsecount="0"/>
        <line num="89" count="34" type="cond" truecount="2" falsecount="0"/>
        <line num="91" count="34" type="cond" truecount="2" falsecount="0"/>
        <line num="92" count="7" type="stmt"/>
        <line num="94" count="27" type="stmt"/>
        <line num="97" count="34" type="stmt"/>
        <line num="99" count="34" type="cond" truecount="2" falsecount="0"/>
        <line num="100" count="34" type="cond" truecount="2" falsecount="0"/>
        <line num="102" count="34" type="stmt"/>
        <line num="106" count="5" type="stmt"/>
        <line num="107" count="5" type="cond" truecount="2" falsecount="0"/>
        <line num="108" count="2" type="stmt"/>
        <line num="110" count="3" type="stmt"/>
        <line num="115" count="18" type="stmt"/>
        <line num="116" count="18" type="cond" truecount="2" falsecount="0"/>
        <line num="117" count="7" type="stmt"/>
        <line num="119" count="11" type="stmt"/>
        <line num="124" count="2" type="stmt"/>
        <line num="128" count="4" type="stmt"/>
      </file>
      <file name="inputView.ts" path="/Users/nikita/Desktop/работа/Javascript/FSD-plugin/src/plugin/modules/subViews/inputView.ts">
        <metrics statements="10" coveredstatements="10" conditionals="5" coveredconditionals="4" methods="3" coveredmethods="3"/>
        <line num="16" count="11" type="stmt"/>
        <line num="17" count="11" type="stmt"/>
        <line num="21" count="11" type="stmt"/>
        <line num="22" count="11" type="stmt"/>
        <line num="26" count="18" type="cond" truecount="1" falsecount="1"/>
        <line num="27" count="18" type="cond" truecount="2" falsecount="0"/>
        <line num="28" count="16" type="stmt"/>
        <line num="35" count="2" type="stmt"/>
        <line num="37" count="18" type="stmt"/>
        <line num="39" count="18" type="stmt"/>
      </file>
      <file name="markView.ts" path="/Users/nikita/Desktop/работа/Javascript/FSD-plugin/src/plugin/modules/subViews/markView.ts">
        <metrics statements="23" coveredstatements="21" conditionals="9" coveredconditionals="5" methods="4" coveredmethods="4"/>
        <line num="7" count="8" type="stmt"/>
        <line num="8" count="8" type="stmt"/>
        <line num="9" count="11" type="stmt"/>
        <line num="10" count="11" type="stmt"/>
        <line num="21" count="11" type="stmt"/>
        <line num="22" count="11" type="stmt"/>
        <line num="23" count="11" type="stmt"/>
        <line num="25" count="11" type="cond" truecount="1" falsecount="1"/>
        <line num="26" count="11" type="stmt"/>
        <line num="27" count="11" type="stmt"/>
        <line num="28" count="11" type="stmt"/>
        <line num="30" count="11" type="cond" truecount="1" falsecount="1"/>
        <line num="31" count="0" type="stmt"/>
        <line num="34" count="11" type="cond" truecount="1" falsecount="1"/>
        <line num="35" count="11" type="stmt"/>
        <line num="37" count="11" type="stmt"/>
        <line num="41" count="11" type="cond" truecount="1" falsecount="1"/>
        <line num="42" count="0" type="stmt"/>
        <line num="44" count="11" type="stmt"/>
        <line num="49" count="11" type="stmt"/>
        <line num="51" count="11" type="stmt"/>
        <line num="52" count="2" type="stmt"/>
        <line num="53" count="2" type="stmt"/>
      </file>
      <file name="progressBarView.ts" path="/Users/nikita/Desktop/работа/Javascript/FSD-plugin/src/plugin/modules/subViews/progressBarView.ts">
        <metrics statements="15" coveredstatements="13" conditionals="9" coveredconditionals="6" methods="3" coveredmethods="3"/>
        <line num="8" count="8" type="stmt"/>
        <line num="17" count="2" type="stmt"/>
        <line num="18" count="2" type="stmt"/>
        <line num="20" count="2" type="cond" truecount="1" falsecount="1"/>
        <line num="21" count="0" type="stmt"/>
        <line num="22" count="2" type="cond" truecount="1" falsecount="1"/>
        <line num="23" count="0" type="stmt"/>
        <line num="26" count="2" type="stmt"/>
        <line num="30" count="2" type="stmt"/>
        <line num="32" count="2" type="cond" truecount="2" falsecount="0"/>
        <line num="33" count="1" type="stmt"/>
        <line num="35" count="1" type="stmt"/>
        <line num="38" count="2" type="stmt"/>
        <line num="40" count="2" type="stmt"/>
        <line num="44" count="2" type="cond" truecount="1" falsecount="1"/>
      </file>
      <file name="resultView.ts" path="/Users/nikita/Desktop/работа/Javascript/FSD-plugin/src/plugin/modules/subViews/resultView.ts">
        <metrics statements="9" coveredstatements="9" conditionals="4" coveredconditionals="2" methods="2" coveredmethods="2"/>
        <line num="6" count="8" type="stmt"/>
        <line num="15" count="3" type="stmt"/>
        <line num="16" count="3" type="stmt"/>
        <line num="17" count="3" type="stmt"/>
        <line num="21" count="6" type="cond" truecount="2" falsecount="0"/>
        <line num="22" count="3" type="stmt"/>
        <line num="24" count="6" type="stmt"/>
        <line num="25" count="6" type="stmt"/>
        <line num="27" count="6" type="stmt"/>
      </file>
      <file name="tooltipView.ts" path="/Users/nikita/Desktop/работа/Javascript/FSD-plugin/src/plugin/modules/subViews/tooltipView.ts">
        <metrics statements="11" coveredstatements="11" conditionals="2" coveredconditionals="1" methods="3" coveredmethods="3"/>
        <line num="7" count="8" type="stmt"/>
        <line num="9" count="14" type="stmt"/>
        <line num="12" count="14" type="stmt"/>
        <line num="13" count="14" type="stmt"/>
        <line num="15" count="14" type="cond" truecount="1" falsecount="1"/>
        <line num="16" count="14" type="stmt"/>
        <line num="19" count="14" type="stmt"/>
        <line num="23" count="22" type="stmt"/>
        <line num="27" count="22" type="stmt"/>
        <line num="29" count="22" type="stmt"/>
        <line num="31" count="22" type="stmt"/>
      </file>
    </package>
  </project>
</coverage>
