{"/Users/nikita/Desktop/работа/Javascript/FSD-plugin/src/plugin/modules/model.ts": {"path":"/Users/nikita/Desktop/работа/Javascript/FSD-plugin/src/plugin/modules/model.ts","statementMap":{"0":{"start":{"line":8,"column":32},"end":{"line":37,"column":3}},"1":{"start":{"line":40,"column":35},"end":{"line":40,"column":36}},"2":{"start":{"line":41,"column":33},"end":{"line":41,"column":34}},"3":{"start":{"line":42,"column":28},"end":{"line":42,"column":29}},"4":{"start":{"line":45,"column":4},"end":{"line":45,"column":28}},"5":{"start":{"line":49,"column":4},"end":{"line":49,"column":26}},"6":{"start":{"line":53,"column":4},"end":{"line":53,"column":24}},"7":{"start":{"line":57,"column":4},"end":{"line":89,"column":5}},"8":{"start":{"line":58,"column":6},"end":{"line":88,"column":7}},"9":{"start":{"line":60,"column":20},"end":{"line":60,"column":41}},"10":{"start":{"line":61,"column":8},"end":{"line":77,"column":9}},"11":{"start":{"line":62,"column":10},"end":{"line":68,"column":11}},"12":{"start":{"line":62,"column":23},"end":{"line":62,"column":24}},"13":{"start":{"line":63,"column":12},"end":{"line":67,"column":13}},"14":{"start":{"line":64,"column":24},"end":{"line":64,"column":30}},"15":{"start":{"line":65,"column":14},"end":{"line":65,"column":34}},"16":{"start":{"line":66,"column":14},"end":{"line":66,"column":31}},"17":{"start":{"line":70,"column":10},"end":{"line":76,"column":11}},"18":{"start":{"line":70,"column":23},"end":{"line":70,"column":24}},"19":{"start":{"line":71,"column":12},"end":{"line":75,"column":13}},"20":{"start":{"line":72,"column":24},"end":{"line":72,"column":30}},"21":{"start":{"line":73,"column":14},"end":{"line":73,"column":34}},"22":{"start":{"line":74,"column":14},"end":{"line":74,"column":31}},"23":{"start":{"line":78,"column":8},"end":{"line":78,"column":19}},"24":{"start":{"line":80,"column":8},"end":{"line":84,"column":9}},"25":{"start":{"line":81,"column":10},"end":{"line":83,"column":13}},"26":{"start":{"line":82,"column":12},"end":{"line":82,"column":25}},"27":{"start":{"line":85,"column":8},"end":{"line":87,"column":11}},"28":{"start":{"line":86,"column":10},"end":{"line":86,"column":23}},"29":{"start":{"line":90,"column":4},"end":{"line":90,"column":24}},"30":{"start":{"line":94,"column":27},"end":{"line":94,"column":56}},"31":{"start":{"line":95,"column":25},"end":{"line":95,"column":42}},"32":{"start":{"line":96,"column":26},"end":{"line":96,"column":37}},"33":{"start":{"line":97,"column":4},"end":{"line":107,"column":5}},"34":{"start":{"line":98,"column":6},"end":{"line":104,"column":9}},"35":{"start":{"line":102,"column":22},"end":{"line":102,"column":46}},"36":{"start":{"line":103,"column":8},"end":{"line":103,"column":66}},"37":{"start":{"line":106,"column":6},"end":{"line":106,"column":37}},"38":{"start":{"line":108,"column":4},"end":{"line":108,"column":27}},"39":{"start":{"line":112,"column":4},"end":{"line":118,"column":62}},"40":{"start":{"line":113,"column":6},"end":{"line":117,"column":60}},"41":{"start":{"line":114,"column":8},"end":{"line":114,"column":33}},"42":{"start":{"line":115,"column":8},"end":{"line":115,"column":37}},"43":{"start":{"line":116,"column":8},"end":{"line":116,"column":33}},"44":{"start":{"line":117,"column":13},"end":{"line":117,"column":60}},"45":{"start":{"line":118,"column":11},"end":{"line":118,"column":62}},"46":{"start":{"line":122,"column":4},"end":{"line":122,"column":59}},"47":{"start":{"line":123,"column":4},"end":{"line":127,"column":5}},"48":{"start":{"line":124,"column":6},"end":{"line":124,"column":48}},"49":{"start":{"line":126,"column":6},"end":{"line":126,"column":69}},"50":{"start":{"line":128,"column":4},"end":{"line":128,"column":32}},"51":{"start":{"line":132,"column":4},"end":{"line":132,"column":35}},"52":{"start":{"line":136,"column":21},"end":{"line":136,"column":34}},"53":{"start":{"line":137,"column":20},"end":{"line":137,"column":42}},"54":{"start":{"line":139,"column":16},"end":{"line":139,"column":32}},"55":{"start":{"line":140,"column":4},"end":{"line":140,"column":41}},"56":{"start":{"line":142,"column":4},"end":{"line":150,"column":5}},"57":{"start":{"line":143,"column":6},"end":{"line":149,"column":7}},"58":{"start":{"line":144,"column":8},"end":{"line":144,"column":37}},"59":{"start":{"line":145,"column":13},"end":{"line":149,"column":7}},"60":{"start":{"line":146,"column":8},"end":{"line":146,"column":52}},"61":{"start":{"line":148,"column":8},"end":{"line":148,"column":86}},"62":{"start":{"line":152,"column":4},"end":{"line":154,"column":29}},"63":{"start":{"line":155,"column":4},"end":{"line":155,"column":68}},"64":{"start":{"line":157,"column":4},"end":{"line":162,"column":5}},"65":{"start":{"line":159,"column":6},"end":{"line":159,"column":19}},"66":{"start":{"line":160,"column":11},"end":{"line":162,"column":5}},"67":{"start":{"line":161,"column":6},"end":{"line":161,"column":26}},"68":{"start":{"line":163,"column":4},"end":{"line":163,"column":24}},"69":{"start":{"line":168,"column":21},"end":{"line":168,"column":34}},"70":{"start":{"line":169,"column":16},"end":{"line":169,"column":38}},"71":{"start":{"line":171,"column":4},"end":{"line":175,"column":5}},"72":{"start":{"line":172,"column":6},"end":{"line":172,"column":22}},"73":{"start":{"line":174,"column":6},"end":{"line":174,"column":38}},"74":{"start":{"line":178,"column":4},"end":{"line":184,"column":5}},"75":{"start":{"line":179,"column":6},"end":{"line":179,"column":42}},"76":{"start":{"line":180,"column":6},"end":{"line":180,"column":68}},"77":{"start":{"line":182,"column":6},"end":{"line":182,"column":41}},"78":{"start":{"line":183,"column":6},"end":{"line":183,"column":69}},"79":{"start":{"line":186,"column":4},"end":{"line":186,"column":45}},"80":{"start":{"line":187,"column":4},"end":{"line":187,"column":41}},"81":{"start":{"line":189,"column":4},"end":{"line":197,"column":5}},"82":{"start":{"line":190,"column":6},"end":{"line":196,"column":7}},"83":{"start":{"line":191,"column":8},"end":{"line":191,"column":37}},"84":{"start":{"line":192,"column":13},"end":{"line":196,"column":7}},"85":{"start":{"line":193,"column":8},"end":{"line":193,"column":52}},"86":{"start":{"line":195,"column":8},"end":{"line":195,"column":86}},"87":{"start":{"line":199,"column":4},"end":{"line":201,"column":29}},"88":{"start":{"line":202,"column":4},"end":{"line":202,"column":68}},"89":{"start":{"line":204,"column":4},"end":{"line":209,"column":5}},"90":{"start":{"line":206,"column":6},"end":{"line":206,"column":19}},"91":{"start":{"line":207,"column":11},"end":{"line":209,"column":5}},"92":{"start":{"line":208,"column":6},"end":{"line":208,"column":26}},"93":{"start":{"line":210,"column":4},"end":{"line":210,"column":24}},"94":{"start":{"line":215,"column":4},"end":{"line":223,"column":5}},"95":{"start":{"line":216,"column":19},"end":{"line":216,"column":23}},"96":{"start":{"line":217,"column":6},"end":{"line":219,"column":9}},"97":{"start":{"line":218,"column":8},"end":{"line":218,"column":51}},"98":{"start":{"line":218,"column":36},"end":{"line":218,"column":51}},"99":{"start":{"line":220,"column":6},"end":{"line":220,"column":20}},"100":{"start":{"line":222,"column":6},"end":{"line":222,"column":70}},"101":{"start":{"line":227,"column":4},"end":{"line":227,"column":66}},"102":{"start":{"line":227,"column":25},"end":{"line":227,"column":66}}},"fnMap":{"0":{"name":"(anonymous_0)","decl":{"start":{"line":44,"column":2},"end":{"line":44,"column":3}},"loc":{"start":{"line":44,"column":34},"end":{"line":46,"column":3}},"line":44},"1":{"name":"(anonymous_1)","decl":{"start":{"line":48,"column":2},"end":{"line":48,"column":3}},"loc":{"start":{"line":48,"column":27},"end":{"line":50,"column":3}},"line":48},"2":{"name":"(anonymous_2)","decl":{"start":{"line":52,"column":2},"end":{"line":52,"column":3}},"loc":{"start":{"line":52,"column":23},"end":{"line":54,"column":3}},"line":52},"3":{"name":"(anonymous_3)","decl":{"start":{"line":56,"column":2},"end":{"line":56,"column":3}},"loc":{"start":{"line":56,"column":29},"end":{"line":91,"column":3}},"line":56},"4":{"name":"(anonymous_4)","decl":{"start":{"line":81,"column":44},"end":{"line":81,"column":45}},"loc":{"start":{"line":81,"column":83},"end":{"line":83,"column":11}},"line":81},"5":{"name":"(anonymous_5)","decl":{"start":{"line":85,"column":42},"end":{"line":85,"column":43}},"loc":{"start":{"line":85,"column":81},"end":{"line":87,"column":9}},"line":85},"6":{"name":"(anonymous_6)","decl":{"start":{"line":93,"column":2},"end":{"line":93,"column":3}},"loc":{"start":{"line":93,"column":32},"end":{"line":109,"column":3}},"line":93},"7":{"name":"(anonymous_7)","decl":{"start":{"line":98,"column":59},"end":{"line":98,"column":60}},"loc":{"start":{"line":101,"column":16},"end":{"line":104,"column":7}},"line":101},"8":{"name":"(anonymous_8)","decl":{"start":{"line":111,"column":2},"end":{"line":111,"column":3}},"loc":{"start":{"line":111,"column":32},"end":{"line":119,"column":3}},"line":111},"9":{"name":"(anonymous_9)","decl":{"start":{"line":121,"column":2},"end":{"line":121,"column":3}},"loc":{"start":{"line":121,"column":38},"end":{"line":129,"column":3}},"line":121},"10":{"name":"(anonymous_10)","decl":{"start":{"line":131,"column":2},"end":{"line":131,"column":3}},"loc":{"start":{"line":131,"column":41},"end":{"line":133,"column":3}},"line":131},"11":{"name":"(anonymous_11)","decl":{"start":{"line":135,"column":2},"end":{"line":135,"column":3}},"loc":{"start":{"line":135,"column":57},"end":{"line":164,"column":3}},"line":135},"12":{"name":"(anonymous_12)","decl":{"start":{"line":166,"column":2},"end":{"line":166,"column":3}},"loc":{"start":{"line":166,"column":66},"end":{"line":211,"column":3}},"line":166},"13":{"name":"(anonymous_13)","decl":{"start":{"line":213,"column":2},"end":{"line":213,"column":3}},"loc":{"start":{"line":213,"column":53},"end":{"line":224,"column":3}},"line":213},"14":{"name":"(anonymous_14)","decl":{"start":{"line":217,"column":20},"end":{"line":217,"column":21}},"loc":{"start":{"line":217,"column":28},"end":{"line":219,"column":7}},"line":217},"15":{"name":"(anonymous_15)","decl":{"start":{"line":226,"column":2},"end":{"line":226,"column":3}},"loc":{"start":{"line":226,"column":50},"end":{"line":228,"column":3}},"line":226}},"branchMap":{"0":{"loc":{"start":{"line":57,"column":4},"end":{"line":89,"column":5}},"type":"if","locations":[{"start":{"line":57,"column":4},"end":{"line":89,"column":5}},{"start":{"line":57,"column":4},"end":{"line":89,"column":5}}],"line":57},"1":{"loc":{"start":{"line":58,"column":6},"end":{"line":88,"column":7}},"type":"if","locations":[{"start":{"line":58,"column":6},"end":{"line":88,"column":7}},{"start":{"line":58,"column":6},"end":{"line":88,"column":7}}],"line":58},"2":{"loc":{"start":{"line":58,"column":10},"end":{"line":58,"column":71}},"type":"binary-expr","locations":[{"start":{"line":58,"column":10},"end":{"line":58,"column":38}},{"start":{"line":58,"column":42},"end":{"line":58,"column":71}}],"line":58},"3":{"loc":{"start":{"line":61,"column":8},"end":{"line":77,"column":9}},"type":"if","locations":[{"start":{"line":61,"column":8},"end":{"line":77,"column":9}},{"start":{"line":61,"column":8},"end":{"line":77,"column":9}}],"line":61},"4":{"loc":{"start":{"line":63,"column":12},"end":{"line":67,"column":13}},"type":"if","locations":[{"start":{"line":63,"column":12},"end":{"line":67,"column":13}},{"start":{"line":63,"column":12},"end":{"line":67,"column":13}}],"line":63},"5":{"loc":{"start":{"line":71,"column":12},"end":{"line":75,"column":13}},"type":"if","locations":[{"start":{"line":71,"column":12},"end":{"line":75,"column":13}},{"start":{"line":71,"column":12},"end":{"line":75,"column":13}}],"line":71},"6":{"loc":{"start":{"line":80,"column":8},"end":{"line":84,"column":9}},"type":"if","locations":[{"start":{"line":80,"column":8},"end":{"line":84,"column":9}},{"start":{"line":80,"column":8},"end":{"line":84,"column":9}}],"line":80},"7":{"loc":{"start":{"line":97,"column":4},"end":{"line":107,"column":5}},"type":"if","locations":[{"start":{"line":97,"column":4},"end":{"line":107,"column":5}},{"start":{"line":97,"column":4},"end":{"line":107,"column":5}}],"line":97},"8":{"loc":{"start":{"line":103,"column":15},"end":{"line":103,"column":65}},"type":"cond-expr","locations":[{"start":{"line":103,"column":43},"end":{"line":103,"column":56}},{"start":{"line":103,"column":59},"end":{"line":103,"column":65}}],"line":103},"9":{"loc":{"start":{"line":112,"column":4},"end":{"line":118,"column":62}},"type":"if","locations":[{"start":{"line":112,"column":4},"end":{"line":118,"column":62}},{"start":{"line":112,"column":4},"end":{"line":118,"column":62}}],"line":112},"10":{"loc":{"start":{"line":113,"column":6},"end":{"line":117,"column":60}},"type":"if","locations":[{"start":{"line":113,"column":6},"end":{"line":117,"column":60}},{"start":{"line":113,"column":6},"end":{"line":117,"column":60}}],"line":113},"11":{"loc":{"start":{"line":123,"column":4},"end":{"line":127,"column":5}},"type":"if","locations":[{"start":{"line":123,"column":4},"end":{"line":127,"column":5}},{"start":{"line":123,"column":4},"end":{"line":127,"column":5}}],"line":123},"12":{"loc":{"start":{"line":142,"column":4},"end":{"line":150,"column":5}},"type":"if","locations":[{"start":{"line":142,"column":4},"end":{"line":150,"column":5}},{"start":{"line":142,"column":4},"end":{"line":150,"column":5}}],"line":142},"13":{"loc":{"start":{"line":142,"column":8},"end":{"line":142,"column":92}},"type":"binary-expr","locations":[{"start":{"line":142,"column":9},"end":{"line":142,"column":25}},{"start":{"line":142,"column":29},"end":{"line":142,"column":47}},{"start":{"line":142,"column":53},"end":{"line":142,"column":70}},{"start":{"line":142,"column":74},"end":{"line":142,"column":91}}],"line":142},"14":{"loc":{"start":{"line":143,"column":6},"end":{"line":149,"column":7}},"type":"if","locations":[{"start":{"line":143,"column":6},"end":{"line":149,"column":7}},{"start":{"line":143,"column":6},"end":{"line":149,"column":7}}],"line":143},"15":{"loc":{"start":{"line":143,"column":10},"end":{"line":143,"column":48}},"type":"binary-expr","locations":[{"start":{"line":143,"column":10},"end":{"line":143,"column":27}},{"start":{"line":143,"column":31},"end":{"line":143,"column":48}}],"line":143},"16":{"loc":{"start":{"line":145,"column":13},"end":{"line":149,"column":7}},"type":"if","locations":[{"start":{"line":145,"column":13},"end":{"line":149,"column":7}},{"start":{"line":145,"column":13},"end":{"line":149,"column":7}}],"line":145},"17":{"loc":{"start":{"line":145,"column":17},"end":{"line":145,"column":53}},"type":"binary-expr","locations":[{"start":{"line":145,"column":17},"end":{"line":145,"column":33}},{"start":{"line":145,"column":37},"end":{"line":145,"column":53}}],"line":145},"18":{"loc":{"start":{"line":152,"column":12},"end":{"line":154,"column":28}},"type":"cond-expr","locations":[{"start":{"line":153,"column":8},"end":{"line":153,"column":78}},{"start":{"line":154,"column":8},"end":{"line":154,"column":28}}],"line":152},"19":{"loc":{"start":{"line":155,"column":12},"end":{"line":155,"column":67}},"type":"cond-expr","locations":[{"start":{"line":155,"column":22},"end":{"line":155,"column":59}},{"start":{"line":155,"column":62},"end":{"line":155,"column":67}}],"line":155},"20":{"loc":{"start":{"line":157,"column":4},"end":{"line":162,"column":5}},"type":"if","locations":[{"start":{"line":157,"column":4},"end":{"line":162,"column":5}},{"start":{"line":157,"column":4},"end":{"line":162,"column":5}}],"line":157},"21":{"loc":{"start":{"line":157,"column":8},"end":{"line":157,"column":54}},"type":"binary-expr","locations":[{"start":{"line":157,"column":8},"end":{"line":157,"column":29}},{"start":{"line":157,"column":33},"end":{"line":157,"column":54}}],"line":157},"22":{"loc":{"start":{"line":160,"column":11},"end":{"line":162,"column":5}},"type":"if","locations":[{"start":{"line":160,"column":11},"end":{"line":162,"column":5}},{"start":{"line":160,"column":11},"end":{"line":162,"column":5}}],"line":160},"23":{"loc":{"start":{"line":171,"column":4},"end":{"line":175,"column":5}},"type":"if","locations":[{"start":{"line":171,"column":4},"end":{"line":175,"column":5}},{"start":{"line":171,"column":4},"end":{"line":175,"column":5}}],"line":171},"24":{"loc":{"start":{"line":178,"column":4},"end":{"line":184,"column":5}},"type":"if","locations":[{"start":{"line":178,"column":4},"end":{"line":184,"column":5}},{"start":{"line":178,"column":4},"end":{"line":184,"column":5}}],"line":178},"25":{"loc":{"start":{"line":189,"column":4},"end":{"line":197,"column":5}},"type":"if","locations":[{"start":{"line":189,"column":4},"end":{"line":197,"column":5}},{"start":{"line":189,"column":4},"end":{"line":197,"column":5}}],"line":189},"26":{"loc":{"start":{"line":189,"column":8},"end":{"line":189,"column":92}},"type":"binary-expr","locations":[{"start":{"line":189,"column":9},"end":{"line":189,"column":25}},{"start":{"line":189,"column":29},"end":{"line":189,"column":47}},{"start":{"line":189,"column":53},"end":{"line":189,"column":70}},{"start":{"line":189,"column":74},"end":{"line":189,"column":91}}],"line":189},"27":{"loc":{"start":{"line":190,"column":6},"end":{"line":196,"column":7}},"type":"if","locations":[{"start":{"line":190,"column":6},"end":{"line":196,"column":7}},{"start":{"line":190,"column":6},"end":{"line":196,"column":7}}],"line":190},"28":{"loc":{"start":{"line":190,"column":10},"end":{"line":190,"column":48}},"type":"binary-expr","locations":[{"start":{"line":190,"column":10},"end":{"line":190,"column":27}},{"start":{"line":190,"column":31},"end":{"line":190,"column":48}}],"line":190},"29":{"loc":{"start":{"line":192,"column":13},"end":{"line":196,"column":7}},"type":"if","locations":[{"start":{"line":192,"column":13},"end":{"line":196,"column":7}},{"start":{"line":192,"column":13},"end":{"line":196,"column":7}}],"line":192},"30":{"loc":{"start":{"line":192,"column":17},"end":{"line":192,"column":53}},"type":"binary-expr","locations":[{"start":{"line":192,"column":17},"end":{"line":192,"column":33}},{"start":{"line":192,"column":37},"end":{"line":192,"column":53}}],"line":192},"31":{"loc":{"start":{"line":199,"column":12},"end":{"line":201,"column":28}},"type":"cond-expr","locations":[{"start":{"line":200,"column":8},"end":{"line":200,"column":78}},{"start":{"line":201,"column":8},"end":{"line":201,"column":28}}],"line":199},"32":{"loc":{"start":{"line":202,"column":12},"end":{"line":202,"column":67}},"type":"cond-expr","locations":[{"start":{"line":202,"column":22},"end":{"line":202,"column":59}},{"start":{"line":202,"column":62},"end":{"line":202,"column":67}}],"line":202},"33":{"loc":{"start":{"line":204,"column":4},"end":{"line":209,"column":5}},"type":"if","locations":[{"start":{"line":204,"column":4},"end":{"line":209,"column":5}},{"start":{"line":204,"column":4},"end":{"line":209,"column":5}}],"line":204},"34":{"loc":{"start":{"line":204,"column":8},"end":{"line":204,"column":54}},"type":"binary-expr","locations":[{"start":{"line":204,"column":8},"end":{"line":204,"column":29}},{"start":{"line":204,"column":33},"end":{"line":204,"column":54}}],"line":204},"35":{"loc":{"start":{"line":207,"column":11},"end":{"line":209,"column":5}},"type":"if","locations":[{"start":{"line":207,"column":11},"end":{"line":209,"column":5}},{"start":{"line":207,"column":11},"end":{"line":209,"column":5}}],"line":207},"36":{"loc":{"start":{"line":215,"column":4},"end":{"line":223,"column":5}},"type":"if","locations":[{"start":{"line":215,"column":4},"end":{"line":223,"column":5}},{"start":{"line":215,"column":4},"end":{"line":223,"column":5}}],"line":215},"37":{"loc":{"start":{"line":218,"column":8},"end":{"line":218,"column":51}},"type":"if","locations":[{"start":{"line":218,"column":8},"end":{"line":218,"column":51}},{"start":{"line":218,"column":8},"end":{"line":218,"column":51}}],"line":218},"38":{"loc":{"start":{"line":222,"column":13},"end":{"line":222,"column":69}},"type":"binary-expr","locations":[{"start":{"line":222,"column":13},"end":{"line":222,"column":39}},{"start":{"line":222,"column":43},"end":{"line":222,"column":69}}],"line":222},"39":{"loc":{"start":{"line":227,"column":4},"end":{"line":227,"column":66}},"type":"if","locations":[{"start":{"line":227,"column":4},"end":{"line":227,"column":66}},{"start":{"line":227,"column":4},"end":{"line":227,"column":66}}],"line":227}},"s":{"0":8,"1":8,"2":8,"3":8,"4":8,"5":594,"6":24,"7":33,"8":18,"9":14,"10":14,"11":3,"12":3,"13":6,"14":0,"15":0,"16":0,"17":11,"18":11,"19":12,"20":4,"21":4,"22":4,"23":14,"24":4,"25":1,"26":6,"27":3,"28":6,"29":15,"30":9,"31":9,"32":9,"33":9,"34":1,"35":6,"36":6,"37":8,"38":1,"39":2,"40":2,"41":2,"42":2,"43":2,"44":0,"45":0,"46":12,"47":12,"48":12,"49":0,"50":12,"51":7,"52":19,"53":19,"54":19,"55":19,"56":19,"57":0,"58":0,"59":0,"60":0,"61":0,"62":19,"63":19,"64":19,"65":19,"66":0,"67":0,"68":0,"69":14,"70":14,"71":14,"72":10,"73":4,"74":14,"75":2,"76":2,"77":12,"78":12,"79":14,"80":14,"81":14,"82":3,"83":1,"84":2,"85":0,"86":2,"87":14,"88":14,"89":14,"90":8,"91":6,"92":2,"93":4,"94":47,"95":14,"96":14,"97":29,"98":0,"99":14,"100":33,"101":16,"102":6},"f":{"0":8,"1":594,"2":24,"3":33,"4":6,"5":6,"6":9,"7":6,"8":2,"9":12,"10":7,"11":19,"12":14,"13":47,"14":29,"15":16},"b":{"0":[18,15],"1":[14,4],"2":[18,16],"3":[3,11],"4":[0,6],"5":[4,8],"6":[1,3],"7":[1,8],"8":[4,2],"9":[2,0],"10":[2,0],"11":[12,0],"12":[0,19],"13":[19,0,19,19],"14":[0,0],"15":[0,0],"16":[0,0],"17":[0,0],"18":[13,6],"19":[19,0],"20":[19,0],"21":[19,19],"22":[0,0],"23":[10,4],"24":[2,12],"25":[3,11],"26":[14,3,12,11],"27":[1,2],"28":[3,3],"29":[0,2],"30":[2,0],"31":[4,10],"32":[14,0],"33":[8,6],"34":[14,10],"35":[2,4],"36":[14,33],"37":[0,29],"38":[33,33],"39":[6,10]},"_coverageSchema":"1a1c01bbd47fc00a2c39e90264f33305004495a9","hash":"077894666eed54edc5bde6bd5922f48de98fc8cf"}
,"/Users/nikita/Desktop/работа/Javascript/FSD-plugin/src/plugin/modules/presenter.ts": {"path":"/Users/nikita/Desktop/работа/Javascript/FSD-plugin/src/plugin/modules/presenter.ts","statementMap":{"0":{"start":{"line":11,"column":35},"end":{"line":11,"column":37}},"1":{"start":{"line":20,"column":4},"end":{"line":20,"column":24}},"2":{"start":{"line":21,"column":4},"end":{"line":21,"column":33}},"3":{"start":{"line":22,"column":4},"end":{"line":22,"column":22}},"4":{"start":{"line":23,"column":4},"end":{"line":23,"column":32}},"5":{"start":{"line":24,"column":4},"end":{"line":24,"column":57}},"6":{"start":{"line":28,"column":4},"end":{"line":38,"column":7}},"7":{"start":{"line":29,"column":20},"end":{"line":29,"column":49}},"8":{"start":{"line":30,"column":21},"end":{"line":30,"column":46}},"9":{"start":{"line":31,"column":6},"end":{"line":31,"column":42}},"10":{"start":{"line":32,"column":6},"end":{"line":32,"column":40}},"11":{"start":{"line":33,"column":6},"end":{"line":35,"column":7}},"12":{"start":{"line":34,"column":8},"end":{"line":34,"column":59}},"13":{"start":{"line":36,"column":6},"end":{"line":36,"column":32}},"14":{"start":{"line":37,"column":6},"end":{"line":37,"column":33}},"15":{"start":{"line":40,"column":4},"end":{"line":43,"column":7}},"16":{"start":{"line":41,"column":6},"end":{"line":41,"column":78}},"17":{"start":{"line":41,"column":31},"end":{"line":41,"column":78}},"18":{"start":{"line":42,"column":6},"end":{"line":42,"column":29}},"19":{"start":{"line":45,"column":4},"end":{"line":60,"column":5}},"20":{"start":{"line":46,"column":6},"end":{"line":59,"column":9}},"21":{"start":{"line":50,"column":22},"end":{"line":50,"column":51}},"22":{"start":{"line":51,"column":23},"end":{"line":51,"column":48}},"23":{"start":{"line":52,"column":27},"end":{"line":52,"column":58}},"24":{"start":{"line":53,"column":8},"end":{"line":58,"column":9}},"25":{"start":{"line":54,"column":10},"end":{"line":54,"column":38}},"26":{"start":{"line":55,"column":10},"end":{"line":55,"column":53}},"27":{"start":{"line":56,"column":10},"end":{"line":56,"column":36}},"28":{"start":{"line":57,"column":10},"end":{"line":57,"column":32}},"29":{"start":{"line":62,"column":4},"end":{"line":73,"column":5}},"30":{"start":{"line":63,"column":6},"end":{"line":72,"column":9}},"31":{"start":{"line":64,"column":22},"end":{"line":64,"column":64}},"32":{"start":{"line":65,"column":27},"end":{"line":65,"column":63}},"33":{"start":{"line":66,"column":8},"end":{"line":71,"column":9}},"34":{"start":{"line":67,"column":10},"end":{"line":67,"column":38}},"35":{"start":{"line":68,"column":10},"end":{"line":68,"column":53}},"36":{"start":{"line":69,"column":10},"end":{"line":69,"column":36}},"37":{"start":{"line":70,"column":10},"end":{"line":70,"column":32}},"38":{"start":{"line":75,"column":4},"end":{"line":77,"column":7}},"39":{"start":{"line":76,"column":6},"end":{"line":76,"column":19}},"40":{"start":{"line":79,"column":4},"end":{"line":90,"column":7}},"41":{"start":{"line":80,"column":6},"end":{"line":80,"column":53}},"42":{"start":{"line":81,"column":6},"end":{"line":83,"column":7}},"43":{"start":{"line":82,"column":8},"end":{"line":82,"column":59}},"44":{"start":{"line":84,"column":6},"end":{"line":87,"column":9}},"45":{"start":{"line":85,"column":22},"end":{"line":85,"column":41}},"46":{"start":{"line":86,"column":8},"end":{"line":86,"column":57}},"47":{"start":{"line":88,"column":6},"end":{"line":88,"column":33}},"48":{"start":{"line":89,"column":6},"end":{"line":89,"column":29}},"49":{"start":{"line":94,"column":4},"end":{"line":94,"column":36}},"50":{"start":{"line":98,"column":4},"end":{"line":98,"column":30}},"51":{"start":{"line":102,"column":4},"end":{"line":102,"column":36}},"52":{"start":{"line":106,"column":4},"end":{"line":106,"column":39}},"53":{"start":{"line":110,"column":4},"end":{"line":110,"column":32}},"54":{"start":{"line":114,"column":4},"end":{"line":114,"column":39}},"55":{"start":{"line":118,"column":4},"end":{"line":118,"column":35}},"56":{"start":{"line":122,"column":0},"end":{"line":122,"column":43}}},"fnMap":{"0":{"name":"(anonymous_0)","decl":{"start":{"line":19,"column":2},"end":{"line":19,"column":3}},"loc":{"start":{"line":19,"column":40},"end":{"line":91,"column":3}},"line":19},"1":{"name":"(anonymous_1)","decl":{"start":{"line":28,"column":28},"end":{"line":28,"column":29}},"loc":{"start":{"line":28,"column":75},"end":{"line":38,"column":5}},"line":28},"2":{"name":"(anonymous_2)","decl":{"start":{"line":40,"column":26},"end":{"line":40,"column":27}},"loc":{"start":{"line":40,"column":37},"end":{"line":43,"column":5}},"line":40},"3":{"name":"(anonymous_3)","decl":{"start":{"line":46,"column":65},"end":{"line":46,"column":66}},"loc":{"start":{"line":49,"column":8},"end":{"line":59,"column":7}},"line":49},"4":{"name":"(anonymous_4)","decl":{"start":{"line":63,"column":29},"end":{"line":63,"column":30}},"loc":{"start":{"line":63,"column":54},"end":{"line":72,"column":7}},"line":63},"5":{"name":"(anonymous_5)","decl":{"start":{"line":75,"column":27},"end":{"line":75,"column":28}},"loc":{"start":{"line":75,"column":38},"end":{"line":77,"column":5}},"line":75},"6":{"name":"(anonymous_6)","decl":{"start":{"line":79,"column":24},"end":{"line":79,"column":25}},"loc":{"start":{"line":79,"column":35},"end":{"line":90,"column":5}},"line":79},"7":{"name":"(anonymous_7)","decl":{"start":{"line":84,"column":37},"end":{"line":84,"column":38}},"loc":{"start":{"line":84,"column":78},"end":{"line":87,"column":7}},"line":84},"8":{"name":"(anonymous_8)","decl":{"start":{"line":93,"column":2},"end":{"line":93,"column":3}},"loc":{"start":{"line":93,"column":23},"end":{"line":95,"column":3}},"line":93},"9":{"name":"(anonymous_9)","decl":{"start":{"line":97,"column":2},"end":{"line":97,"column":3}},"loc":{"start":{"line":97,"column":23},"end":{"line":99,"column":3}},"line":97},"10":{"name":"(anonymous_10)","decl":{"start":{"line":101,"column":2},"end":{"line":101,"column":3}},"loc":{"start":{"line":101,"column":29},"end":{"line":103,"column":3}},"line":101},"11":{"name":"(anonymous_11)","decl":{"start":{"line":105,"column":2},"end":{"line":105,"column":3}},"loc":{"start":{"line":105,"column":32},"end":{"line":107,"column":3}},"line":105},"12":{"name":"(anonymous_12)","decl":{"start":{"line":109,"column":2},"end":{"line":109,"column":3}},"loc":{"start":{"line":109,"column":27},"end":{"line":111,"column":3}},"line":109},"13":{"name":"(anonymous_13)","decl":{"start":{"line":113,"column":2},"end":{"line":113,"column":3}},"loc":{"start":{"line":113,"column":38},"end":{"line":115,"column":3}},"line":113},"14":{"name":"(anonymous_14)","decl":{"start":{"line":117,"column":2},"end":{"line":117,"column":3}},"loc":{"start":{"line":117,"column":32},"end":{"line":119,"column":3}},"line":117}},"branchMap":{"0":{"loc":{"start":{"line":33,"column":6},"end":{"line":35,"column":7}},"type":"if","locations":[{"start":{"line":33,"column":6},"end":{"line":35,"column":7}},{"start":{"line":33,"column":6},"end":{"line":35,"column":7}}],"line":33},"1":{"loc":{"start":{"line":41,"column":6},"end":{"line":41,"column":78}},"type":"if","locations":[{"start":{"line":41,"column":6},"end":{"line":41,"column":78}},{"start":{"line":41,"column":6},"end":{"line":41,"column":78}}],"line":41},"2":{"loc":{"start":{"line":45,"column":4},"end":{"line":60,"column":5}},"type":"if","locations":[{"start":{"line":45,"column":4},"end":{"line":60,"column":5}},{"start":{"line":45,"column":4},"end":{"line":60,"column":5}}],"line":45},"3":{"loc":{"start":{"line":45,"column":8},"end":{"line":45,"column":65}},"type":"binary-expr","locations":[{"start":{"line":45,"column":8},"end":{"line":45,"column":36}},{"start":{"line":45,"column":40},"end":{"line":45,"column":65}}],"line":45},"4":{"loc":{"start":{"line":53,"column":8},"end":{"line":58,"column":9}},"type":"if","locations":[{"start":{"line":53,"column":8},"end":{"line":58,"column":9}},{"start":{"line":53,"column":8},"end":{"line":58,"column":9}}],"line":53},"5":{"loc":{"start":{"line":62,"column":4},"end":{"line":73,"column":5}},"type":"if","locations":[{"start":{"line":62,"column":4},"end":{"line":73,"column":5}},{"start":{"line":62,"column":4},"end":{"line":73,"column":5}}],"line":62},"6":{"loc":{"start":{"line":62,"column":8},"end":{"line":62,"column":64}},"type":"binary-expr","locations":[{"start":{"line":62,"column":8},"end":{"line":62,"column":36}},{"start":{"line":62,"column":40},"end":{"line":62,"column":64}}],"line":62},"7":{"loc":{"start":{"line":66,"column":8},"end":{"line":71,"column":9}},"type":"if","locations":[{"start":{"line":66,"column":8},"end":{"line":71,"column":9}},{"start":{"line":66,"column":8},"end":{"line":71,"column":9}}],"line":66},"8":{"loc":{"start":{"line":81,"column":6},"end":{"line":83,"column":7}},"type":"if","locations":[{"start":{"line":81,"column":6},"end":{"line":83,"column":7}},{"start":{"line":81,"column":6},"end":{"line":83,"column":7}}],"line":81}},"s":{"0":7,"1":7,"2":7,"3":7,"4":7,"5":7,"6":7,"7":1,"8":1,"9":1,"10":1,"11":1,"12":1,"13":1,"14":1,"15":7,"16":1,"17":1,"18":1,"19":7,"20":6,"21":3,"22":3,"23":3,"24":3,"25":3,"26":3,"27":3,"28":3,"29":7,"30":1,"31":2,"32":2,"33":2,"34":2,"35":2,"36":2,"37":2,"38":7,"39":4,"40":7,"41":6,"42":6,"43":2,"44":6,"45":12,"46":12,"47":6,"48":6,"49":4,"50":2,"51":12,"52":4,"53":446,"54":1,"55":1,"56":7},"f":{"0":7,"1":1,"2":1,"3":3,"4":2,"5":4,"6":6,"7":12,"8":4,"9":2,"10":12,"11":4,"12":446,"13":1,"14":1},"b":{"0":[1,0],"1":[1,0],"2":[6,1],"3":[7,7],"4":[3,0],"5":[1,6],"6":[7,7],"7":[2,0],"8":[2,4]},"_coverageSchema":"1a1c01bbd47fc00a2c39e90264f33305004495a9","hash":"ab32e01f225ef196e8b3c64cc3dd1ae1af02ef3d"}
,"/Users/nikita/Desktop/работа/Javascript/FSD-plugin/src/plugin/modules/view.ts": {"path":"/Users/nikita/Desktop/работа/Javascript/FSD-plugin/src/plugin/modules/view.ts","statementMap":{"0":{"start":{"line":17,"column":35},"end":{"line":17,"column":37}},"1":{"start":{"line":27,"column":37},"end":{"line":33,"column":3}},"2":{"start":{"line":36,"column":4},"end":{"line":39,"column":5}},"3":{"start":{"line":37,"column":6},"end":{"line":37,"column":25}},"4":{"start":{"line":38,"column":6},"end":{"line":38,"column":40}},"5":{"start":{"line":43,"column":4},"end":{"line":43,"column":36}},"6":{"start":{"line":47,"column":4},"end":{"line":47,"column":35}},"7":{"start":{"line":52,"column":4},"end":{"line":62,"column":7}},"8":{"start":{"line":53,"column":6},"end":{"line":61,"column":7}},"9":{"start":{"line":54,"column":8},"end":{"line":60,"column":9}},"10":{"start":{"line":55,"column":10},"end":{"line":57,"column":13}},"11":{"start":{"line":56,"column":12},"end":{"line":56,"column":39}},"12":{"start":{"line":59,"column":10},"end":{"line":59,"column":70}},"13":{"start":{"line":63,"column":4},"end":{"line":63,"column":16}},"14":{"start":{"line":67,"column":4},"end":{"line":67,"column":72}},"15":{"start":{"line":68,"column":4},"end":{"line":68,"column":16}},"16":{"start":{"line":72,"column":4},"end":{"line":76,"column":6}},"17":{"start":{"line":77,"column":4},"end":{"line":79,"column":5}},"18":{"start":{"line":78,"column":6},"end":{"line":78,"column":67}},"19":{"start":{"line":80,"column":4},"end":{"line":80,"column":16}},"20":{"start":{"line":84,"column":4},"end":{"line":89,"column":6}},"21":{"start":{"line":90,"column":4},"end":{"line":90,"column":16}},"22":{"start":{"line":94,"column":4},"end":{"line":98,"column":6}},"23":{"start":{"line":99,"column":4},"end":{"line":99,"column":16}},"24":{"start":{"line":103,"column":4},"end":{"line":103,"column":71}},"25":{"start":{"line":104,"column":4},"end":{"line":104,"column":16}},"26":{"start":{"line":108,"column":4},"end":{"line":114,"column":5}},"27":{"start":{"line":109,"column":6},"end":{"line":113,"column":8}},"28":{"start":{"line":115,"column":4},"end":{"line":115,"column":16}},"29":{"start":{"line":119,"column":4},"end":{"line":123,"column":5}},"30":{"start":{"line":120,"column":6},"end":{"line":122,"column":7}},"31":{"start":{"line":120,"column":19},"end":{"line":120,"column":20}},"32":{"start":{"line":121,"column":8},"end":{"line":121,"column":84}},"33":{"start":{"line":124,"column":4},"end":{"line":124,"column":16}},"34":{"start":{"line":128,"column":21},"end":{"line":128,"column":34}},"35":{"start":{"line":129,"column":4},"end":{"line":144,"column":5}},"36":{"start":{"line":130,"column":6},"end":{"line":132,"column":8}},"37":{"start":{"line":133,"column":6},"end":{"line":135,"column":8}},"38":{"start":{"line":136,"column":21},"end":{"line":136,"column":51}},"39":{"start":{"line":137,"column":6},"end":{"line":143,"column":7}},"40":{"start":{"line":138,"column":8},"end":{"line":138,"column":58}},"41":{"start":{"line":139,"column":8},"end":{"line":139,"column":57}},"42":{"start":{"line":141,"column":8},"end":{"line":141,"column":58}},"43":{"start":{"line":142,"column":8},"end":{"line":142,"column":57}},"44":{"start":{"line":145,"column":4},"end":{"line":145,"column":16}},"45":{"start":{"line":149,"column":4},"end":{"line":155,"column":5}},"46":{"start":{"line":150,"column":6},"end":{"line":154,"column":8}},"47":{"start":{"line":156,"column":4},"end":{"line":156,"column":16}},"48":{"start":{"line":160,"column":4},"end":{"line":163,"column":5}},"49":{"start":{"line":161,"column":6},"end":{"line":161,"column":88}},"50":{"start":{"line":162,"column":6},"end":{"line":162,"column":76}},"51":{"start":{"line":164,"column":4},"end":{"line":164,"column":16}},"52":{"start":{"line":168,"column":4},"end":{"line":175,"column":5}},"53":{"start":{"line":169,"column":6},"end":{"line":173,"column":8}},"54":{"start":{"line":174,"column":6},"end":{"line":174,"column":70}},"55":{"start":{"line":176,"column":4},"end":{"line":176,"column":16}},"56":{"start":{"line":180,"column":4},"end":{"line":192,"column":5}},"57":{"start":{"line":181,"column":29},"end":{"line":181,"column":50}},"58":{"start":{"line":182,"column":6},"end":{"line":189,"column":8}},"59":{"start":{"line":190,"column":6},"end":{"line":190,"column":93}},"60":{"start":{"line":191,"column":6},"end":{"line":191,"column":89}},"61":{"start":{"line":194,"column":4},"end":{"line":194,"column":16}},"62":{"start":{"line":198,"column":4},"end":{"line":200,"column":6}},"63":{"start":{"line":201,"column":4},"end":{"line":201,"column":49}},"64":{"start":{"line":202,"column":4},"end":{"line":202,"column":16}},"65":{"start":{"line":206,"column":4},"end":{"line":214,"column":20}},"66":{"start":{"line":216,"column":4},"end":{"line":218,"column":7}},"67":{"start":{"line":217,"column":6},"end":{"line":217,"column":37}},"68":{"start":{"line":220,"column":4},"end":{"line":220,"column":27}},"69":{"start":{"line":222,"column":4},"end":{"line":222,"column":53}},"70":{"start":{"line":224,"column":4},"end":{"line":232,"column":7}},"71":{"start":{"line":225,"column":6},"end":{"line":225,"column":28}},"72":{"start":{"line":226,"column":6},"end":{"line":230,"column":9}},"73":{"start":{"line":227,"column":8},"end":{"line":229,"column":9}},"74":{"start":{"line":228,"column":10},"end":{"line":228,"column":29}},"75":{"start":{"line":231,"column":6},"end":{"line":231,"column":27}},"76":{"start":{"line":234,"column":4},"end":{"line":236,"column":7}},"77":{"start":{"line":235,"column":6},"end":{"line":235,"column":29}},"78":{"start":{"line":238,"column":4},"end":{"line":238,"column":39}},"79":{"start":{"line":240,"column":4},"end":{"line":240,"column":16}},"80":{"start":{"line":244,"column":4},"end":{"line":253,"column":5}},"81":{"start":{"line":245,"column":6},"end":{"line":245,"column":37}},"82":{"start":{"line":246,"column":6},"end":{"line":252,"column":8}},"83":{"start":{"line":254,"column":4},"end":{"line":254,"column":16}},"84":{"start":{"line":256,"column":4},"end":{"line":256,"column":40}},"85":{"start":{"line":261,"column":21},"end":{"line":261,"column":34}},"86":{"start":{"line":263,"column":4},"end":{"line":267,"column":5}},"87":{"start":{"line":264,"column":6},"end":{"line":264,"column":82}},"88":{"start":{"line":266,"column":6},"end":{"line":266,"column":82}},"89":{"start":{"line":268,"column":4},"end":{"line":272,"column":5}},"90":{"start":{"line":269,"column":6},"end":{"line":269,"column":24}},"91":{"start":{"line":270,"column":11},"end":{"line":272,"column":5}},"92":{"start":{"line":271,"column":6},"end":{"line":271,"column":17}},"93":{"start":{"line":273,"column":4},"end":{"line":273,"column":13}},"94":{"start":{"line":277,"column":38},"end":{"line":277,"column":63}},"95":{"start":{"line":278,"column":4},"end":{"line":289,"column":5}},"96":{"start":{"line":279,"column":28},"end":{"line":279,"column":31}},"97":{"start":{"line":281,"column":6},"end":{"line":288,"column":9}},"98":{"start":{"line":282,"column":8},"end":{"line":282,"column":27}},"99":{"start":{"line":283,"column":8},"end":{"line":283,"column":53}},"100":{"start":{"line":284,"column":8},"end":{"line":287,"column":9}},"101":{"start":{"line":285,"column":10},"end":{"line":285,"column":32}},"102":{"start":{"line":286,"column":10},"end":{"line":286,"column":24}},"103":{"start":{"line":290,"column":4},"end":{"line":290,"column":26}},"104":{"start":{"line":294,"column":4},"end":{"line":294,"column":34}},"105":{"start":{"line":295,"column":4},"end":{"line":295,"column":66}},"106":{"start":{"line":295,"column":25},"end":{"line":295,"column":66}},"107":{"start":{"line":299,"column":0},"end":{"line":299,"column":38}}},"fnMap":{"0":{"name":"(anonymous_0)","decl":{"start":{"line":35,"column":2},"end":{"line":35,"column":3}},"loc":{"start":{"line":35,"column":43},"end":{"line":40,"column":3}},"line":35},"1":{"name":"(anonymous_1)","decl":{"start":{"line":42,"column":2},"end":{"line":42,"column":3}},"loc":{"start":{"line":42,"column":34},"end":{"line":44,"column":3}},"line":42},"2":{"name":"(anonymous_2)","decl":{"start":{"line":46,"column":2},"end":{"line":46,"column":3}},"loc":{"start":{"line":46,"column":41},"end":{"line":48,"column":3}},"line":46},"3":{"name":"(anonymous_3)","decl":{"start":{"line":50,"column":2},"end":{"line":50,"column":3}},"loc":{"start":{"line":50,"column":57},"end":{"line":64,"column":3}},"line":50},"4":{"name":"(anonymous_4)","decl":{"start":{"line":52,"column":29},"end":{"line":52,"column":30}},"loc":{"start":{"line":52,"column":70},"end":{"line":62,"column":5}},"line":52},"5":{"name":"(anonymous_5)","decl":{"start":{"line":55,"column":66},"end":{"line":55,"column":67}},"loc":{"start":{"line":55,"column":77},"end":{"line":57,"column":11}},"line":55},"6":{"name":"(anonymous_6)","decl":{"start":{"line":66,"column":2},"end":{"line":66,"column":3}},"loc":{"start":{"line":66,"column":28},"end":{"line":69,"column":3}},"line":66},"7":{"name":"(anonymous_7)","decl":{"start":{"line":71,"column":2},"end":{"line":71,"column":3}},"loc":{"start":{"line":71,"column":29},"end":{"line":81,"column":3}},"line":71},"8":{"name":"(anonymous_8)","decl":{"start":{"line":83,"column":2},"end":{"line":83,"column":3}},"loc":{"start":{"line":83,"column":27},"end":{"line":91,"column":3}},"line":83},"9":{"name":"(anonymous_9)","decl":{"start":{"line":93,"column":2},"end":{"line":93,"column":3}},"loc":{"start":{"line":93,"column":33},"end":{"line":100,"column":3}},"line":93},"10":{"name":"(anonymous_10)","decl":{"start":{"line":102,"column":2},"end":{"line":102,"column":3}},"loc":{"start":{"line":102,"column":26},"end":{"line":105,"column":3}},"line":102},"11":{"name":"(anonymous_11)","decl":{"start":{"line":107,"column":2},"end":{"line":107,"column":3}},"loc":{"start":{"line":107,"column":34},"end":{"line":116,"column":3}},"line":107},"12":{"name":"(anonymous_12)","decl":{"start":{"line":118,"column":2},"end":{"line":118,"column":3}},"loc":{"start":{"line":118,"column":27},"end":{"line":125,"column":3}},"line":118},"13":{"name":"(anonymous_13)","decl":{"start":{"line":127,"column":2},"end":{"line":127,"column":3}},"loc":{"start":{"line":127,"column":28},"end":{"line":146,"column":3}},"line":127},"14":{"name":"(anonymous_14)","decl":{"start":{"line":148,"column":2},"end":{"line":148,"column":3}},"loc":{"start":{"line":148,"column":28},"end":{"line":157,"column":3}},"line":148},"15":{"name":"(anonymous_15)","decl":{"start":{"line":159,"column":2},"end":{"line":159,"column":3}},"loc":{"start":{"line":159,"column":42},"end":{"line":165,"column":3}},"line":159},"16":{"name":"(anonymous_16)","decl":{"start":{"line":167,"column":2},"end":{"line":167,"column":3}},"loc":{"start":{"line":167,"column":33},"end":{"line":177,"column":3}},"line":167},"17":{"name":"(anonymous_17)","decl":{"start":{"line":179,"column":2},"end":{"line":179,"column":3}},"loc":{"start":{"line":179,"column":44},"end":{"line":195,"column":3}},"line":179},"18":{"name":"(anonymous_18)","decl":{"start":{"line":197,"column":2},"end":{"line":197,"column":3}},"loc":{"start":{"line":197,"column":57},"end":{"line":203,"column":3}},"line":197},"19":{"name":"(anonymous_19)","decl":{"start":{"line":205,"column":2},"end":{"line":205,"column":3}},"loc":{"start":{"line":205,"column":22},"end":{"line":241,"column":3}},"line":205},"20":{"name":"(anonymous_20)","decl":{"start":{"line":216,"column":38},"end":{"line":216,"column":39}},"loc":{"start":{"line":216,"column":56},"end":{"line":218,"column":5}},"line":216},"21":{"name":"(anonymous_21)","decl":{"start":{"line":224,"column":28},"end":{"line":224,"column":29}},"loc":{"start":{"line":224,"column":59},"end":{"line":232,"column":5}},"line":224},"22":{"name":"(anonymous_22)","decl":{"start":{"line":226,"column":37},"end":{"line":226,"column":38}},"loc":{"start":{"line":226,"column":60},"end":{"line":230,"column":7}},"line":226},"23":{"name":"(anonymous_23)","decl":{"start":{"line":234,"column":26},"end":{"line":234,"column":27}},"loc":{"start":{"line":234,"column":57},"end":{"line":236,"column":5}},"line":234},"24":{"name":"(anonymous_24)","decl":{"start":{"line":243,"column":2},"end":{"line":243,"column":3}},"loc":{"start":{"line":243,"column":17},"end":{"line":257,"column":3}},"line":243},"25":{"name":"(anonymous_25)","decl":{"start":{"line":259,"column":2},"end":{"line":259,"column":3}},"loc":{"start":{"line":259,"column":46},"end":{"line":274,"column":3}},"line":259},"26":{"name":"(anonymous_26)","decl":{"start":{"line":276,"column":2},"end":{"line":276,"column":3}},"loc":{"start":{"line":276,"column":57},"end":{"line":291,"column":3}},"line":276},"27":{"name":"(anonymous_27)","decl":{"start":{"line":281,"column":37},"end":{"line":281,"column":38}},"loc":{"start":{"line":281,"column":45},"end":{"line":288,"column":7}},"line":281},"28":{"name":"(anonymous_28)","decl":{"start":{"line":293,"column":2},"end":{"line":293,"column":3}},"loc":{"start":{"line":293,"column":50},"end":{"line":296,"column":3}},"line":293}},"branchMap":{"0":{"loc":{"start":{"line":36,"column":4},"end":{"line":39,"column":5}},"type":"if","locations":[{"start":{"line":36,"column":4},"end":{"line":39,"column":5}},{"start":{"line":36,"column":4},"end":{"line":39,"column":5}}],"line":36},"1":{"loc":{"start":{"line":53,"column":6},"end":{"line":61,"column":7}},"type":"if","locations":[{"start":{"line":53,"column":6},"end":{"line":61,"column":7}},{"start":{"line":53,"column":6},"end":{"line":61,"column":7}}],"line":53},"2":{"loc":{"start":{"line":54,"column":8},"end":{"line":60,"column":9}},"type":"if","locations":[{"start":{"line":54,"column":8},"end":{"line":60,"column":9}},{"start":{"line":54,"column":8},"end":{"line":60,"column":9}}],"line":54},"3":{"loc":{"start":{"line":77,"column":4},"end":{"line":79,"column":5}},"type":"if","locations":[{"start":{"line":77,"column":4},"end":{"line":79,"column":5}},{"start":{"line":77,"column":4},"end":{"line":79,"column":5}}],"line":77},"4":{"loc":{"start":{"line":108,"column":4},"end":{"line":114,"column":5}},"type":"if","locations":[{"start":{"line":108,"column":4},"end":{"line":114,"column":5}},{"start":{"line":108,"column":4},"end":{"line":114,"column":5}}],"line":108},"5":{"loc":{"start":{"line":119,"column":4},"end":{"line":123,"column":5}},"type":"if","locations":[{"start":{"line":119,"column":4},"end":{"line":123,"column":5}},{"start":{"line":119,"column":4},"end":{"line":123,"column":5}}],"line":119},"6":{"loc":{"start":{"line":129,"column":4},"end":{"line":144,"column":5}},"type":"if","locations":[{"start":{"line":129,"column":4},"end":{"line":144,"column":5}},{"start":{"line":129,"column":4},"end":{"line":144,"column":5}}],"line":129},"7":{"loc":{"start":{"line":129,"column":8},"end":{"line":129,"column":50}},"type":"binary-expr","locations":[{"start":{"line":129,"column":8},"end":{"line":129,"column":27}},{"start":{"line":129,"column":31},"end":{"line":129,"column":50}}],"line":129},"8":{"loc":{"start":{"line":137,"column":6},"end":{"line":143,"column":7}},"type":"if","locations":[{"start":{"line":137,"column":6},"end":{"line":143,"column":7}},{"start":{"line":137,"column":6},"end":{"line":143,"column":7}}],"line":137},"9":{"loc":{"start":{"line":137,"column":10},"end":{"line":137,"column":94}},"type":"binary-expr","locations":[{"start":{"line":137,"column":11},"end":{"line":137,"column":28}},{"start":{"line":137,"column":32},"end":{"line":137,"column":49}},{"start":{"line":137,"column":55},"end":{"line":137,"column":71}},{"start":{"line":137,"column":75},"end":{"line":137,"column":93}}],"line":137},"10":{"loc":{"start":{"line":149,"column":4},"end":{"line":155,"column":5}},"type":"if","locations":[{"start":{"line":149,"column":4},"end":{"line":155,"column":5}},{"start":{"line":149,"column":4},"end":{"line":155,"column":5}}],"line":149},"11":{"loc":{"start":{"line":160,"column":4},"end":{"line":163,"column":5}},"type":"if","locations":[{"start":{"line":160,"column":4},"end":{"line":163,"column":5}},{"start":{"line":160,"column":4},"end":{"line":163,"column":5}}],"line":160},"12":{"loc":{"start":{"line":168,"column":4},"end":{"line":175,"column":5}},"type":"if","locations":[{"start":{"line":168,"column":4},"end":{"line":175,"column":5}},{"start":{"line":168,"column":4},"end":{"line":175,"column":5}}],"line":168},"13":{"loc":{"start":{"line":168,"column":8},"end":{"line":168,"column":72}},"type":"binary-expr","locations":[{"start":{"line":168,"column":8},"end":{"line":168,"column":43}},{"start":{"line":168,"column":47},"end":{"line":168,"column":72}}],"line":168},"14":{"loc":{"start":{"line":180,"column":4},"end":{"line":192,"column":5}},"type":"if","locations":[{"start":{"line":180,"column":4},"end":{"line":192,"column":5}},{"start":{"line":180,"column":4},"end":{"line":192,"column":5}}],"line":180},"15":{"loc":{"start":{"line":180,"column":8},"end":{"line":180,"column":46}},"type":"binary-expr","locations":[{"start":{"line":180,"column":8},"end":{"line":180,"column":27}},{"start":{"line":180,"column":31},"end":{"line":180,"column":46}}],"line":180},"16":{"loc":{"start":{"line":227,"column":8},"end":{"line":229,"column":9}},"type":"if","locations":[{"start":{"line":227,"column":8},"end":{"line":229,"column":9}},{"start":{"line":227,"column":8},"end":{"line":229,"column":9}}],"line":227},"17":{"loc":{"start":{"line":244,"column":4},"end":{"line":253,"column":5}},"type":"if","locations":[{"start":{"line":244,"column":4},"end":{"line":253,"column":5}},{"start":{"line":244,"column":4},"end":{"line":253,"column":5}}],"line":244},"18":{"loc":{"start":{"line":263,"column":4},"end":{"line":267,"column":5}},"type":"if","locations":[{"start":{"line":263,"column":4},"end":{"line":267,"column":5}},{"start":{"line":263,"column":4},"end":{"line":267,"column":5}}],"line":263},"19":{"loc":{"start":{"line":263,"column":8},"end":{"line":263,"column":92}},"type":"binary-expr","locations":[{"start":{"line":263,"column":9},"end":{"line":263,"column":26}},{"start":{"line":263,"column":30},"end":{"line":263,"column":47}},{"start":{"line":263,"column":53},"end":{"line":263,"column":69}},{"start":{"line":263,"column":73},"end":{"line":263,"column":91}}],"line":263},"20":{"loc":{"start":{"line":268,"column":4},"end":{"line":272,"column":5}},"type":"if","locations":[{"start":{"line":268,"column":4},"end":{"line":272,"column":5}},{"start":{"line":268,"column":4},"end":{"line":272,"column":5}}],"line":268},"21":{"loc":{"start":{"line":268,"column":8},"end":{"line":268,"column":44}},"type":"binary-expr","locations":[{"start":{"line":268,"column":8},"end":{"line":268,"column":23}},{"start":{"line":268,"column":27},"end":{"line":268,"column":44}}],"line":268},"22":{"loc":{"start":{"line":270,"column":11},"end":{"line":272,"column":5}},"type":"if","locations":[{"start":{"line":270,"column":11},"end":{"line":272,"column":5}},{"start":{"line":270,"column":11},"end":{"line":272,"column":5}}],"line":270},"23":{"loc":{"start":{"line":278,"column":4},"end":{"line":289,"column":5}},"type":"if","locations":[{"start":{"line":278,"column":4},"end":{"line":289,"column":5}},{"start":{"line":278,"column":4},"end":{"line":289,"column":5}}],"line":278},"24":{"loc":{"start":{"line":284,"column":8},"end":{"line":287,"column":9}},"type":"if","locations":[{"start":{"line":284,"column":8},"end":{"line":287,"column":9}},{"start":{"line":284,"column":8},"end":{"line":287,"column":9}}],"line":284},"25":{"loc":{"start":{"line":295,"column":4},"end":{"line":295,"column":66}},"type":"if","locations":[{"start":{"line":295,"column":4},"end":{"line":295,"column":66}},{"start":{"line":295,"column":4},"end":{"line":295,"column":66}}],"line":295}},"s":{"0":8,"1":8,"2":8,"3":7,"4":7,"5":444,"6":7,"7":11,"8":8,"9":8,"10":0,"11":0,"12":8,"13":11,"14":11,"15":11,"16":11,"17":11,"18":4,"19":11,"20":11,"21":11,"22":11,"23":11,"24":11,"25":11,"26":11,"27":1,"28":11,"29":11,"30":1,"31":1,"32":11,"33":11,"34":11,"35":11,"36":3,"37":3,"38":3,"39":3,"40":0,"41":0,"42":3,"43":3,"44":11,"45":11,"46":3,"47":11,"48":21,"49":14,"50":14,"51":21,"52":11,"53":2,"54":2,"55":11,"56":21,"57":6,"58":6,"59":6,"60":6,"61":21,"62":21,"63":21,"64":21,"65":11,"66":11,"67":21,"68":11,"69":11,"70":11,"71":1,"72":1,"73":2,"74":0,"75":1,"76":11,"77":2,"78":11,"79":11,"80":4,"81":4,"82":4,"83":4,"84":4,"85":37,"86":37,"87":7,"88":30,"89":37,"90":37,"91":0,"92":0,"93":0,"94":5,"95":5,"96":5,"97":5,"98":10,"99":10,"100":10,"101":5,"102":5,"103":5,"104":91,"105":91,"106":91,"107":8},"f":{"0":8,"1":444,"2":7,"3":11,"4":8,"5":0,"6":11,"7":11,"8":11,"9":11,"10":11,"11":11,"12":11,"13":11,"14":11,"15":21,"16":11,"17":21,"18":21,"19":11,"20":21,"21":1,"22":2,"23":2,"24":4,"25":37,"26":5,"27":10,"28":91},"b":{"0":[7,1],"1":[8,0],"2":[0,8],"3":[4,7],"4":[1,10],"5":[1,10],"6":[3,8],"7":[11,3],"8":[0,3],"9":[3,3,3,0],"10":[3,8],"11":[14,7],"12":[2,9],"13":[11,2],"14":[6,15],"15":[21,12],"16":[0,2],"17":[4,0],"18":[7,30],"19":[37,37,30,0],"20":[37,0],"21":[37,37],"22":[0,0],"23":[5,0],"24":[5,5],"25":[91,0]},"_coverageSchema":"1a1c01bbd47fc00a2c39e90264f33305004495a9","hash":"df2a4711c464e1ad9a311a0b9e9e5731b797564d"}
,"/Users/nikita/Desktop/работа/Javascript/FSD-plugin/src/plugin/modules/mixins/eventsMixin.ts": {"path":"/Users/nikita/Desktop/работа/Javascript/FSD-plugin/src/plugin/modules/mixins/eventsMixin.ts","statementMap":{"0":{"start":{"line":1,"column":15},"end":{"line":26,"column":1}},"1":{"start":{"line":3,"column":23},"end":{"line":3,"column":43}},"2":{"start":{"line":4,"column":4},"end":{"line":9,"column":7}},"3":{"start":{"line":5,"column":6},"end":{"line":8,"column":7}},"4":{"start":{"line":5,"column":38},"end":{"line":5,"column":79}},"5":{"start":{"line":7,"column":8},"end":{"line":7,"column":47}},"6":{"start":{"line":13,"column":23},"end":{"line":13,"column":43}},"7":{"start":{"line":14,"column":4},"end":{"line":16,"column":7}},"8":{"start":{"line":15,"column":6},"end":{"line":15,"column":72}},"9":{"start":{"line":15,"column":38},"end":{"line":15,"column":72}},"10":{"start":{"line":20,"column":23},"end":{"line":20,"column":43}},"11":{"start":{"line":21,"column":4},"end":{"line":24,"column":7}},"12":{"start":{"line":22,"column":6},"end":{"line":23,"column":95}},"13":{"start":{"line":23,"column":8},"end":{"line":23,"column":95}},"14":{"start":{"line":23,"column":66},"end":{"line":23,"column":93}}},"fnMap":{"0":{"name":"(anonymous_0)","decl":{"start":{"line":2,"column":2},"end":{"line":2,"column":3}},"loc":{"start":{"line":2,"column":43},"end":{"line":10,"column":3}},"line":2},"1":{"name":"(anonymous_1)","decl":{"start":{"line":4,"column":23},"end":{"line":4,"column":24}},"loc":{"start":{"line":4,"column":32},"end":{"line":9,"column":5}},"line":4},"2":{"name":"(anonymous_2)","decl":{"start":{"line":12,"column":2},"end":{"line":12,"column":3}},"loc":{"start":{"line":12,"column":25},"end":{"line":17,"column":3}},"line":12},"3":{"name":"(anonymous_3)","decl":{"start":{"line":14,"column":23},"end":{"line":14,"column":24}},"loc":{"start":{"line":14,"column":32},"end":{"line":16,"column":5}},"line":14},"4":{"name":"(anonymous_4)","decl":{"start":{"line":19,"column":2},"end":{"line":19,"column":3}},"loc":{"start":{"line":19,"column":40},"end":{"line":25,"column":3}},"line":19},"5":{"name":"(anonymous_5)","decl":{"start":{"line":21,"column":23},"end":{"line":21,"column":24}},"loc":{"start":{"line":21,"column":32},"end":{"line":24,"column":5}},"line":21},"6":{"name":"(anonymous_6)","decl":{"start":{"line":23,"column":43},"end":{"line":23,"column":44}},"loc":{"start":{"line":23,"column":66},"end":{"line":23,"column":93}},"line":23}},"branchMap":{"0":{"loc":{"start":{"line":5,"column":6},"end":{"line":8,"column":7}},"type":"if","locations":[{"start":{"line":5,"column":6},"end":{"line":8,"column":7}},{"start":{"line":5,"column":6},"end":{"line":8,"column":7}}],"line":5},"1":{"loc":{"start":{"line":15,"column":6},"end":{"line":15,"column":72}},"type":"if","locations":[{"start":{"line":15,"column":6},"end":{"line":15,"column":72}},{"start":{"line":15,"column":6},"end":{"line":15,"column":72}}],"line":15},"2":{"loc":{"start":{"line":22,"column":6},"end":{"line":23,"column":95}},"type":"if","locations":[{"start":{"line":22,"column":6},"end":{"line":23,"column":95}},{"start":{"line":22,"column":6},"end":{"line":23,"column":95}}],"line":22}},"s":{"0":8,"1":73,"2":73,"3":85,"4":13,"5":72,"6":3,"7":3,"8":6,"9":6,"10":320,"11":320,"12":327,"13":35,"14":41},"f":{"0":73,"1":85,"2":3,"3":6,"4":320,"5":327,"6":41},"b":{"0":[13,72],"1":[6,0],"2":[35,292]},"_coverageSchema":"1a1c01bbd47fc00a2c39e90264f33305004495a9","hash":"c34102698749dcc98d6ecb321554eab2a9cb6531"}
,"/Users/nikita/Desktop/работа/Javascript/FSD-plugin/src/plugin/modules/subViews/baseView.ts": {"path":"/Users/nikita/Desktop/работа/Javascript/FSD-plugin/src/plugin/modules/subViews/baseView.ts","statementMap":{"0":{"start":{"line":6,"column":30},"end":{"line":6,"column":70}},"1":{"start":{"line":7,"column":26},"end":{"line":7,"column":53}},"2":{"start":{"line":10,"column":4},"end":{"line":10,"column":81}},"3":{"start":{"line":11,"column":4},"end":{"line":13,"column":5}},"4":{"start":{"line":12,"column":6},"end":{"line":12,"column":41}},"5":{"start":{"line":17,"column":4},"end":{"line":17,"column":26}},"6":{"start":{"line":19,"column":23},"end":{"line":19,"column":69}},"7":{"start":{"line":21,"column":4},"end":{"line":24,"column":7}},"8":{"start":{"line":22,"column":6},"end":{"line":22,"column":25}},"9":{"start":{"line":23,"column":6},"end":{"line":23,"column":89}},"10":{"start":{"line":23,"column":40},"end":{"line":23,"column":89}}},"fnMap":{"0":{"name":"(anonymous_0)","decl":{"start":{"line":9,"column":2},"end":{"line":9,"column":3}},"loc":{"start":{"line":9,"column":97},"end":{"line":14,"column":3}},"line":9},"1":{"name":"(anonymous_1)","decl":{"start":{"line":16,"column":2},"end":{"line":16,"column":3}},"loc":{"start":{"line":16,"column":37},"end":{"line":25,"column":3}},"line":16},"2":{"name":"(anonymous_2)","decl":{"start":{"line":21,"column":35},"end":{"line":21,"column":36}},"loc":{"start":{"line":21,"column":47},"end":{"line":24,"column":5}},"line":21}},"branchMap":{"0":{"loc":{"start":{"line":9,"column":57},"end":{"line":9,"column":95}},"type":"default-arg","locations":[{"start":{"line":9,"column":82},"end":{"line":9,"column":95}}],"line":9},"1":{"loc":{"start":{"line":11,"column":4},"end":{"line":13,"column":5}},"type":"if","locations":[{"start":{"line":11,"column":4},"end":{"line":13,"column":5}},{"start":{"line":11,"column":4},"end":{"line":13,"column":5}}],"line":11},"2":{"loc":{"start":{"line":11,"column":8},"end":{"line":11,"column":63}},"type":"binary-expr","locations":[{"start":{"line":11,"column":8},"end":{"line":11,"column":35}},{"start":{"line":11,"column":39},"end":{"line":11,"column":63}}],"line":11},"3":{"loc":{"start":{"line":19,"column":23},"end":{"line":19,"column":69}},"type":"cond-expr","locations":[{"start":{"line":19,"column":48},"end":{"line":19,"column":57}},{"start":{"line":19,"column":60},"end":{"line":19,"column":69}}],"line":19},"4":{"loc":{"start":{"line":23,"column":6},"end":{"line":23,"column":89}},"type":"if","locations":[{"start":{"line":23,"column":6},"end":{"line":23,"column":89}},{"start":{"line":23,"column":6},"end":{"line":23,"column":89}}],"line":23}},"s":{"0":8,"1":11,"2":11,"3":11,"4":10,"5":11,"6":11,"7":11,"8":4,"9":4,"10":2},"f":{"0":11,"1":11,"2":4},"b":{"0":[11],"1":[10,1],"2":[11,11],"3":[4,7],"4":[2,2]},"_coverageSchema":"1a1c01bbd47fc00a2c39e90264f33305004495a9","hash":"8d92971a346fa121b573ee322c3b62d50951b028"}
,"/Users/nikita/Desktop/работа/Javascript/FSD-plugin/src/plugin/modules/subViews/basicElementView.ts": {"path":"/Users/nikita/Desktop/работа/Javascript/FSD-plugin/src/plugin/modules/subViews/basicElementView.ts","statementMap":{"0":{"start":{"line":7,"column":35},"end":{"line":7,"column":37}},"1":{"start":{"line":23,"column":4},"end":{"line":23,"column":27}},"2":{"start":{"line":24,"column":4},"end":{"line":24,"column":25}},"3":{"start":{"line":25,"column":4},"end":{"line":25,"column":22}},"4":{"start":{"line":26,"column":4},"end":{"line":26,"column":23}},"5":{"start":{"line":30,"column":4},"end":{"line":30,"column":31}},"6":{"start":{"line":34,"column":4},"end":{"line":34,"column":34}},"7":{"start":{"line":35,"column":4},"end":{"line":35,"column":43}},"8":{"start":{"line":39,"column":4},"end":{"line":39,"column":40}},"9":{"start":{"line":40,"column":4},"end":{"line":40,"column":16}},"10":{"start":{"line":44,"column":4},"end":{"line":44,"column":37}},"11":{"start":{"line":45,"column":4},"end":{"line":45,"column":16}},"12":{"start":{"line":55,"column":4},"end":{"line":60,"column":5}},"13":{"start":{"line":56,"column":6},"end":{"line":56,"column":53}},"14":{"start":{"line":57,"column":6},"end":{"line":57,"column":18}},"15":{"start":{"line":59,"column":6},"end":{"line":59,"column":44}},"16":{"start":{"line":64,"column":4},"end":{"line":64,"column":26}},"17":{"start":{"line":68,"column":4},"end":{"line":68,"column":54}},"18":{"start":{"line":68,"column":21},"end":{"line":68,"column":54}},"19":{"start":{"line":72,"column":0},"end":{"line":72,"column":50}}},"fnMap":{"0":{"name":"(anonymous_0)","decl":{"start":{"line":17,"column":2},"end":{"line":17,"column":3}},"loc":{"start":{"line":22,"column":4},"end":{"line":27,"column":3}},"line":22},"1":{"name":"(anonymous_1)","decl":{"start":{"line":29,"column":2},"end":{"line":29,"column":3}},"loc":{"start":{"line":29,"column":27},"end":{"line":31,"column":3}},"line":29},"2":{"name":"(anonymous_2)","decl":{"start":{"line":33,"column":2},"end":{"line":33,"column":3}},"loc":{"start":{"line":33,"column":50},"end":{"line":36,"column":3}},"line":33},"3":{"name":"(anonymous_3)","decl":{"start":{"line":38,"column":2},"end":{"line":38,"column":3}},"loc":{"start":{"line":38,"column":45},"end":{"line":41,"column":3}},"line":38},"4":{"name":"(anonymous_4)","decl":{"start":{"line":43,"column":2},"end":{"line":43,"column":3}},"loc":{"start":{"line":43,"column":42},"end":{"line":46,"column":3}},"line":43},"5":{"name":"(anonymous_5)","decl":{"start":{"line":48,"column":2},"end":{"line":48,"column":3}},"loc":{"start":{"line":54,"column":9},"end":{"line":61,"column":3}},"line":54},"6":{"name":"(anonymous_6)","decl":{"start":{"line":63,"column":2},"end":{"line":63,"column":3}},"loc":{"start":{"line":63,"column":24},"end":{"line":65,"column":3}},"line":63},"7":{"name":"(anonymous_7)","decl":{"start":{"line":67,"column":2},"end":{"line":67,"column":3}},"loc":{"start":{"line":67,"column":56},"end":{"line":69,"column":3}},"line":67}},"branchMap":{"0":{"loc":{"start":{"line":20,"column":4},"end":{"line":20,"column":55}},"type":"default-arg","locations":[{"start":{"line":20,"column":46},"end":{"line":20,"column":55}}],"line":20},"1":{"loc":{"start":{"line":21,"column":4},"end":{"line":21,"column":55}},"type":"default-arg","locations":[{"start":{"line":21,"column":29},"end":{"line":21,"column":55}}],"line":21},"2":{"loc":{"start":{"line":55,"column":4},"end":{"line":60,"column":5}},"type":"if","locations":[{"start":{"line":55,"column":4},"end":{"line":60,"column":5}},{"start":{"line":55,"column":4},"end":{"line":60,"column":5}}],"line":55},"3":{"loc":{"start":{"line":68,"column":4},"end":{"line":68,"column":54}},"type":"if","locations":[{"start":{"line":68,"column":4},"end":{"line":68,"column":54}},{"start":{"line":68,"column":4},"end":{"line":68,"column":54}}],"line":68}},"s":{"0":120,"1":120,"2":120,"3":120,"4":120,"5":112,"6":91,"7":91,"8":15,"9":15,"10":53,"11":53,"12":13,"13":12,"14":12,"15":1,"16":5,"17":101,"18":89,"19":8},"f":{"0":120,"1":112,"2":91,"3":15,"4":53,"5":13,"6":5,"7":101},"b":{"0":[12],"1":[58],"2":[12,1],"3":[89,12]},"_coverageSchema":"1a1c01bbd47fc00a2c39e90264f33305004495a9","hash":"bbcc266c0ed9a18e80d02e709d0fb5ba4bed606a"}
,"/Users/nikita/Desktop/работа/Javascript/FSD-plugin/src/plugin/modules/subViews/boundView.ts": {"path":"/Users/nikita/Desktop/работа/Javascript/FSD-plugin/src/plugin/modules/subViews/boundView.ts","statementMap":{"0":{"start":{"line":6,"column":30},"end":{"line":6,"column":77}},"1":{"start":{"line":15,"column":4},"end":{"line":15,"column":69}},"2":{"start":{"line":16,"column":4},"end":{"line":16,"column":23}},"3":{"start":{"line":17,"column":4},"end":{"line":17,"column":18}},"4":{"start":{"line":21,"column":4},"end":{"line":21,"column":34}},"5":{"start":{"line":22,"column":4},"end":{"line":22,"column":47}}},"fnMap":{"0":{"name":"(anonymous_0)","decl":{"start":{"line":9,"column":2},"end":{"line":9,"column":3}},"loc":{"start":{"line":14,"column":4},"end":{"line":18,"column":3}},"line":14},"1":{"name":"(anonymous_1)","decl":{"start":{"line":20,"column":2},"end":{"line":20,"column":3}},"loc":{"start":{"line":20,"column":24},"end":{"line":23,"column":3}},"line":20}},"branchMap":{"0":{"loc":{"start":{"line":12,"column":4},"end":{"line":12,"column":43}},"type":"default-arg","locations":[{"start":{"line":12,"column":34},"end":{"line":12,"column":43}}],"line":12}},"s":{"0":8,"1":6,"2":6,"3":6,"4":6,"5":6},"f":{"0":6,"1":6},"b":{"0":[0]},"_coverageSchema":"1a1c01bbd47fc00a2c39e90264f33305004495a9","hash":"3f0f4f0c5c116fa884e37ccac09a29ea34d5243b"}
,"/Users/nikita/Desktop/работа/Javascript/FSD-plugin/src/plugin/modules/subViews/connectorView.ts": {"path":"/Users/nikita/Desktop/работа/Javascript/FSD-plugin/src/plugin/modules/subViews/connectorView.ts","statementMap":{"0":{"start":{"line":8,"column":30},"end":{"line":8,"column":75}},"1":{"start":{"line":20,"column":4},"end":{"line":20,"column":79}},"2":{"start":{"line":21,"column":4},"end":{"line":21,"column":23}},"3":{"start":{"line":22,"column":4},"end":{"line":22,"column":41}},"4":{"start":{"line":24,"column":4},"end":{"line":28,"column":5}},"5":{"start":{"line":25,"column":6},"end":{"line":25,"column":74}},"6":{"start":{"line":26,"column":11},"end":{"line":28,"column":5}},"7":{"start":{"line":27,"column":6},"end":{"line":27,"column":76}},"8":{"start":{"line":30,"column":4},"end":{"line":30,"column":18}},"9":{"start":{"line":34,"column":23},"end":{"line":34,"column":56}},"10":{"start":{"line":35,"column":29},"end":{"line":35,"column":62}},"11":{"start":{"line":37,"column":4},"end":{"line":41,"column":5}},"12":{"start":{"line":38,"column":6},"end":{"line":38,"column":61}},"13":{"start":{"line":40,"column":6},"end":{"line":40,"column":61}},"14":{"start":{"line":43,"column":4},"end":{"line":49,"column":5}},"15":{"start":{"line":44,"column":6},"end":{"line":44,"column":56}},"16":{"start":{"line":45,"column":6},"end":{"line":45,"column":59}},"17":{"start":{"line":47,"column":6},"end":{"line":47,"column":57}},"18":{"start":{"line":48,"column":6},"end":{"line":48,"column":58}},"19":{"start":{"line":51,"column":4},"end":{"line":51,"column":51}},"20":{"start":{"line":53,"column":4},"end":{"line":53,"column":16}},"21":{"start":{"line":57,"column":4},"end":{"line":57,"column":55}},"22":{"start":{"line":57,"column":21},"end":{"line":57,"column":55}},"23":{"start":{"line":59,"column":23},"end":{"line":59,"column":69}},"24":{"start":{"line":61,"column":4},"end":{"line":64,"column":7}},"25":{"start":{"line":62,"column":6},"end":{"line":62,"column":25}},"26":{"start":{"line":63,"column":6},"end":{"line":63,"column":94}},"27":{"start":{"line":63,"column":40},"end":{"line":63,"column":94}}},"fnMap":{"0":{"name":"(anonymous_0)","decl":{"start":{"line":13,"column":2},"end":{"line":13,"column":3}},"loc":{"start":{"line":19,"column":4},"end":{"line":31,"column":3}},"line":19},"1":{"name":"(anonymous_1)","decl":{"start":{"line":33,"column":2},"end":{"line":33,"column":3}},"loc":{"start":{"line":33,"column":33},"end":{"line":54,"column":3}},"line":33},"2":{"name":"(anonymous_2)","decl":{"start":{"line":56,"column":2},"end":{"line":56,"column":3}},"loc":{"start":{"line":56,"column":48},"end":{"line":65,"column":3}},"line":56},"3":{"name":"(anonymous_3)","decl":{"start":{"line":61,"column":35},"end":{"line":61,"column":36}},"loc":{"start":{"line":61,"column":47},"end":{"line":64,"column":5}},"line":61}},"branchMap":{"0":{"loc":{"start":{"line":15,"column":4},"end":{"line":15,"column":21}},"type":"default-arg","locations":[{"start":{"line":15,"column":20},"end":{"line":15,"column":21}}],"line":15},"1":{"loc":{"start":{"line":18,"column":4},"end":{"line":18,"column":47}},"type":"default-arg","locations":[{"start":{"line":18,"column":29},"end":{"line":18,"column":47}}],"line":18},"2":{"loc":{"start":{"line":24,"column":4},"end":{"line":28,"column":5}},"type":"if","locations":[{"start":{"line":24,"column":4},"end":{"line":28,"column":5}},{"start":{"line":24,"column":4},"end":{"line":28,"column":5}}],"line":24},"3":{"loc":{"start":{"line":26,"column":11},"end":{"line":28,"column":5}},"type":"if","locations":[{"start":{"line":26,"column":11},"end":{"line":28,"column":5}},{"start":{"line":26,"column":11},"end":{"line":28,"column":5}}],"line":26},"4":{"loc":{"start":{"line":37,"column":4},"end":{"line":41,"column":5}},"type":"if","locations":[{"start":{"line":37,"column":4},"end":{"line":41,"column":5}},{"start":{"line":37,"column":4},"end":{"line":41,"column":5}}],"line":37},"5":{"loc":{"start":{"line":43,"column":4},"end":{"line":49,"column":5}},"type":"if","locations":[{"start":{"line":43,"column":4},"end":{"line":49,"column":5}},{"start":{"line":43,"column":4},"end":{"line":49,"column":5}}],"line":43},"6":{"loc":{"start":{"line":57,"column":4},"end":{"line":57,"column":55}},"type":"if","locations":[{"start":{"line":57,"column":4},"end":{"line":57,"column":55}},{"start":{"line":57,"column":4},"end":{"line":57,"column":55}}],"line":57},"7":{"loc":{"start":{"line":59,"column":23},"end":{"line":59,"column":69}},"type":"cond-expr","locations":[{"start":{"line":59,"column":48},"end":{"line":59,"column":57}},{"start":{"line":59,"column":60},"end":{"line":59,"column":69}}],"line":59},"8":{"loc":{"start":{"line":63,"column":6},"end":{"line":63,"column":94}},"type":"if","locations":[{"start":{"line":63,"column":6},"end":{"line":63,"column":94}},{"start":{"line":63,"column":6},"end":{"line":63,"column":94}}],"line":63}},"s":{"0":8,"1":6,"2":6,"3":6,"4":6,"5":0,"6":6,"7":0,"8":6,"9":14,"10":14,"11":14,"12":13,"13":1,"14":14,"15":3,"16":3,"17":11,"18":11,"19":14,"20":14,"21":6,"22":6,"23":6,"24":6,"25":0,"26":0,"27":0},"f":{"0":6,"1":14,"2":6,"3":0},"b":{"0":[0],"1":[6],"2":[0,6],"3":[0,6],"4":[13,1],"5":[3,11],"6":[6,0],"7":[3,3],"8":[0,0]},"_coverageSchema":"1a1c01bbd47fc00a2c39e90264f33305004495a9","hash":"b513e3d707a4ad3e9f73c1025b3476e872ba8218"}
,"/Users/nikita/Desktop/работа/Javascript/FSD-plugin/src/plugin/modules/subViews/handlerView.ts": {"path":"/Users/nikita/Desktop/работа/Javascript/FSD-plugin/src/plugin/modules/subViews/handlerView.ts","statementMap":{"0":{"start":{"line":10,"column":30},"end":{"line":10,"column":75}},"1":{"start":{"line":12,"column":23},"end":{"line":12,"column":50}},"2":{"start":{"line":13,"column":22},"end":{"line":13,"column":48}},"3":{"start":{"line":15,"column":29},"end":{"line":15,"column":34}},"4":{"start":{"line":16,"column":28},"end":{"line":16,"column":33}},"5":{"start":{"line":32,"column":4},"end":{"line":32,"column":77}},"6":{"start":{"line":33,"column":4},"end":{"line":33,"column":23}},"7":{"start":{"line":34,"column":4},"end":{"line":34,"column":33}},"8":{"start":{"line":35,"column":4},"end":{"line":35,"column":23}},"9":{"start":{"line":37,"column":4},"end":{"line":39,"column":5}},"10":{"start":{"line":38,"column":6},"end":{"line":38,"column":72}},"11":{"start":{"line":40,"column":4},"end":{"line":42,"column":5}},"12":{"start":{"line":41,"column":6},"end":{"line":41,"column":74}},"13":{"start":{"line":43,"column":4},"end":{"line":45,"column":5}},"14":{"start":{"line":44,"column":6},"end":{"line":44,"column":72}},"15":{"start":{"line":47,"column":4},"end":{"line":47,"column":18}},"16":{"start":{"line":51,"column":4},"end":{"line":51,"column":26}},"17":{"start":{"line":53,"column":23},"end":{"line":53,"column":69}},"18":{"start":{"line":55,"column":4},"end":{"line":69,"column":7}},"19":{"start":{"line":56,"column":6},"end":{"line":56,"column":25}},"20":{"start":{"line":57,"column":6},"end":{"line":68,"column":7}},"21":{"start":{"line":58,"column":8},"end":{"line":58,"column":43}},"22":{"start":{"line":59,"column":8},"end":{"line":61,"column":11}},"23":{"start":{"line":60,"column":10},"end":{"line":60,"column":61}},"24":{"start":{"line":62,"column":8},"end":{"line":67,"column":11}},"25":{"start":{"line":63,"column":10},"end":{"line":66,"column":11}},"26":{"start":{"line":64,"column":12},"end":{"line":64,"column":45}},"27":{"start":{"line":65,"column":12},"end":{"line":65,"column":45}},"28":{"start":{"line":71,"column":4},"end":{"line":81,"column":7}},"29":{"start":{"line":72,"column":6},"end":{"line":72,"column":25}},"30":{"start":{"line":73,"column":6},"end":{"line":73,"column":41}},"31":{"start":{"line":74,"column":6},"end":{"line":76,"column":9}},"32":{"start":{"line":75,"column":8},"end":{"line":75,"column":70}},"33":{"start":{"line":77,"column":6},"end":{"line":80,"column":9}},"34":{"start":{"line":78,"column":8},"end":{"line":78,"column":42}},"35":{"start":{"line":79,"column":8},"end":{"line":79,"column":41}},"36":{"start":{"line":88,"column":4},"end":{"line":88,"column":69}},"37":{"start":{"line":88,"column":40},"end":{"line":88,"column":69}},"38":{"start":{"line":89,"column":4},"end":{"line":89,"column":54}},"39":{"start":{"line":89,"column":35},"end":{"line":89,"column":54}},"40":{"start":{"line":91,"column":4},"end":{"line":95,"column":5}},"41":{"start":{"line":92,"column":6},"end":{"line":92,"column":66}},"42":{"start":{"line":94,"column":6},"end":{"line":94,"column":67}},"43":{"start":{"line":97,"column":4},"end":{"line":97,"column":41}},"44":{"start":{"line":99,"column":4},"end":{"line":99,"column":48}},"45":{"start":{"line":99,"column":24},"end":{"line":99,"column":48}},"46":{"start":{"line":100,"column":4},"end":{"line":100,"column":44}},"47":{"start":{"line":100,"column":22},"end":{"line":100,"column":44}},"48":{"start":{"line":102,"column":4},"end":{"line":102,"column":16}},"49":{"start":{"line":106,"column":4},"end":{"line":106,"column":28}},"50":{"start":{"line":107,"column":4},"end":{"line":111,"column":5}},"51":{"start":{"line":108,"column":6},"end":{"line":108,"column":38}},"52":{"start":{"line":110,"column":6},"end":{"line":110,"column":41}},"53":{"start":{"line":115,"column":4},"end":{"line":115,"column":27}},"54":{"start":{"line":116,"column":4},"end":{"line":120,"column":5}},"55":{"start":{"line":117,"column":6},"end":{"line":117,"column":37}},"56":{"start":{"line":119,"column":6},"end":{"line":119,"column":40}},"57":{"start":{"line":124,"column":4},"end":{"line":124,"column":24}},"58":{"start":{"line":128,"column":4},"end":{"line":128,"column":23}}},"fnMap":{"0":{"name":"(anonymous_0)","decl":{"start":{"line":24,"column":2},"end":{"line":24,"column":3}},"loc":{"start":{"line":31,"column":4},"end":{"line":48,"column":3}},"line":31},"1":{"name":"(anonymous_1)","decl":{"start":{"line":50,"column":2},"end":{"line":50,"column":3}},"loc":{"start":{"line":50,"column":40},"end":{"line":82,"column":3}},"line":50},"2":{"name":"(anonymous_2)","decl":{"start":{"line":55,"column":33},"end":{"line":55,"column":34}},"loc":{"start":{"line":55,"column":45},"end":{"line":69,"column":5}},"line":55},"3":{"name":"(anonymous_3)","decl":{"start":{"line":59,"column":34},"end":{"line":59,"column":35}},"loc":{"start":{"line":59,"column":47},"end":{"line":61,"column":9}},"line":59},"4":{"name":"(anonymous_4)","decl":{"start":{"line":62,"column":32},"end":{"line":62,"column":33}},"loc":{"start":{"line":62,"column":45},"end":{"line":67,"column":9}},"line":62},"5":{"name":"(anonymous_5)","decl":{"start":{"line":71,"column":34},"end":{"line":71,"column":35}},"loc":{"start":{"line":71,"column":46},"end":{"line":81,"column":5}},"line":71},"6":{"name":"(anonymous_6)","decl":{"start":{"line":74,"column":32},"end":{"line":74,"column":33}},"loc":{"start":{"line":74,"column":45},"end":{"line":76,"column":7}},"line":74},"7":{"name":"(anonymous_7)","decl":{"start":{"line":77,"column":31},"end":{"line":77,"column":32}},"loc":{"start":{"line":77,"column":44},"end":{"line":80,"column":7}},"line":77},"8":{"name":"(anonymous_8)","decl":{"start":{"line":84,"column":2},"end":{"line":84,"column":3}},"loc":{"start":{"line":87,"column":17},"end":{"line":103,"column":3}},"line":87},"9":{"name":"(anonymous_9)","decl":{"start":{"line":105,"column":2},"end":{"line":105,"column":3}},"loc":{"start":{"line":105,"column":32},"end":{"line":112,"column":3}},"line":105},"10":{"name":"(anonymous_10)","decl":{"start":{"line":114,"column":2},"end":{"line":114,"column":3}},"loc":{"start":{"line":114,"column":31},"end":{"line":121,"column":3}},"line":114},"11":{"name":"(anonymous_11)","decl":{"start":{"line":123,"column":2},"end":{"line":123,"column":3}},"loc":{"start":{"line":123,"column":24},"end":{"line":125,"column":3}},"line":123},"12":{"name":"(anonymous_12)","decl":{"start":{"line":127,"column":2},"end":{"line":127,"column":3}},"loc":{"start":{"line":127,"column":23},"end":{"line":129,"column":3}},"line":127}},"branchMap":{"0":{"loc":{"start":{"line":26,"column":4},"end":{"line":26,"column":21}},"type":"default-arg","locations":[{"start":{"line":26,"column":20},"end":{"line":26,"column":21}}],"line":26},"1":{"loc":{"start":{"line":27,"column":4},"end":{"line":27,"column":26}},"type":"default-arg","locations":[{"start":{"line":27,"column":25},"end":{"line":27,"column":26}}],"line":27},"2":{"loc":{"start":{"line":28,"column":4},"end":{"line":28,"column":21}},"type":"default-arg","locations":[{"start":{"line":28,"column":20},"end":{"line":28,"column":21}}],"line":28},"3":{"loc":{"start":{"line":30,"column":4},"end":{"line":30,"column":45}},"type":"default-arg","locations":[{"start":{"line":30,"column":29},"end":{"line":30,"column":45}}],"line":30},"4":{"loc":{"start":{"line":37,"column":4},"end":{"line":39,"column":5}},"type":"if","locations":[{"start":{"line":37,"column":4},"end":{"line":39,"column":5}},{"start":{"line":37,"column":4},"end":{"line":39,"column":5}}],"line":37},"5":{"loc":{"start":{"line":40,"column":4},"end":{"line":42,"column":5}},"type":"if","locations":[{"start":{"line":40,"column":4},"end":{"line":42,"column":5}},{"start":{"line":40,"column":4},"end":{"line":42,"column":5}}],"line":40},"6":{"loc":{"start":{"line":43,"column":4},"end":{"line":45,"column":5}},"type":"if","locations":[{"start":{"line":43,"column":4},"end":{"line":45,"column":5}},{"start":{"line":43,"column":4},"end":{"line":45,"column":5}}],"line":43},"7":{"loc":{"start":{"line":53,"column":23},"end":{"line":53,"column":69}},"type":"cond-expr","locations":[{"start":{"line":53,"column":48},"end":{"line":53,"column":57}},{"start":{"line":53,"column":60},"end":{"line":53,"column":69}}],"line":53},"8":{"loc":{"start":{"line":57,"column":6},"end":{"line":68,"column":7}},"type":"if","locations":[{"start":{"line":57,"column":6},"end":{"line":68,"column":7}},{"start":{"line":57,"column":6},"end":{"line":68,"column":7}}],"line":57},"9":{"loc":{"start":{"line":63,"column":10},"end":{"line":66,"column":11}},"type":"if","locations":[{"start":{"line":63,"column":10},"end":{"line":66,"column":11}},{"start":{"line":63,"column":10},"end":{"line":66,"column":11}}],"line":63},"10":{"loc":{"start":{"line":85,"column":4},"end":{"line":85,"column":46}},"type":"default-arg","locations":[{"start":{"line":85,"column":37},"end":{"line":85,"column":46}}],"line":85},"11":{"loc":{"start":{"line":86,"column":4},"end":{"line":86,"column":41}},"type":"default-arg","locations":[{"start":{"line":86,"column":32},"end":{"line":86,"column":41}}],"line":86},"12":{"loc":{"start":{"line":88,"column":4},"end":{"line":88,"column":69}},"type":"if","locations":[{"start":{"line":88,"column":4},"end":{"line":88,"column":69}},{"start":{"line":88,"column":4},"end":{"line":88,"column":69}}],"line":88},"13":{"loc":{"start":{"line":89,"column":4},"end":{"line":89,"column":54}},"type":"if","locations":[{"start":{"line":89,"column":4},"end":{"line":89,"column":54}},{"start":{"line":89,"column":4},"end":{"line":89,"column":54}}],"line":89},"14":{"loc":{"start":{"line":91,"column":4},"end":{"line":95,"column":5}},"type":"if","locations":[{"start":{"line":91,"column":4},"end":{"line":95,"column":5}},{"start":{"line":91,"column":4},"end":{"line":95,"column":5}}],"line":91},"15":{"loc":{"start":{"line":99,"column":4},"end":{"line":99,"column":48}},"type":"if","locations":[{"start":{"line":99,"column":4},"end":{"line":99,"column":48}},{"start":{"line":99,"column":4},"end":{"line":99,"column":48}}],"line":99},"16":{"loc":{"start":{"line":100,"column":4},"end":{"line":100,"column":44}},"type":"if","locations":[{"start":{"line":100,"column":4},"end":{"line":100,"column":44}},{"start":{"line":100,"column":4},"end":{"line":100,"column":44}}],"line":100},"17":{"loc":{"start":{"line":107,"column":4},"end":{"line":111,"column":5}},"type":"if","locations":[{"start":{"line":107,"column":4},"end":{"line":111,"column":5}},{"start":{"line":107,"column":4},"end":{"line":111,"column":5}}],"line":107},"18":{"loc":{"start":{"line":116,"column":4},"end":{"line":120,"column":5}},"type":"if","locations":[{"start":{"line":116,"column":4},"end":{"line":120,"column":5}},{"start":{"line":116,"column":4},"end":{"line":120,"column":5}}],"line":116}},"s":{"0":8,"1":21,"2":21,"3":21,"4":21,"5":21,"6":21,"7":21,"8":21,"9":21,"10":0,"11":21,"12":14,"13":21,"14":0,"15":21,"16":21,"17":21,"18":21,"19":0,"20":0,"21":0,"22":0,"23":0,"24":0,"25":0,"26":0,"27":0,"28":21,"29":1,"30":1,"31":1,"32":0,"33":1,"34":0,"35":0,"36":34,"37":13,"38":34,"39":13,"40":34,"41":7,"42":27,"43":34,"44":34,"45":8,"46":34,"47":8,"48":34,"49":5,"50":5,"51":2,"52":3,"53":18,"54":18,"55":7,"56":11,"57":2,"58":4},"f":{"0":21,"1":21,"2":0,"3":0,"4":0,"5":1,"6":0,"7":0,"8":34,"9":5,"10":18,"11":2,"12":4},"b":{"0":[0],"1":[0],"2":[0],"3":[21],"4":[0,21],"5":[14,7],"6":[0,21],"7":[7,14],"8":[0,0],"9":[0,0],"10":[21],"11":[21],"12":[13,21],"13":[13,21],"14":[7,27],"15":[8,26],"16":[8,26],"17":[2,3],"18":[7,11]},"_coverageSchema":"1a1c01bbd47fc00a2c39e90264f33305004495a9","hash":"0ac8fdd9c50538dedfd36596b393b453dac4411d"}
,"/Users/nikita/Desktop/работа/Javascript/FSD-plugin/src/plugin/modules/subViews/inputView.ts": {"path":"/Users/nikita/Desktop/работа/Javascript/FSD-plugin/src/plugin/modules/subViews/inputView.ts","statementMap":{"0":{"start":{"line":16,"column":4},"end":{"line":16,"column":54}},"1":{"start":{"line":17,"column":4},"end":{"line":17,"column":24}},"2":{"start":{"line":21,"column":4},"end":{"line":21,"column":26}},"3":{"start":{"line":22,"column":4},"end":{"line":22,"column":40}},"4":{"start":{"line":26,"column":4},"end":{"line":26,"column":37}},"5":{"start":{"line":26,"column":16},"end":{"line":26,"column":37}},"6":{"start":{"line":27,"column":4},"end":{"line":36,"column":5}},"7":{"start":{"line":28,"column":6},"end":{"line":33,"column":8}},"8":{"start":{"line":35,"column":6},"end":{"line":35,"column":49}},"9":{"start":{"line":37,"column":4},"end":{"line":37,"column":39}},"10":{"start":{"line":39,"column":4},"end":{"line":39,"column":16}}},"fnMap":{"0":{"name":"(anonymous_0)","decl":{"start":{"line":9,"column":2},"end":{"line":9,"column":3}},"loc":{"start":{"line":15,"column":4},"end":{"line":18,"column":3}},"line":15},"1":{"name":"(anonymous_1)","decl":{"start":{"line":20,"column":2},"end":{"line":20,"column":3}},"loc":{"start":{"line":20,"column":38},"end":{"line":23,"column":3}},"line":20},"2":{"name":"(anonymous_2)","decl":{"start":{"line":25,"column":2},"end":{"line":25,"column":3}},"loc":{"start":{"line":25,"column":44},"end":{"line":40,"column":3}},"line":25}},"branchMap":{"0":{"loc":{"start":{"line":14,"column":4},"end":{"line":14,"column":43}},"type":"default-arg","locations":[{"start":{"line":14,"column":29},"end":{"line":14,"column":43}}],"line":14},"1":{"loc":{"start":{"line":26,"column":4},"end":{"line":26,"column":37}},"type":"if","locations":[{"start":{"line":26,"column":4},"end":{"line":26,"column":37}},{"start":{"line":26,"column":4},"end":{"line":26,"column":37}}],"line":26},"2":{"loc":{"start":{"line":27,"column":4},"end":{"line":36,"column":5}},"type":"if","locations":[{"start":{"line":27,"column":4},"end":{"line":36,"column":5}},{"start":{"line":27,"column":4},"end":{"line":36,"column":5}}],"line":27}},"s":{"0":11,"1":11,"2":11,"3":11,"4":18,"5":18,"6":18,"7":16,"8":2,"9":18,"10":18},"f":{"0":11,"1":11,"2":18},"b":{"0":[11],"1":[18,0],"2":[16,2]},"_coverageSchema":"1a1c01bbd47fc00a2c39e90264f33305004495a9","hash":"bd5cf19623e525c92feabd10a5eecbf8c10d66de"}
,"/Users/nikita/Desktop/работа/Javascript/FSD-plugin/src/plugin/modules/subViews/markView.ts": {"path":"/Users/nikita/Desktop/работа/Javascript/FSD-plugin/src/plugin/modules/subViews/markView.ts","statementMap":{"0":{"start":{"line":7,"column":30},"end":{"line":7,"column":72}},"1":{"start":{"line":8,"column":28},"end":{"line":8,"column":76}},"2":{"start":{"line":9,"column":26},"end":{"line":9,"column":53}},"3":{"start":{"line":10,"column":30},"end":{"line":10,"column":62}},"4":{"start":{"line":21,"column":4},"end":{"line":21,"column":74}},"5":{"start":{"line":22,"column":4},"end":{"line":22,"column":23}},"6":{"start":{"line":23,"column":4},"end":{"line":23,"column":68}},"7":{"start":{"line":25,"column":4},"end":{"line":29,"column":5}},"8":{"start":{"line":26,"column":6},"end":{"line":26,"column":46}},"9":{"start":{"line":27,"column":6},"end":{"line":27,"column":65}},"10":{"start":{"line":28,"column":6},"end":{"line":28,"column":40}},"11":{"start":{"line":30,"column":4},"end":{"line":32,"column":5}},"12":{"start":{"line":31,"column":6},"end":{"line":31,"column":51}},"13":{"start":{"line":34,"column":4},"end":{"line":36,"column":5}},"14":{"start":{"line":35,"column":6},"end":{"line":35,"column":41}},"15":{"start":{"line":37,"column":4},"end":{"line":37,"column":18}},"16":{"start":{"line":41,"column":4},"end":{"line":45,"column":5}},"17":{"start":{"line":42,"column":6},"end":{"line":42,"column":45}},"18":{"start":{"line":44,"column":6},"end":{"line":44,"column":46}},"19":{"start":{"line":49,"column":4},"end":{"line":49,"column":26}},"20":{"start":{"line":51,"column":4},"end":{"line":54,"column":7}},"21":{"start":{"line":52,"column":6},"end":{"line":52,"column":25}},"22":{"start":{"line":53,"column":6},"end":{"line":53,"column":40}}},"fnMap":{"0":{"name":"(anonymous_0)","decl":{"start":{"line":15,"column":2},"end":{"line":15,"column":3}},"loc":{"start":{"line":20,"column":4},"end":{"line":38,"column":3}},"line":20},"1":{"name":"(anonymous_1)","decl":{"start":{"line":40,"column":2},"end":{"line":40,"column":3}},"loc":{"start":{"line":40,"column":24},"end":{"line":46,"column":3}},"line":40},"2":{"name":"(anonymous_2)","decl":{"start":{"line":48,"column":2},"end":{"line":48,"column":3}},"loc":{"start":{"line":48,"column":37},"end":{"line":55,"column":3}},"line":48},"3":{"name":"(anonymous_3)","decl":{"start":{"line":51,"column":35},"end":{"line":51,"column":36}},"loc":{"start":{"line":51,"column":47},"end":{"line":54,"column":5}},"line":51}},"branchMap":{"0":{"loc":{"start":{"line":19,"column":4},"end":{"line":19,"column":42}},"type":"default-arg","locations":[{"start":{"line":19,"column":29},"end":{"line":19,"column":42}}],"line":19},"1":{"loc":{"start":{"line":25,"column":4},"end":{"line":29,"column":5}},"type":"if","locations":[{"start":{"line":25,"column":4},"end":{"line":29,"column":5}},{"start":{"line":25,"column":4},"end":{"line":29,"column":5}}],"line":25},"2":{"loc":{"start":{"line":30,"column":4},"end":{"line":32,"column":5}},"type":"if","locations":[{"start":{"line":30,"column":4},"end":{"line":32,"column":5}},{"start":{"line":30,"column":4},"end":{"line":32,"column":5}}],"line":30},"3":{"loc":{"start":{"line":34,"column":4},"end":{"line":36,"column":5}},"type":"if","locations":[{"start":{"line":34,"column":4},"end":{"line":36,"column":5}},{"start":{"line":34,"column":4},"end":{"line":36,"column":5}}],"line":34},"4":{"loc":{"start":{"line":41,"column":4},"end":{"line":45,"column":5}},"type":"if","locations":[{"start":{"line":41,"column":4},"end":{"line":45,"column":5}},{"start":{"line":41,"column":4},"end":{"line":45,"column":5}}],"line":41}},"s":{"0":8,"1":8,"2":11,"3":11,"4":11,"5":11,"6":11,"7":11,"8":11,"9":11,"10":11,"11":11,"12":0,"13":11,"14":11,"15":11,"16":11,"17":0,"18":11,"19":11,"20":11,"21":2,"22":2},"f":{"0":11,"1":11,"2":11,"3":2},"b":{"0":[11],"1":[11,0],"2":[0,11],"3":[11,0],"4":[0,11]},"_coverageSchema":"1a1c01bbd47fc00a2c39e90264f33305004495a9","hash":"b17afcff7bd70cd1d2e2fc7acab937834d97d080"}
,"/Users/nikita/Desktop/работа/Javascript/FSD-plugin/src/plugin/modules/subViews/progressBarView.ts": {"path":"/Users/nikita/Desktop/работа/Javascript/FSD-plugin/src/plugin/modules/subViews/progressBarView.ts","statementMap":{"0":{"start":{"line":8,"column":30},"end":{"line":8,"column":75}},"1":{"start":{"line":17,"column":4},"end":{"line":17,"column":81}},"2":{"start":{"line":18,"column":4},"end":{"line":18,"column":39}},"3":{"start":{"line":20,"column":4},"end":{"line":24,"column":5}},"4":{"start":{"line":21,"column":6},"end":{"line":21,"column":70}},"5":{"start":{"line":22,"column":11},"end":{"line":24,"column":5}},"6":{"start":{"line":23,"column":6},"end":{"line":23,"column":68}},"7":{"start":{"line":26,"column":4},"end":{"line":26,"column":18}},"8":{"start":{"line":30,"column":23},"end":{"line":30,"column":52}},"9":{"start":{"line":32,"column":4},"end":{"line":36,"column":5}},"10":{"start":{"line":33,"column":6},"end":{"line":33,"column":48}},"11":{"start":{"line":35,"column":6},"end":{"line":35,"column":56}},"12":{"start":{"line":38,"column":4},"end":{"line":38,"column":53}},"13":{"start":{"line":40,"column":4},"end":{"line":40,"column":16}},"14":{"start":{"line":44,"column":4},"end":{"line":44,"column":55}},"15":{"start":{"line":44,"column":21},"end":{"line":44,"column":55}},"16":{"start":{"line":46,"column":23},"end":{"line":46,"column":69}},"17":{"start":{"line":48,"column":4},"end":{"line":51,"column":7}},"18":{"start":{"line":49,"column":6},"end":{"line":49,"column":25}},"19":{"start":{"line":50,"column":6},"end":{"line":50,"column":96}},"20":{"start":{"line":50,"column":40},"end":{"line":50,"column":96}}},"fnMap":{"0":{"name":"(anonymous_0)","decl":{"start":{"line":11,"column":2},"end":{"line":11,"column":3}},"loc":{"start":{"line":16,"column":4},"end":{"line":27,"column":3}},"line":16},"1":{"name":"(anonymous_1)","decl":{"start":{"line":29,"column":2},"end":{"line":29,"column":3}},"loc":{"start":{"line":29,"column":35},"end":{"line":41,"column":3}},"line":29},"2":{"name":"(anonymous_2)","decl":{"start":{"line":43,"column":2},"end":{"line":43,"column":3}},"loc":{"start":{"line":43,"column":50},"end":{"line":52,"column":3}},"line":43},"3":{"name":"(anonymous_3)","decl":{"start":{"line":48,"column":35},"end":{"line":48,"column":36}},"loc":{"start":{"line":48,"column":47},"end":{"line":51,"column":5}},"line":48}},"branchMap":{"0":{"loc":{"start":{"line":15,"column":4},"end":{"line":15,"column":49}},"type":"default-arg","locations":[{"start":{"line":15,"column":29},"end":{"line":15,"column":49}}],"line":15},"1":{"loc":{"start":{"line":20,"column":4},"end":{"line":24,"column":5}},"type":"if","locations":[{"start":{"line":20,"column":4},"end":{"line":24,"column":5}},{"start":{"line":20,"column":4},"end":{"line":24,"column":5}}],"line":20},"2":{"loc":{"start":{"line":22,"column":11},"end":{"line":24,"column":5}},"type":"if","locations":[{"start":{"line":22,"column":11},"end":{"line":24,"column":5}},{"start":{"line":22,"column":11},"end":{"line":24,"column":5}}],"line":22},"3":{"loc":{"start":{"line":32,"column":4},"end":{"line":36,"column":5}},"type":"if","locations":[{"start":{"line":32,"column":4},"end":{"line":36,"column":5}},{"start":{"line":32,"column":4},"end":{"line":36,"column":5}}],"line":32},"4":{"loc":{"start":{"line":44,"column":4},"end":{"line":44,"column":55}},"type":"if","locations":[{"start":{"line":44,"column":4},"end":{"line":44,"column":55}},{"start":{"line":44,"column":4},"end":{"line":44,"column":55}}],"line":44},"5":{"loc":{"start":{"line":46,"column":23},"end":{"line":46,"column":69}},"type":"cond-expr","locations":[{"start":{"line":46,"column":48},"end":{"line":46,"column":57}},{"start":{"line":46,"column":60},"end":{"line":46,"column":69}}],"line":46},"6":{"loc":{"start":{"line":50,"column":6},"end":{"line":50,"column":96}},"type":"if","locations":[{"start":{"line":50,"column":6},"end":{"line":50,"column":96}},{"start":{"line":50,"column":6},"end":{"line":50,"column":96}}],"line":50}},"s":{"0":8,"1":2,"2":2,"3":2,"4":0,"5":2,"6":0,"7":2,"8":2,"9":2,"10":1,"11":1,"12":2,"13":2,"14":2,"15":2,"16":2,"17":2,"18":0,"19":0,"20":0},"f":{"0":2,"1":2,"2":2,"3":0},"b":{"0":[2],"1":[0,2],"2":[0,2],"3":[1,1],"4":[2,0],"5":[1,1],"6":[0,0]},"_coverageSchema":"1a1c01bbd47fc00a2c39e90264f33305004495a9","hash":"d06fb9b74a21f4ebffba1570d0ca01401cfdb611"}
,"/Users/nikita/Desktop/работа/Javascript/FSD-plugin/src/plugin/modules/subViews/resultView.ts": {"path":"/Users/nikita/Desktop/работа/Javascript/FSD-plugin/src/plugin/modules/subViews/resultView.ts","statementMap":{"0":{"start":{"line":6,"column":30},"end":{"line":6,"column":78}},"1":{"start":{"line":15,"column":4},"end":{"line":15,"column":70}},"2":{"start":{"line":16,"column":4},"end":{"line":16,"column":21}},"3":{"start":{"line":17,"column":4},"end":{"line":17,"column":18}},"4":{"start":{"line":21,"column":4},"end":{"line":23,"column":5}},"5":{"start":{"line":22,"column":6},"end":{"line":22,"column":23}},"6":{"start":{"line":24,"column":4},"end":{"line":24,"column":33}},"7":{"start":{"line":25,"column":4},"end":{"line":25,"column":40}},"8":{"start":{"line":27,"column":4},"end":{"line":27,"column":16}}},"fnMap":{"0":{"name":"(anonymous_0)","decl":{"start":{"line":9,"column":2},"end":{"line":9,"column":3}},"loc":{"start":{"line":14,"column":4},"end":{"line":18,"column":3}},"line":14},"1":{"name":"(anonymous_1)","decl":{"start":{"line":20,"column":2},"end":{"line":20,"column":3}},"loc":{"start":{"line":20,"column":43},"end":{"line":28,"column":3}},"line":20}},"branchMap":{"0":{"loc":{"start":{"line":11,"column":4},"end":{"line":11,"column":27}},"type":"default-arg","locations":[{"start":{"line":11,"column":19},"end":{"line":11,"column":27}}],"line":11},"1":{"loc":{"start":{"line":12,"column":4},"end":{"line":12,"column":43}},"type":"default-arg","locations":[{"start":{"line":12,"column":34},"end":{"line":12,"column":43}}],"line":12},"2":{"loc":{"start":{"line":21,"column":4},"end":{"line":23,"column":5}},"type":"if","locations":[{"start":{"line":21,"column":4},"end":{"line":23,"column":5}},{"start":{"line":21,"column":4},"end":{"line":23,"column":5}}],"line":21}},"s":{"0":8,"1":3,"2":3,"3":3,"4":6,"5":3,"6":6,"7":6,"8":6},"f":{"0":3,"1":6},"b":{"0":[0],"1":[0],"2":[3,3]},"_coverageSchema":"1a1c01bbd47fc00a2c39e90264f33305004495a9","hash":"577bb94e5850697fdc284b1a0a8ae0c3cd9673d2"}
,"/Users/nikita/Desktop/работа/Javascript/FSD-plugin/src/plugin/modules/subViews/tooltipView.ts": {"path":"/Users/nikita/Desktop/работа/Javascript/FSD-plugin/src/plugin/modules/subViews/tooltipView.ts","statementMap":{"0":{"start":{"line":7,"column":30},"end":{"line":7,"column":81}},"1":{"start":{"line":9,"column":25},"end":{"line":9,"column":54}},"2":{"start":{"line":12,"column":4},"end":{"line":12,"column":80}},"3":{"start":{"line":13,"column":4},"end":{"line":13,"column":27}},"4":{"start":{"line":15,"column":4},"end":{"line":17,"column":5}},"5":{"start":{"line":16,"column":6},"end":{"line":16,"column":40}},"6":{"start":{"line":19,"column":4},"end":{"line":19,"column":18}},"7":{"start":{"line":23,"column":4},"end":{"line":23,"column":30}},"8":{"start":{"line":27,"column":4},"end":{"line":27,"column":34}},"9":{"start":{"line":29,"column":4},"end":{"line":29,"column":41}},"10":{"start":{"line":31,"column":4},"end":{"line":31,"column":16}}},"fnMap":{"0":{"name":"(anonymous_0)","decl":{"start":{"line":11,"column":2},"end":{"line":11,"column":3}},"loc":{"start":{"line":11,"column":73},"end":{"line":20,"column":3}},"line":11},"1":{"name":"(anonymous_1)","decl":{"start":{"line":22,"column":2},"end":{"line":22,"column":3}},"loc":{"start":{"line":22,"column":22},"end":{"line":24,"column":3}},"line":22},"2":{"name":"(anonymous_2)","decl":{"start":{"line":26,"column":2},"end":{"line":26,"column":3}},"loc":{"start":{"line":26,"column":31},"end":{"line":32,"column":3}},"line":26}},"branchMap":{"0":{"loc":{"start":{"line":15,"column":4},"end":{"line":17,"column":5}},"type":"if","locations":[{"start":{"line":15,"column":4},"end":{"line":17,"column":5}},{"start":{"line":15,"column":4},"end":{"line":17,"column":5}}],"line":15}},"s":{"0":8,"1":14,"2":14,"3":14,"4":14,"5":14,"6":14,"7":22,"8":22,"9":22,"10":22},"f":{"0":14,"1":22,"2":22},"b":{"0":[14,0]},"_coverageSchema":"1a1c01bbd47fc00a2c39e90264f33305004495a9","hash":"d05790c5bb17e4b8d6ad3de9371ca404bb4c702d"}
}
