{"/Users/nikita/Desktop/работа/Javascript/FSD-plugin/src/plugin/modules/model.ts": {"path":"/Users/nikita/Desktop/работа/Javascript/FSD-plugin/src/plugin/modules/model.ts","statementMap":{"0":{"start":{"line":8,"column":32},"end":{"line":31,"column":3}},"1":{"start":{"line":34,"column":35},"end":{"line":34,"column":36}},"2":{"start":{"line":35,"column":33},"end":{"line":35,"column":34}},"3":{"start":{"line":36,"column":28},"end":{"line":36,"column":29}},"4":{"start":{"line":39,"column":4},"end":{"line":39,"column":28}},"5":{"start":{"line":43,"column":4},"end":{"line":43,"column":26}},"6":{"start":{"line":47,"column":4},"end":{"line":47,"column":24}},"7":{"start":{"line":51,"column":4},"end":{"line":83,"column":5}},"8":{"start":{"line":52,"column":6},"end":{"line":82,"column":7}},"9":{"start":{"line":54,"column":20},"end":{"line":54,"column":41}},"10":{"start":{"line":55,"column":8},"end":{"line":71,"column":9}},"11":{"start":{"line":56,"column":10},"end":{"line":62,"column":11}},"12":{"start":{"line":56,"column":23},"end":{"line":56,"column":24}},"13":{"start":{"line":57,"column":12},"end":{"line":61,"column":13}},"14":{"start":{"line":58,"column":24},"end":{"line":58,"column":30}},"15":{"start":{"line":59,"column":14},"end":{"line":59,"column":34}},"16":{"start":{"line":60,"column":14},"end":{"line":60,"column":31}},"17":{"start":{"line":64,"column":10},"end":{"line":70,"column":11}},"18":{"start":{"line":64,"column":23},"end":{"line":64,"column":24}},"19":{"start":{"line":65,"column":12},"end":{"line":69,"column":13}},"20":{"start":{"line":66,"column":24},"end":{"line":66,"column":30}},"21":{"start":{"line":67,"column":14},"end":{"line":67,"column":34}},"22":{"start":{"line":68,"column":14},"end":{"line":68,"column":31}},"23":{"start":{"line":72,"column":8},"end":{"line":72,"column":19}},"24":{"start":{"line":74,"column":8},"end":{"line":78,"column":9}},"25":{"start":{"line":75,"column":10},"end":{"line":77,"column":13}},"26":{"start":{"line":76,"column":12},"end":{"line":76,"column":25}},"27":{"start":{"line":79,"column":8},"end":{"line":81,"column":11}},"28":{"start":{"line":80,"column":10},"end":{"line":80,"column":23}},"29":{"start":{"line":84,"column":4},"end":{"line":84,"column":24}},"30":{"start":{"line":88,"column":27},"end":{"line":88,"column":56}},"31":{"start":{"line":89,"column":25},"end":{"line":89,"column":42}},"32":{"start":{"line":90,"column":26},"end":{"line":90,"column":37}},"33":{"start":{"line":91,"column":4},"end":{"line":101,"column":5}},"34":{"start":{"line":92,"column":6},"end":{"line":98,"column":9}},"35":{"start":{"line":96,"column":22},"end":{"line":96,"column":46}},"36":{"start":{"line":97,"column":8},"end":{"line":97,"column":66}},"37":{"start":{"line":100,"column":6},"end":{"line":100,"column":37}},"38":{"start":{"line":102,"column":4},"end":{"line":102,"column":27}},"39":{"start":{"line":106,"column":4},"end":{"line":109,"column":5}},"40":{"start":{"line":107,"column":6},"end":{"line":107,"column":31}},"41":{"start":{"line":108,"column":6},"end":{"line":108,"column":40}},"42":{"start":{"line":113,"column":4},"end":{"line":113,"column":59}},"43":{"start":{"line":114,"column":4},"end":{"line":118,"column":5}},"44":{"start":{"line":115,"column":6},"end":{"line":115,"column":48}},"45":{"start":{"line":117,"column":6},"end":{"line":117,"column":69}},"46":{"start":{"line":119,"column":4},"end":{"line":119,"column":41}},"47":{"start":{"line":123,"column":4},"end":{"line":123,"column":35}},"48":{"start":{"line":128,"column":21},"end":{"line":128,"column":34}},"49":{"start":{"line":129,"column":20},"end":{"line":129,"column":42}},"50":{"start":{"line":132,"column":4},"end":{"line":138,"column":5}},"51":{"start":{"line":133,"column":6},"end":{"line":133,"column":38}},"52":{"start":{"line":134,"column":6},"end":{"line":134,"column":64}},"53":{"start":{"line":136,"column":6},"end":{"line":136,"column":37}},"54":{"start":{"line":137,"column":6},"end":{"line":137,"column":65}},"55":{"start":{"line":140,"column":4},"end":{"line":140,"column":45}},"56":{"start":{"line":141,"column":4},"end":{"line":141,"column":41}},"57":{"start":{"line":143,"column":4},"end":{"line":151,"column":5}},"58":{"start":{"line":144,"column":6},"end":{"line":150,"column":7}},"59":{"start":{"line":145,"column":8},"end":{"line":145,"column":37}},"60":{"start":{"line":146,"column":13},"end":{"line":150,"column":7}},"61":{"start":{"line":147,"column":8},"end":{"line":147,"column":52}},"62":{"start":{"line":149,"column":8},"end":{"line":149,"column":86}},"63":{"start":{"line":153,"column":4},"end":{"line":155,"column":29}},"64":{"start":{"line":156,"column":4},"end":{"line":156,"column":68}},"65":{"start":{"line":158,"column":4},"end":{"line":163,"column":5}},"66":{"start":{"line":160,"column":6},"end":{"line":160,"column":19}},"67":{"start":{"line":161,"column":11},"end":{"line":163,"column":5}},"68":{"start":{"line":162,"column":6},"end":{"line":162,"column":26}},"69":{"start":{"line":164,"column":4},"end":{"line":164,"column":24}},"70":{"start":{"line":169,"column":4},"end":{"line":177,"column":5}},"71":{"start":{"line":170,"column":19},"end":{"line":170,"column":23}},"72":{"start":{"line":171,"column":6},"end":{"line":173,"column":9}},"73":{"start":{"line":172,"column":8},"end":{"line":172,"column":51}},"74":{"start":{"line":172,"column":36},"end":{"line":172,"column":51}},"75":{"start":{"line":174,"column":6},"end":{"line":174,"column":20}},"76":{"start":{"line":176,"column":6},"end":{"line":176,"column":70}},"77":{"start":{"line":181,"column":4},"end":{"line":181,"column":66}},"78":{"start":{"line":181,"column":25},"end":{"line":181,"column":66}}},"fnMap":{"0":{"name":"(anonymous_0)","decl":{"start":{"line":38,"column":2},"end":{"line":38,"column":3}},"loc":{"start":{"line":38,"column":34},"end":{"line":40,"column":3}},"line":38},"1":{"name":"(anonymous_1)","decl":{"start":{"line":42,"column":2},"end":{"line":42,"column":3}},"loc":{"start":{"line":42,"column":27},"end":{"line":44,"column":3}},"line":42},"2":{"name":"(anonymous_2)","decl":{"start":{"line":46,"column":2},"end":{"line":46,"column":3}},"loc":{"start":{"line":46,"column":23},"end":{"line":48,"column":3}},"line":46},"3":{"name":"(anonymous_3)","decl":{"start":{"line":50,"column":2},"end":{"line":50,"column":3}},"loc":{"start":{"line":50,"column":29},"end":{"line":85,"column":3}},"line":50},"4":{"name":"(anonymous_4)","decl":{"start":{"line":75,"column":44},"end":{"line":75,"column":45}},"loc":{"start":{"line":75,"column":83},"end":{"line":77,"column":11}},"line":75},"5":{"name":"(anonymous_5)","decl":{"start":{"line":79,"column":42},"end":{"line":79,"column":43}},"loc":{"start":{"line":79,"column":81},"end":{"line":81,"column":9}},"line":79},"6":{"name":"(anonymous_6)","decl":{"start":{"line":87,"column":2},"end":{"line":87,"column":3}},"loc":{"start":{"line":87,"column":32},"end":{"line":103,"column":3}},"line":87},"7":{"name":"(anonymous_7)","decl":{"start":{"line":92,"column":59},"end":{"line":92,"column":60}},"loc":{"start":{"line":95,"column":16},"end":{"line":98,"column":7}},"line":95},"8":{"name":"(anonymous_8)","decl":{"start":{"line":105,"column":2},"end":{"line":105,"column":3}},"loc":{"start":{"line":105,"column":32},"end":{"line":110,"column":3}},"line":105},"9":{"name":"(anonymous_9)","decl":{"start":{"line":112,"column":2},"end":{"line":112,"column":3}},"loc":{"start":{"line":112,"column":38},"end":{"line":120,"column":3}},"line":112},"10":{"name":"(anonymous_10)","decl":{"start":{"line":122,"column":2},"end":{"line":122,"column":3}},"loc":{"start":{"line":122,"column":41},"end":{"line":124,"column":3}},"line":122},"11":{"name":"(anonymous_11)","decl":{"start":{"line":126,"column":2},"end":{"line":126,"column":3}},"loc":{"start":{"line":126,"column":58},"end":{"line":165,"column":3}},"line":126},"12":{"name":"(anonymous_12)","decl":{"start":{"line":167,"column":2},"end":{"line":167,"column":3}},"loc":{"start":{"line":167,"column":53},"end":{"line":178,"column":3}},"line":167},"13":{"name":"(anonymous_13)","decl":{"start":{"line":171,"column":20},"end":{"line":171,"column":21}},"loc":{"start":{"line":171,"column":28},"end":{"line":173,"column":7}},"line":171},"14":{"name":"(anonymous_14)","decl":{"start":{"line":180,"column":2},"end":{"line":180,"column":3}},"loc":{"start":{"line":180,"column":50},"end":{"line":182,"column":3}},"line":180}},"branchMap":{"0":{"loc":{"start":{"line":51,"column":4},"end":{"line":83,"column":5}},"type":"if","locations":[{"start":{"line":51,"column":4},"end":{"line":83,"column":5}},{"start":{"line":51,"column":4},"end":{"line":83,"column":5}}],"line":51},"1":{"loc":{"start":{"line":52,"column":6},"end":{"line":82,"column":7}},"type":"if","locations":[{"start":{"line":52,"column":6},"end":{"line":82,"column":7}},{"start":{"line":52,"column":6},"end":{"line":82,"column":7}}],"line":52},"2":{"loc":{"start":{"line":52,"column":10},"end":{"line":52,"column":71}},"type":"binary-expr","locations":[{"start":{"line":52,"column":10},"end":{"line":52,"column":38}},{"start":{"line":52,"column":42},"end":{"line":52,"column":71}}],"line":52},"3":{"loc":{"start":{"line":55,"column":8},"end":{"line":71,"column":9}},"type":"if","locations":[{"start":{"line":55,"column":8},"end":{"line":71,"column":9}},{"start":{"line":55,"column":8},"end":{"line":71,"column":9}}],"line":55},"4":{"loc":{"start":{"line":57,"column":12},"end":{"line":61,"column":13}},"type":"if","locations":[{"start":{"line":57,"column":12},"end":{"line":61,"column":13}},{"start":{"line":57,"column":12},"end":{"line":61,"column":13}}],"line":57},"5":{"loc":{"start":{"line":65,"column":12},"end":{"line":69,"column":13}},"type":"if","locations":[{"start":{"line":65,"column":12},"end":{"line":69,"column":13}},{"start":{"line":65,"column":12},"end":{"line":69,"column":13}}],"line":65},"6":{"loc":{"start":{"line":74,"column":8},"end":{"line":78,"column":9}},"type":"if","locations":[{"start":{"line":74,"column":8},"end":{"line":78,"column":9}},{"start":{"line":74,"column":8},"end":{"line":78,"column":9}}],"line":74},"7":{"loc":{"start":{"line":91,"column":4},"end":{"line":101,"column":5}},"type":"if","locations":[{"start":{"line":91,"column":4},"end":{"line":101,"column":5}},{"start":{"line":91,"column":4},"end":{"line":101,"column":5}}],"line":91},"8":{"loc":{"start":{"line":97,"column":15},"end":{"line":97,"column":65}},"type":"cond-expr","locations":[{"start":{"line":97,"column":43},"end":{"line":97,"column":56}},{"start":{"line":97,"column":59},"end":{"line":97,"column":65}}],"line":97},"9":{"loc":{"start":{"line":106,"column":4},"end":{"line":109,"column":5}},"type":"if","locations":[{"start":{"line":106,"column":4},"end":{"line":109,"column":5}},{"start":{"line":106,"column":4},"end":{"line":109,"column":5}}],"line":106},"10":{"loc":{"start":{"line":114,"column":4},"end":{"line":118,"column":5}},"type":"if","locations":[{"start":{"line":114,"column":4},"end":{"line":118,"column":5}},{"start":{"line":114,"column":4},"end":{"line":118,"column":5}}],"line":114},"11":{"loc":{"start":{"line":132,"column":4},"end":{"line":138,"column":5}},"type":"if","locations":[{"start":{"line":132,"column":4},"end":{"line":138,"column":5}},{"start":{"line":132,"column":4},"end":{"line":138,"column":5}}],"line":132},"12":{"loc":{"start":{"line":143,"column":4},"end":{"line":151,"column":5}},"type":"if","locations":[{"start":{"line":143,"column":4},"end":{"line":151,"column":5}},{"start":{"line":143,"column":4},"end":{"line":151,"column":5}}],"line":143},"13":{"loc":{"start":{"line":143,"column":8},"end":{"line":143,"column":92}},"type":"binary-expr","locations":[{"start":{"line":143,"column":9},"end":{"line":143,"column":25}},{"start":{"line":143,"column":29},"end":{"line":143,"column":47}},{"start":{"line":143,"column":53},"end":{"line":143,"column":70}},{"start":{"line":143,"column":74},"end":{"line":143,"column":91}}],"line":143},"14":{"loc":{"start":{"line":144,"column":6},"end":{"line":150,"column":7}},"type":"if","locations":[{"start":{"line":144,"column":6},"end":{"line":150,"column":7}},{"start":{"line":144,"column":6},"end":{"line":150,"column":7}}],"line":144},"15":{"loc":{"start":{"line":144,"column":10},"end":{"line":144,"column":48}},"type":"binary-expr","locations":[{"start":{"line":144,"column":10},"end":{"line":144,"column":27}},{"start":{"line":144,"column":31},"end":{"line":144,"column":48}}],"line":144},"16":{"loc":{"start":{"line":146,"column":13},"end":{"line":150,"column":7}},"type":"if","locations":[{"start":{"line":146,"column":13},"end":{"line":150,"column":7}},{"start":{"line":146,"column":13},"end":{"line":150,"column":7}}],"line":146},"17":{"loc":{"start":{"line":146,"column":17},"end":{"line":146,"column":53}},"type":"binary-expr","locations":[{"start":{"line":146,"column":17},"end":{"line":146,"column":33}},{"start":{"line":146,"column":37},"end":{"line":146,"column":53}}],"line":146},"18":{"loc":{"start":{"line":153,"column":12},"end":{"line":155,"column":28}},"type":"cond-expr","locations":[{"start":{"line":154,"column":8},"end":{"line":154,"column":78}},{"start":{"line":155,"column":8},"end":{"line":155,"column":28}}],"line":153},"19":{"loc":{"start":{"line":156,"column":12},"end":{"line":156,"column":67}},"type":"cond-expr","locations":[{"start":{"line":156,"column":22},"end":{"line":156,"column":59}},{"start":{"line":156,"column":62},"end":{"line":156,"column":67}}],"line":156},"20":{"loc":{"start":{"line":158,"column":4},"end":{"line":163,"column":5}},"type":"if","locations":[{"start":{"line":158,"column":4},"end":{"line":163,"column":5}},{"start":{"line":158,"column":4},"end":{"line":163,"column":5}}],"line":158},"21":{"loc":{"start":{"line":158,"column":8},"end":{"line":158,"column":54}},"type":"binary-expr","locations":[{"start":{"line":158,"column":8},"end":{"line":158,"column":29}},{"start":{"line":158,"column":33},"end":{"line":158,"column":54}}],"line":158},"22":{"loc":{"start":{"line":161,"column":11},"end":{"line":163,"column":5}},"type":"if","locations":[{"start":{"line":161,"column":11},"end":{"line":163,"column":5}},{"start":{"line":161,"column":11},"end":{"line":163,"column":5}}],"line":161},"23":{"loc":{"start":{"line":169,"column":4},"end":{"line":177,"column":5}},"type":"if","locations":[{"start":{"line":169,"column":4},"end":{"line":177,"column":5}},{"start":{"line":169,"column":4},"end":{"line":177,"column":5}}],"line":169},"24":{"loc":{"start":{"line":172,"column":8},"end":{"line":172,"column":51}},"type":"if","locations":[{"start":{"line":172,"column":8},"end":{"line":172,"column":51}},{"start":{"line":172,"column":8},"end":{"line":172,"column":51}}],"line":172},"25":{"loc":{"start":{"line":176,"column":13},"end":{"line":176,"column":69}},"type":"binary-expr","locations":[{"start":{"line":176,"column":13},"end":{"line":176,"column":39}},{"start":{"line":176,"column":43},"end":{"line":176,"column":69}}],"line":176},"26":{"loc":{"start":{"line":181,"column":4},"end":{"line":181,"column":66}},"type":"if","locations":[{"start":{"line":181,"column":4},"end":{"line":181,"column":66}},{"start":{"line":181,"column":4},"end":{"line":181,"column":66}}],"line":181}},"s":{"0":7,"1":7,"2":7,"3":7,"4":7,"5":429,"6":19,"7":30,"8":15,"9":11,"10":11,"11":3,"12":3,"13":6,"14":0,"15":0,"16":0,"17":8,"18":8,"19":9,"20":4,"21":4,"22":4,"23":11,"24":4,"25":1,"26":6,"27":3,"28":6,"29":15,"30":9,"31":9,"32":9,"33":9,"34":1,"35":6,"36":6,"37":8,"38":1,"39":3,"40":2,"41":2,"42":11,"43":11,"44":11,"45":0,"46":11,"47":6,"48":14,"49":14,"50":14,"51":2,"52":2,"53":12,"54":12,"55":14,"56":14,"57":14,"58":3,"59":1,"60":2,"61":0,"62":2,"63":14,"64":14,"65":14,"66":8,"67":6,"68":2,"69":4,"70":47,"71":14,"72":14,"73":29,"74":2,"75":14,"76":33,"77":13,"78":5},"f":{"0":7,"1":429,"2":19,"3":30,"4":6,"5":6,"6":9,"7":6,"8":3,"9":11,"10":6,"11":14,"12":47,"13":29,"14":13},"b":{"0":[15,15],"1":[11,4],"2":[15,13],"3":[3,8],"4":[0,6],"5":[4,5],"6":[1,3],"7":[1,8],"8":[4,2],"9":[2,1],"10":[11,0],"11":[2,12],"12":[3,11],"13":[14,3,12,11],"14":[1,2],"15":[3,3],"16":[0,2],"17":[2,0],"18":[14,0],"19":[14,0],"20":[8,6],"21":[14,10],"22":[2,4],"23":[14,33],"24":[2,27],"25":[33,32],"26":[5,8]},"_coverageSchema":"1a1c01bbd47fc00a2c39e90264f33305004495a9","hash":"21ac35b59aef48a0f76f5b776548eb59917998e8"}
,"/Users/nikita/Desktop/работа/Javascript/FSD-plugin/src/plugin/modules/presenter.ts": {"path":"/Users/nikita/Desktop/работа/Javascript/FSD-plugin/src/plugin/modules/presenter.ts","statementMap":{"0":{"start":{"line":10,"column":35},"end":{"line":10,"column":37}},"1":{"start":{"line":19,"column":4},"end":{"line":19,"column":24}},"2":{"start":{"line":20,"column":4},"end":{"line":20,"column":33}},"3":{"start":{"line":21,"column":4},"end":{"line":21,"column":22}},"4":{"start":{"line":22,"column":4},"end":{"line":22,"column":32}},"5":{"start":{"line":23,"column":4},"end":{"line":31,"column":7}},"6":{"start":{"line":24,"column":20},"end":{"line":24,"column":62}},"7":{"start":{"line":25,"column":21},"end":{"line":25,"column":46}},"8":{"start":{"line":26,"column":6},"end":{"line":26,"column":42}},"9":{"start":{"line":27,"column":6},"end":{"line":27,"column":40}},"10":{"start":{"line":28,"column":6},"end":{"line":30,"column":7}},"11":{"start":{"line":29,"column":8},"end":{"line":29,"column":59}},"12":{"start":{"line":32,"column":4},"end":{"line":34,"column":7}},"13":{"start":{"line":33,"column":6},"end":{"line":33,"column":78}},"14":{"start":{"line":33,"column":31},"end":{"line":33,"column":78}},"15":{"start":{"line":35,"column":4},"end":{"line":37,"column":7}},"16":{"start":{"line":36,"column":6},"end":{"line":36,"column":20}},"17":{"start":{"line":38,"column":4},"end":{"line":47,"column":7}},"18":{"start":{"line":39,"column":6},"end":{"line":39,"column":53}},"19":{"start":{"line":40,"column":6},"end":{"line":42,"column":7}},"20":{"start":{"line":41,"column":8},"end":{"line":41,"column":59}},"21":{"start":{"line":43,"column":6},"end":{"line":46,"column":9}},"22":{"start":{"line":44,"column":22},"end":{"line":44,"column":41}},"23":{"start":{"line":45,"column":8},"end":{"line":45,"column":57}},"24":{"start":{"line":48,"column":4},"end":{"line":71,"column":5}},"25":{"start":{"line":49,"column":6},"end":{"line":70,"column":9}},"26":{"start":{"line":50,"column":22},"end":{"line":50,"column":64}},"27":{"start":{"line":51,"column":23},"end":{"line":51,"column":48}},"28":{"start":{"line":52,"column":42},"end":{"line":52,"column":67}},"29":{"start":{"line":53,"column":8},"end":{"line":64,"column":9}},"30":{"start":{"line":54,"column":32},"end":{"line":54,"column":35}},"31":{"start":{"line":56,"column":10},"end":{"line":63,"column":13}},"32":{"start":{"line":57,"column":12},"end":{"line":57,"column":31}},"33":{"start":{"line":58,"column":12},"end":{"line":58,"column":57}},"34":{"start":{"line":59,"column":12},"end":{"line":62,"column":13}},"35":{"start":{"line":60,"column":14},"end":{"line":60,"column":36}},"36":{"start":{"line":61,"column":14},"end":{"line":61,"column":28}},"37":{"start":{"line":65,"column":8},"end":{"line":69,"column":9}},"38":{"start":{"line":66,"column":10},"end":{"line":66,"column":38}},"39":{"start":{"line":67,"column":10},"end":{"line":67,"column":53}},"40":{"start":{"line":68,"column":10},"end":{"line":68,"column":44}},"41":{"start":{"line":75,"column":4},"end":{"line":75,"column":30}},"42":{"start":{"line":79,"column":4},"end":{"line":79,"column":36}},"43":{"start":{"line":83,"column":4},"end":{"line":83,"column":39}},"44":{"start":{"line":87,"column":4},"end":{"line":87,"column":32}},"45":{"start":{"line":91,"column":4},"end":{"line":91,"column":39}},"46":{"start":{"line":95,"column":4},"end":{"line":95,"column":35}},"47":{"start":{"line":99,"column":4},"end":{"line":99,"column":34}},"48":{"start":{"line":103,"column":0},"end":{"line":103,"column":43}}},"fnMap":{"0":{"name":"(anonymous_0)","decl":{"start":{"line":18,"column":2},"end":{"line":18,"column":3}},"loc":{"start":{"line":18,"column":40},"end":{"line":72,"column":3}},"line":18},"1":{"name":"(anonymous_1)","decl":{"start":{"line":23,"column":28},"end":{"line":23,"column":29}},"loc":{"start":{"line":23,"column":75},"end":{"line":31,"column":5}},"line":23},"2":{"name":"(anonymous_2)","decl":{"start":{"line":32,"column":26},"end":{"line":32,"column":27}},"loc":{"start":{"line":32,"column":37},"end":{"line":34,"column":5}},"line":32},"3":{"name":"(anonymous_3)","decl":{"start":{"line":35,"column":36},"end":{"line":35,"column":37}},"loc":{"start":{"line":35,"column":47},"end":{"line":37,"column":5}},"line":35},"4":{"name":"(anonymous_4)","decl":{"start":{"line":38,"column":33},"end":{"line":38,"column":34}},"loc":{"start":{"line":38,"column":44},"end":{"line":47,"column":5}},"line":38},"5":{"name":"(anonymous_5)","decl":{"start":{"line":43,"column":37},"end":{"line":43,"column":38}},"loc":{"start":{"line":43,"column":78},"end":{"line":46,"column":7}},"line":43},"6":{"name":"(anonymous_6)","decl":{"start":{"line":49,"column":29},"end":{"line":49,"column":30}},"loc":{"start":{"line":49,"column":70},"end":{"line":70,"column":7}},"line":49},"7":{"name":"(anonymous_7)","decl":{"start":{"line":56,"column":41},"end":{"line":56,"column":42}},"loc":{"start":{"line":56,"column":49},"end":{"line":63,"column":11}},"line":56},"8":{"name":"(anonymous_8)","decl":{"start":{"line":74,"column":2},"end":{"line":74,"column":3}},"loc":{"start":{"line":74,"column":23},"end":{"line":76,"column":3}},"line":74},"9":{"name":"(anonymous_9)","decl":{"start":{"line":78,"column":2},"end":{"line":78,"column":3}},"loc":{"start":{"line":78,"column":29},"end":{"line":80,"column":3}},"line":78},"10":{"name":"(anonymous_10)","decl":{"start":{"line":82,"column":2},"end":{"line":82,"column":3}},"loc":{"start":{"line":82,"column":32},"end":{"line":84,"column":3}},"line":82},"11":{"name":"(anonymous_11)","decl":{"start":{"line":86,"column":2},"end":{"line":86,"column":3}},"loc":{"start":{"line":86,"column":27},"end":{"line":88,"column":3}},"line":86},"12":{"name":"(anonymous_12)","decl":{"start":{"line":90,"column":2},"end":{"line":90,"column":3}},"loc":{"start":{"line":90,"column":38},"end":{"line":92,"column":3}},"line":90},"13":{"name":"(anonymous_13)","decl":{"start":{"line":94,"column":2},"end":{"line":94,"column":3}},"loc":{"start":{"line":94,"column":32},"end":{"line":96,"column":3}},"line":94},"14":{"name":"(anonymous_14)","decl":{"start":{"line":98,"column":2},"end":{"line":98,"column":3}},"loc":{"start":{"line":98,"column":50},"end":{"line":100,"column":3}},"line":98}},"branchMap":{"0":{"loc":{"start":{"line":28,"column":6},"end":{"line":30,"column":7}},"type":"if","locations":[{"start":{"line":28,"column":6},"end":{"line":30,"column":7}},{"start":{"line":28,"column":6},"end":{"line":30,"column":7}}],"line":28},"1":{"loc":{"start":{"line":33,"column":6},"end":{"line":33,"column":78}},"type":"if","locations":[{"start":{"line":33,"column":6},"end":{"line":33,"column":78}},{"start":{"line":33,"column":6},"end":{"line":33,"column":78}}],"line":33},"2":{"loc":{"start":{"line":40,"column":6},"end":{"line":42,"column":7}},"type":"if","locations":[{"start":{"line":40,"column":6},"end":{"line":42,"column":7}},{"start":{"line":40,"column":6},"end":{"line":42,"column":7}}],"line":40},"3":{"loc":{"start":{"line":48,"column":4},"end":{"line":71,"column":5}},"type":"if","locations":[{"start":{"line":48,"column":4},"end":{"line":71,"column":5}},{"start":{"line":48,"column":4},"end":{"line":71,"column":5}}],"line":48},"4":{"loc":{"start":{"line":53,"column":8},"end":{"line":64,"column":9}},"type":"if","locations":[{"start":{"line":53,"column":8},"end":{"line":64,"column":9}},{"start":{"line":53,"column":8},"end":{"line":64,"column":9}}],"line":53},"5":{"loc":{"start":{"line":59,"column":12},"end":{"line":62,"column":13}},"type":"if","locations":[{"start":{"line":59,"column":12},"end":{"line":62,"column":13}},{"start":{"line":59,"column":12},"end":{"line":62,"column":13}}],"line":59},"6":{"loc":{"start":{"line":65,"column":8},"end":{"line":69,"column":9}},"type":"if","locations":[{"start":{"line":65,"column":8},"end":{"line":69,"column":9}},{"start":{"line":65,"column":8},"end":{"line":69,"column":9}}],"line":65}},"s":{"0":6,"1":6,"2":6,"3":6,"4":6,"5":6,"6":1,"7":1,"8":1,"9":1,"10":1,"11":1,"12":6,"13":1,"14":1,"15":6,"16":4,"17":6,"18":4,"19":4,"20":2,"21":4,"22":8,"23":8,"24":6,"25":6,"26":3,"27":3,"28":3,"29":3,"30":3,"31":3,"32":6,"33":6,"34":6,"35":3,"36":3,"37":3,"38":3,"39":3,"40":3,"41":2,"42":11,"43":4,"44":316,"45":1,"46":1,"47":81,"48":6},"f":{"0":6,"1":1,"2":1,"3":4,"4":4,"5":8,"6":3,"7":6,"8":2,"9":11,"10":4,"11":316,"12":1,"13":1,"14":81},"b":{"0":[1,0],"1":[1,0],"2":[2,2],"3":[6,0],"4":[3,0],"5":[3,3],"6":[3,0]},"_coverageSchema":"1a1c01bbd47fc00a2c39e90264f33305004495a9","hash":"15d548b0cca5c44c2386b6d059bb6ab2bd841c68"}
,"/Users/nikita/Desktop/работа/Javascript/FSD-plugin/src/plugin/modules/view.ts": {"path":"/Users/nikita/Desktop/работа/Javascript/FSD-plugin/src/plugin/modules/view.ts","statementMap":{"0":{"start":{"line":16,"column":35},"end":{"line":16,"column":37}},"1":{"start":{"line":25,"column":37},"end":{"line":30,"column":3}},"2":{"start":{"line":33,"column":4},"end":{"line":36,"column":5}},"3":{"start":{"line":34,"column":6},"end":{"line":34,"column":25}},"4":{"start":{"line":35,"column":6},"end":{"line":35,"column":40}},"5":{"start":{"line":40,"column":4},"end":{"line":40,"column":36}},"6":{"start":{"line":44,"column":4},"end":{"line":44,"column":35}},"7":{"start":{"line":49,"column":4},"end":{"line":59,"column":7}},"8":{"start":{"line":50,"column":6},"end":{"line":58,"column":7}},"9":{"start":{"line":51,"column":8},"end":{"line":57,"column":9}},"10":{"start":{"line":52,"column":10},"end":{"line":54,"column":13}},"11":{"start":{"line":53,"column":12},"end":{"line":53,"column":39}},"12":{"start":{"line":56,"column":10},"end":{"line":56,"column":70}},"13":{"start":{"line":60,"column":4},"end":{"line":60,"column":16}},"14":{"start":{"line":64,"column":4},"end":{"line":64,"column":72}},"15":{"start":{"line":65,"column":4},"end":{"line":65,"column":16}},"16":{"start":{"line":69,"column":4},"end":{"line":73,"column":6}},"17":{"start":{"line":74,"column":4},"end":{"line":76,"column":5}},"18":{"start":{"line":75,"column":6},"end":{"line":75,"column":67}},"19":{"start":{"line":77,"column":4},"end":{"line":77,"column":16}},"20":{"start":{"line":81,"column":4},"end":{"line":86,"column":6}},"21":{"start":{"line":87,"column":4},"end":{"line":87,"column":16}},"22":{"start":{"line":91,"column":4},"end":{"line":95,"column":6}},"23":{"start":{"line":96,"column":4},"end":{"line":96,"column":16}},"24":{"start":{"line":100,"column":4},"end":{"line":100,"column":71}},"25":{"start":{"line":101,"column":4},"end":{"line":101,"column":16}},"26":{"start":{"line":105,"column":21},"end":{"line":105,"column":34}},"27":{"start":{"line":106,"column":4},"end":{"line":121,"column":5}},"28":{"start":{"line":107,"column":6},"end":{"line":109,"column":8}},"29":{"start":{"line":110,"column":6},"end":{"line":112,"column":8}},"30":{"start":{"line":113,"column":21},"end":{"line":113,"column":51}},"31":{"start":{"line":114,"column":6},"end":{"line":120,"column":7}},"32":{"start":{"line":115,"column":8},"end":{"line":115,"column":58}},"33":{"start":{"line":116,"column":8},"end":{"line":116,"column":57}},"34":{"start":{"line":118,"column":8},"end":{"line":118,"column":58}},"35":{"start":{"line":119,"column":8},"end":{"line":119,"column":57}},"36":{"start":{"line":122,"column":4},"end":{"line":122,"column":16}},"37":{"start":{"line":126,"column":4},"end":{"line":132,"column":5}},"38":{"start":{"line":127,"column":6},"end":{"line":131,"column":8}},"39":{"start":{"line":133,"column":4},"end":{"line":133,"column":16}},"40":{"start":{"line":137,"column":4},"end":{"line":145,"column":5}},"41":{"start":{"line":138,"column":6},"end":{"line":138,"column":88}},"42":{"start":{"line":139,"column":6},"end":{"line":139,"column":76}},"43":{"start":{"line":140,"column":6},"end":{"line":144,"column":7}},"44":{"start":{"line":141,"column":8},"end":{"line":141,"column":74}},"45":{"start":{"line":142,"column":13},"end":{"line":144,"column":7}},"46":{"start":{"line":143,"column":8},"end":{"line":143,"column":76}},"47":{"start":{"line":146,"column":4},"end":{"line":146,"column":16}},"48":{"start":{"line":150,"column":4},"end":{"line":162,"column":5}},"49":{"start":{"line":151,"column":6},"end":{"line":155,"column":8}},"50":{"start":{"line":156,"column":6},"end":{"line":156,"column":70}},"51":{"start":{"line":157,"column":6},"end":{"line":161,"column":7}},"52":{"start":{"line":158,"column":8},"end":{"line":158,"column":93}},"53":{"start":{"line":159,"column":13},"end":{"line":161,"column":7}},"54":{"start":{"line":160,"column":8},"end":{"line":160,"column":91}},"55":{"start":{"line":163,"column":4},"end":{"line":163,"column":16}},"56":{"start":{"line":167,"column":4},"end":{"line":190,"column":5}},"57":{"start":{"line":168,"column":29},"end":{"line":168,"column":50}},"58":{"start":{"line":169,"column":6},"end":{"line":176,"column":8}},"59":{"start":{"line":177,"column":6},"end":{"line":177,"column":93}},"60":{"start":{"line":178,"column":6},"end":{"line":178,"column":89}},"61":{"start":{"line":179,"column":6},"end":{"line":189,"column":7}},"62":{"start":{"line":180,"column":8},"end":{"line":183,"column":10}},"63":{"start":{"line":184,"column":13},"end":{"line":189,"column":7}},"64":{"start":{"line":185,"column":8},"end":{"line":188,"column":10}},"65":{"start":{"line":192,"column":4},"end":{"line":192,"column":16}},"66":{"start":{"line":196,"column":4},"end":{"line":198,"column":6}},"67":{"start":{"line":199,"column":4},"end":{"line":201,"column":5}},"68":{"start":{"line":200,"column":6},"end":{"line":200,"column":97}},"69":{"start":{"line":202,"column":4},"end":{"line":204,"column":5}},"70":{"start":{"line":203,"column":6},"end":{"line":203,"column":99}},"71":{"start":{"line":205,"column":4},"end":{"line":207,"column":5}},"72":{"start":{"line":206,"column":6},"end":{"line":206,"column":97}},"73":{"start":{"line":208,"column":4},"end":{"line":210,"column":25}},"74":{"start":{"line":211,"column":4},"end":{"line":211,"column":16}},"75":{"start":{"line":215,"column":4},"end":{"line":221,"column":20}},"76":{"start":{"line":223,"column":4},"end":{"line":225,"column":7}},"77":{"start":{"line":224,"column":6},"end":{"line":224,"column":37}},"78":{"start":{"line":227,"column":4},"end":{"line":227,"column":53}},"79":{"start":{"line":229,"column":4},"end":{"line":237,"column":7}},"80":{"start":{"line":230,"column":6},"end":{"line":230,"column":28}},"81":{"start":{"line":231,"column":6},"end":{"line":235,"column":9}},"82":{"start":{"line":232,"column":8},"end":{"line":234,"column":9}},"83":{"start":{"line":233,"column":10},"end":{"line":233,"column":29}},"84":{"start":{"line":236,"column":6},"end":{"line":236,"column":27}},"85":{"start":{"line":239,"column":4},"end":{"line":241,"column":7}},"86":{"start":{"line":240,"column":6},"end":{"line":240,"column":29}},"87":{"start":{"line":243,"column":4},"end":{"line":243,"column":16}},"88":{"start":{"line":247,"column":4},"end":{"line":255,"column":5}},"89":{"start":{"line":248,"column":6},"end":{"line":248,"column":37}},"90":{"start":{"line":249,"column":6},"end":{"line":254,"column":8}},"91":{"start":{"line":256,"column":4},"end":{"line":256,"column":16}},"92":{"start":{"line":257,"column":4},"end":{"line":257,"column":43}},"93":{"start":{"line":262,"column":21},"end":{"line":262,"column":34}},"94":{"start":{"line":264,"column":4},"end":{"line":268,"column":5}},"95":{"start":{"line":265,"column":6},"end":{"line":265,"column":82}},"96":{"start":{"line":267,"column":6},"end":{"line":267,"column":82}},"97":{"start":{"line":269,"column":4},"end":{"line":273,"column":5}},"98":{"start":{"line":270,"column":6},"end":{"line":270,"column":24}},"99":{"start":{"line":271,"column":11},"end":{"line":273,"column":5}},"100":{"start":{"line":272,"column":6},"end":{"line":272,"column":17}},"101":{"start":{"line":274,"column":4},"end":{"line":274,"column":13}},"102":{"start":{"line":278,"column":4},"end":{"line":278,"column":34}},"103":{"start":{"line":279,"column":4},"end":{"line":279,"column":69}},"104":{"start":{"line":279,"column":25},"end":{"line":279,"column":69}},"105":{"start":{"line":283,"column":0},"end":{"line":283,"column":38}}},"fnMap":{"0":{"name":"(anonymous_0)","decl":{"start":{"line":32,"column":2},"end":{"line":32,"column":3}},"loc":{"start":{"line":32,"column":43},"end":{"line":37,"column":3}},"line":32},"1":{"name":"(anonymous_1)","decl":{"start":{"line":39,"column":2},"end":{"line":39,"column":3}},"loc":{"start":{"line":39,"column":34},"end":{"line":41,"column":3}},"line":39},"2":{"name":"(anonymous_2)","decl":{"start":{"line":43,"column":2},"end":{"line":43,"column":3}},"loc":{"start":{"line":43,"column":41},"end":{"line":45,"column":3}},"line":43},"3":{"name":"(anonymous_3)","decl":{"start":{"line":47,"column":2},"end":{"line":47,"column":3}},"loc":{"start":{"line":47,"column":57},"end":{"line":61,"column":3}},"line":47},"4":{"name":"(anonymous_4)","decl":{"start":{"line":49,"column":29},"end":{"line":49,"column":30}},"loc":{"start":{"line":49,"column":70},"end":{"line":59,"column":5}},"line":49},"5":{"name":"(anonymous_5)","decl":{"start":{"line":52,"column":66},"end":{"line":52,"column":67}},"loc":{"start":{"line":52,"column":77},"end":{"line":54,"column":11}},"line":52},"6":{"name":"(anonymous_6)","decl":{"start":{"line":63,"column":2},"end":{"line":63,"column":3}},"loc":{"start":{"line":63,"column":28},"end":{"line":66,"column":3}},"line":63},"7":{"name":"(anonymous_7)","decl":{"start":{"line":68,"column":2},"end":{"line":68,"column":3}},"loc":{"start":{"line":68,"column":29},"end":{"line":78,"column":3}},"line":68},"8":{"name":"(anonymous_8)","decl":{"start":{"line":80,"column":2},"end":{"line":80,"column":3}},"loc":{"start":{"line":80,"column":27},"end":{"line":88,"column":3}},"line":80},"9":{"name":"(anonymous_9)","decl":{"start":{"line":90,"column":2},"end":{"line":90,"column":3}},"loc":{"start":{"line":90,"column":33},"end":{"line":97,"column":3}},"line":90},"10":{"name":"(anonymous_10)","decl":{"start":{"line":99,"column":2},"end":{"line":99,"column":3}},"loc":{"start":{"line":99,"column":26},"end":{"line":102,"column":3}},"line":99},"11":{"name":"(anonymous_11)","decl":{"start":{"line":104,"column":2},"end":{"line":104,"column":3}},"loc":{"start":{"line":104,"column":28},"end":{"line":123,"column":3}},"line":104},"12":{"name":"(anonymous_12)","decl":{"start":{"line":125,"column":2},"end":{"line":125,"column":3}},"loc":{"start":{"line":125,"column":28},"end":{"line":134,"column":3}},"line":125},"13":{"name":"(anonymous_13)","decl":{"start":{"line":136,"column":2},"end":{"line":136,"column":3}},"loc":{"start":{"line":136,"column":42},"end":{"line":147,"column":3}},"line":136},"14":{"name":"(anonymous_14)","decl":{"start":{"line":149,"column":2},"end":{"line":149,"column":3}},"loc":{"start":{"line":149,"column":33},"end":{"line":164,"column":3}},"line":149},"15":{"name":"(anonymous_15)","decl":{"start":{"line":166,"column":2},"end":{"line":166,"column":3}},"loc":{"start":{"line":166,"column":44},"end":{"line":193,"column":3}},"line":166},"16":{"name":"(anonymous_16)","decl":{"start":{"line":195,"column":2},"end":{"line":195,"column":3}},"loc":{"start":{"line":195,"column":57},"end":{"line":212,"column":3}},"line":195},"17":{"name":"(anonymous_17)","decl":{"start":{"line":214,"column":2},"end":{"line":214,"column":3}},"loc":{"start":{"line":214,"column":22},"end":{"line":244,"column":3}},"line":214},"18":{"name":"(anonymous_18)","decl":{"start":{"line":223,"column":38},"end":{"line":223,"column":39}},"loc":{"start":{"line":223,"column":56},"end":{"line":225,"column":5}},"line":223},"19":{"name":"(anonymous_19)","decl":{"start":{"line":229,"column":28},"end":{"line":229,"column":29}},"loc":{"start":{"line":229,"column":59},"end":{"line":237,"column":5}},"line":229},"20":{"name":"(anonymous_20)","decl":{"start":{"line":231,"column":37},"end":{"line":231,"column":38}},"loc":{"start":{"line":231,"column":60},"end":{"line":235,"column":7}},"line":231},"21":{"name":"(anonymous_21)","decl":{"start":{"line":239,"column":26},"end":{"line":239,"column":27}},"loc":{"start":{"line":239,"column":57},"end":{"line":241,"column":5}},"line":239},"22":{"name":"(anonymous_22)","decl":{"start":{"line":246,"column":2},"end":{"line":246,"column":3}},"loc":{"start":{"line":246,"column":18},"end":{"line":258,"column":3}},"line":246},"23":{"name":"(anonymous_23)","decl":{"start":{"line":260,"column":2},"end":{"line":260,"column":3}},"loc":{"start":{"line":260,"column":46},"end":{"line":275,"column":3}},"line":260},"24":{"name":"(anonymous_24)","decl":{"start":{"line":277,"column":2},"end":{"line":277,"column":3}},"loc":{"start":{"line":277,"column":50},"end":{"line":280,"column":3}},"line":277}},"branchMap":{"0":{"loc":{"start":{"line":33,"column":4},"end":{"line":36,"column":5}},"type":"if","locations":[{"start":{"line":33,"column":4},"end":{"line":36,"column":5}},{"start":{"line":33,"column":4},"end":{"line":36,"column":5}}],"line":33},"1":{"loc":{"start":{"line":50,"column":6},"end":{"line":58,"column":7}},"type":"if","locations":[{"start":{"line":50,"column":6},"end":{"line":58,"column":7}},{"start":{"line":50,"column":6},"end":{"line":58,"column":7}}],"line":50},"2":{"loc":{"start":{"line":51,"column":8},"end":{"line":57,"column":9}},"type":"if","locations":[{"start":{"line":51,"column":8},"end":{"line":57,"column":9}},{"start":{"line":51,"column":8},"end":{"line":57,"column":9}}],"line":51},"3":{"loc":{"start":{"line":74,"column":4},"end":{"line":76,"column":5}},"type":"if","locations":[{"start":{"line":74,"column":4},"end":{"line":76,"column":5}},{"start":{"line":74,"column":4},"end":{"line":76,"column":5}}],"line":74},"4":{"loc":{"start":{"line":106,"column":4},"end":{"line":121,"column":5}},"type":"if","locations":[{"start":{"line":106,"column":4},"end":{"line":121,"column":5}},{"start":{"line":106,"column":4},"end":{"line":121,"column":5}}],"line":106},"5":{"loc":{"start":{"line":114,"column":6},"end":{"line":120,"column":7}},"type":"if","locations":[{"start":{"line":114,"column":6},"end":{"line":120,"column":7}},{"start":{"line":114,"column":6},"end":{"line":120,"column":7}}],"line":114},"6":{"loc":{"start":{"line":114,"column":10},"end":{"line":114,"column":94}},"type":"binary-expr","locations":[{"start":{"line":114,"column":11},"end":{"line":114,"column":28}},{"start":{"line":114,"column":32},"end":{"line":114,"column":49}},{"start":{"line":114,"column":55},"end":{"line":114,"column":71}},{"start":{"line":114,"column":75},"end":{"line":114,"column":93}}],"line":114},"7":{"loc":{"start":{"line":126,"column":4},"end":{"line":132,"column":5}},"type":"if","locations":[{"start":{"line":126,"column":4},"end":{"line":132,"column":5}},{"start":{"line":126,"column":4},"end":{"line":132,"column":5}}],"line":126},"8":{"loc":{"start":{"line":137,"column":4},"end":{"line":145,"column":5}},"type":"if","locations":[{"start":{"line":137,"column":4},"end":{"line":145,"column":5}},{"start":{"line":137,"column":4},"end":{"line":145,"column":5}}],"line":137},"9":{"loc":{"start":{"line":140,"column":6},"end":{"line":144,"column":7}},"type":"if","locations":[{"start":{"line":140,"column":6},"end":{"line":144,"column":7}},{"start":{"line":140,"column":6},"end":{"line":144,"column":7}}],"line":140},"10":{"loc":{"start":{"line":140,"column":10},"end":{"line":140,"column":64}},"type":"binary-expr","locations":[{"start":{"line":140,"column":10},"end":{"line":140,"column":32}},{"start":{"line":140,"column":36},"end":{"line":140,"column":64}}],"line":140},"11":{"loc":{"start":{"line":142,"column":13},"end":{"line":144,"column":7}},"type":"if","locations":[{"start":{"line":142,"column":13},"end":{"line":144,"column":7}},{"start":{"line":142,"column":13},"end":{"line":144,"column":7}}],"line":142},"12":{"loc":{"start":{"line":150,"column":4},"end":{"line":162,"column":5}},"type":"if","locations":[{"start":{"line":150,"column":4},"end":{"line":162,"column":5}},{"start":{"line":150,"column":4},"end":{"line":162,"column":5}}],"line":150},"13":{"loc":{"start":{"line":150,"column":8},"end":{"line":150,"column":72}},"type":"binary-expr","locations":[{"start":{"line":150,"column":8},"end":{"line":150,"column":43}},{"start":{"line":150,"column":47},"end":{"line":150,"column":72}}],"line":150},"14":{"loc":{"start":{"line":157,"column":6},"end":{"line":161,"column":7}},"type":"if","locations":[{"start":{"line":157,"column":6},"end":{"line":161,"column":7}},{"start":{"line":157,"column":6},"end":{"line":161,"column":7}}],"line":157},"15":{"loc":{"start":{"line":159,"column":13},"end":{"line":161,"column":7}},"type":"if","locations":[{"start":{"line":159,"column":13},"end":{"line":161,"column":7}},{"start":{"line":159,"column":13},"end":{"line":161,"column":7}}],"line":159},"16":{"loc":{"start":{"line":167,"column":4},"end":{"line":190,"column":5}},"type":"if","locations":[{"start":{"line":167,"column":4},"end":{"line":190,"column":5}},{"start":{"line":167,"column":4},"end":{"line":190,"column":5}}],"line":167},"17":{"loc":{"start":{"line":167,"column":8},"end":{"line":167,"column":46}},"type":"binary-expr","locations":[{"start":{"line":167,"column":8},"end":{"line":167,"column":27}},{"start":{"line":167,"column":31},"end":{"line":167,"column":46}}],"line":167},"18":{"loc":{"start":{"line":179,"column":6},"end":{"line":189,"column":7}},"type":"if","locations":[{"start":{"line":179,"column":6},"end":{"line":189,"column":7}},{"start":{"line":179,"column":6},"end":{"line":189,"column":7}}],"line":179},"19":{"loc":{"start":{"line":184,"column":13},"end":{"line":189,"column":7}},"type":"if","locations":[{"start":{"line":184,"column":13},"end":{"line":189,"column":7}},{"start":{"line":184,"column":13},"end":{"line":189,"column":7}}],"line":184},"20":{"loc":{"start":{"line":199,"column":4},"end":{"line":201,"column":5}},"type":"if","locations":[{"start":{"line":199,"column":4},"end":{"line":201,"column":5}},{"start":{"line":199,"column":4},"end":{"line":201,"column":5}}],"line":199},"21":{"loc":{"start":{"line":202,"column":4},"end":{"line":204,"column":5}},"type":"if","locations":[{"start":{"line":202,"column":4},"end":{"line":204,"column":5}},{"start":{"line":202,"column":4},"end":{"line":204,"column":5}}],"line":202},"22":{"loc":{"start":{"line":205,"column":4},"end":{"line":207,"column":5}},"type":"if","locations":[{"start":{"line":205,"column":4},"end":{"line":207,"column":5}},{"start":{"line":205,"column":4},"end":{"line":207,"column":5}}],"line":205},"23":{"loc":{"start":{"line":232,"column":8},"end":{"line":234,"column":9}},"type":"if","locations":[{"start":{"line":232,"column":8},"end":{"line":234,"column":9}},{"start":{"line":232,"column":8},"end":{"line":234,"column":9}}],"line":232},"24":{"loc":{"start":{"line":247,"column":4},"end":{"line":255,"column":5}},"type":"if","locations":[{"start":{"line":247,"column":4},"end":{"line":255,"column":5}},{"start":{"line":247,"column":4},"end":{"line":255,"column":5}}],"line":247},"25":{"loc":{"start":{"line":264,"column":4},"end":{"line":268,"column":5}},"type":"if","locations":[{"start":{"line":264,"column":4},"end":{"line":268,"column":5}},{"start":{"line":264,"column":4},"end":{"line":268,"column":5}}],"line":264},"26":{"loc":{"start":{"line":264,"column":8},"end":{"line":264,"column":92}},"type":"binary-expr","locations":[{"start":{"line":264,"column":9},"end":{"line":264,"column":26}},{"start":{"line":264,"column":30},"end":{"line":264,"column":47}},{"start":{"line":264,"column":53},"end":{"line":264,"column":69}},{"start":{"line":264,"column":73},"end":{"line":264,"column":91}}],"line":264},"27":{"loc":{"start":{"line":269,"column":4},"end":{"line":273,"column":5}},"type":"if","locations":[{"start":{"line":269,"column":4},"end":{"line":273,"column":5}},{"start":{"line":269,"column":4},"end":{"line":273,"column":5}}],"line":269},"28":{"loc":{"start":{"line":269,"column":8},"end":{"line":269,"column":44}},"type":"binary-expr","locations":[{"start":{"line":269,"column":8},"end":{"line":269,"column":23}},{"start":{"line":269,"column":27},"end":{"line":269,"column":44}}],"line":269},"29":{"loc":{"start":{"line":271,"column":11},"end":{"line":273,"column":5}},"type":"if","locations":[{"start":{"line":271,"column":11},"end":{"line":273,"column":5}},{"start":{"line":271,"column":11},"end":{"line":273,"column":5}}],"line":271},"30":{"loc":{"start":{"line":279,"column":4},"end":{"line":279,"column":69}},"type":"if","locations":[{"start":{"line":279,"column":4},"end":{"line":279,"column":69}},{"start":{"line":279,"column":4},"end":{"line":279,"column":69}}],"line":279}},"s":{"0":7,"1":7,"2":7,"3":6,"4":6,"5":314,"6":6,"7":10,"8":7,"9":7,"10":0,"11":0,"12":7,"13":10,"14":10,"15":10,"16":10,"17":10,"18":4,"19":10,"20":10,"21":10,"22":10,"23":10,"24":10,"25":10,"26":10,"27":10,"28":3,"29":3,"30":3,"31":3,"32":0,"33":0,"34":3,"35":3,"36":10,"37":10,"38":3,"39":10,"40":19,"41":12,"42":12,"43":12,"44":7,"45":5,"46":5,"47":19,"48":19,"49":2,"50":2,"51":2,"52":0,"53":2,"54":0,"55":19,"56":19,"57":5,"58":5,"59":5,"60":5,"61":5,"62":0,"63":5,"64":0,"65":19,"66":19,"67":19,"68":0,"69":19,"70":12,"71":19,"72":0,"73":19,"74":19,"75":10,"76":10,"77":19,"78":10,"79":10,"80":1,"81":1,"82":2,"83":0,"84":1,"85":10,"86":2,"87":10,"88":4,"89":4,"90":4,"91":4,"92":4,"93":31,"94":31,"95":7,"96":24,"97":31,"98":31,"99":0,"100":0,"101":0,"102":74,"103":74,"104":74,"105":7},"f":{"0":7,"1":314,"2":6,"3":10,"4":7,"5":0,"6":10,"7":10,"8":10,"9":10,"10":10,"11":10,"12":10,"13":19,"14":19,"15":19,"16":19,"17":10,"18":19,"19":1,"20":2,"21":2,"22":4,"23":31,"24":74},"b":{"0":[6,1],"1":[7,0],"2":[0,7],"3":[4,6],"4":[3,7],"5":[0,3],"6":[3,3,3,0],"7":[3,7],"8":[12,7],"9":[7,5],"10":[12,7],"11":[5,0],"12":[2,17],"13":[19,10],"14":[0,2],"15":[0,2],"16":[5,14],"17":[19,10],"18":[0,5],"19":[0,5],"20":[0,19],"21":[12,7],"22":[0,19],"23":[0,2],"24":[4,0],"25":[7,24],"26":[31,31,24,0],"27":[31,0],"28":[31,31],"29":[0,0],"30":[74,0]},"_coverageSchema":"1a1c01bbd47fc00a2c39e90264f33305004495a9","hash":"fe3b0eb611226bd56144390694efa439e9f1f9b3"}
,"/Users/nikita/Desktop/работа/Javascript/FSD-plugin/src/plugin/modules/mixins/eventsMixin.ts": {"path":"/Users/nikita/Desktop/работа/Javascript/FSD-plugin/src/plugin/modules/mixins/eventsMixin.ts","statementMap":{"0":{"start":{"line":1,"column":15},"end":{"line":26,"column":1}},"1":{"start":{"line":3,"column":23},"end":{"line":3,"column":43}},"2":{"start":{"line":4,"column":4},"end":{"line":9,"column":7}},"3":{"start":{"line":5,"column":6},"end":{"line":8,"column":7}},"4":{"start":{"line":5,"column":38},"end":{"line":5,"column":79}},"5":{"start":{"line":7,"column":8},"end":{"line":7,"column":47}},"6":{"start":{"line":13,"column":23},"end":{"line":13,"column":43}},"7":{"start":{"line":14,"column":4},"end":{"line":16,"column":7}},"8":{"start":{"line":15,"column":6},"end":{"line":15,"column":72}},"9":{"start":{"line":15,"column":38},"end":{"line":15,"column":72}},"10":{"start":{"line":20,"column":23},"end":{"line":20,"column":43}},"11":{"start":{"line":21,"column":4},"end":{"line":24,"column":7}},"12":{"start":{"line":22,"column":6},"end":{"line":23,"column":95}},"13":{"start":{"line":23,"column":8},"end":{"line":23,"column":95}},"14":{"start":{"line":23,"column":66},"end":{"line":23,"column":93}}},"fnMap":{"0":{"name":"(anonymous_0)","decl":{"start":{"line":2,"column":2},"end":{"line":2,"column":3}},"loc":{"start":{"line":2,"column":43},"end":{"line":10,"column":3}},"line":2},"1":{"name":"(anonymous_1)","decl":{"start":{"line":4,"column":23},"end":{"line":4,"column":24}},"loc":{"start":{"line":4,"column":32},"end":{"line":9,"column":5}},"line":4},"2":{"name":"(anonymous_2)","decl":{"start":{"line":12,"column":2},"end":{"line":12,"column":3}},"loc":{"start":{"line":12,"column":25},"end":{"line":17,"column":3}},"line":12},"3":{"name":"(anonymous_3)","decl":{"start":{"line":14,"column":23},"end":{"line":14,"column":24}},"loc":{"start":{"line":14,"column":32},"end":{"line":16,"column":5}},"line":14},"4":{"name":"(anonymous_4)","decl":{"start":{"line":19,"column":2},"end":{"line":19,"column":3}},"loc":{"start":{"line":19,"column":40},"end":{"line":25,"column":3}},"line":19},"5":{"name":"(anonymous_5)","decl":{"start":{"line":21,"column":23},"end":{"line":21,"column":24}},"loc":{"start":{"line":21,"column":32},"end":{"line":24,"column":5}},"line":21},"6":{"name":"(anonymous_6)","decl":{"start":{"line":23,"column":43},"end":{"line":23,"column":44}},"loc":{"start":{"line":23,"column":66},"end":{"line":23,"column":93}},"line":23}},"branchMap":{"0":{"loc":{"start":{"line":5,"column":6},"end":{"line":8,"column":7}},"type":"if","locations":[{"start":{"line":5,"column":6},"end":{"line":8,"column":7}},{"start":{"line":5,"column":6},"end":{"line":8,"column":7}}],"line":5},"1":{"loc":{"start":{"line":15,"column":6},"end":{"line":15,"column":72}},"type":"if","locations":[{"start":{"line":15,"column":6},"end":{"line":15,"column":72}},{"start":{"line":15,"column":6},"end":{"line":15,"column":72}}],"line":15},"2":{"loc":{"start":{"line":22,"column":6},"end":{"line":23,"column":95}},"type":"if","locations":[{"start":{"line":22,"column":6},"end":{"line":23,"column":95}},{"start":{"line":22,"column":6},"end":{"line":23,"column":95}}],"line":22}},"s":{"0":7,"1":64,"2":64,"3":64,"4":12,"5":52,"6":3,"7":3,"8":6,"9":6,"10":235,"11":235,"12":242,"13":29,"14":33},"f":{"0":64,"1":64,"2":3,"3":6,"4":235,"5":242,"6":33},"b":{"0":[12,52],"1":[6,0],"2":[29,213]},"_coverageSchema":"1a1c01bbd47fc00a2c39e90264f33305004495a9","hash":"c34102698749dcc98d6ecb321554eab2a9cb6531"}
,"/Users/nikita/Desktop/работа/Javascript/FSD-plugin/src/plugin/modules/subViews/baseView.ts": {"path":"/Users/nikita/Desktop/работа/Javascript/FSD-plugin/src/plugin/modules/subViews/baseView.ts","statementMap":{"0":{"start":{"line":6,"column":30},"end":{"line":6,"column":70}},"1":{"start":{"line":7,"column":26},"end":{"line":7,"column":53}},"2":{"start":{"line":10,"column":4},"end":{"line":10,"column":81}},"3":{"start":{"line":11,"column":4},"end":{"line":13,"column":5}},"4":{"start":{"line":12,"column":6},"end":{"line":12,"column":41}},"5":{"start":{"line":17,"column":4},"end":{"line":17,"column":26}},"6":{"start":{"line":19,"column":23},"end":{"line":19,"column":69}},"7":{"start":{"line":21,"column":4},"end":{"line":24,"column":7}},"8":{"start":{"line":22,"column":6},"end":{"line":22,"column":25}},"9":{"start":{"line":23,"column":6},"end":{"line":23,"column":55}}},"fnMap":{"0":{"name":"(anonymous_0)","decl":{"start":{"line":9,"column":2},"end":{"line":9,"column":3}},"loc":{"start":{"line":9,"column":97},"end":{"line":14,"column":3}},"line":9},"1":{"name":"(anonymous_1)","decl":{"start":{"line":16,"column":2},"end":{"line":16,"column":3}},"loc":{"start":{"line":16,"column":37},"end":{"line":25,"column":3}},"line":16},"2":{"name":"(anonymous_2)","decl":{"start":{"line":21,"column":35},"end":{"line":21,"column":36}},"loc":{"start":{"line":21,"column":47},"end":{"line":24,"column":5}},"line":21}},"branchMap":{"0":{"loc":{"start":{"line":9,"column":57},"end":{"line":9,"column":95}},"type":"default-arg","locations":[{"start":{"line":9,"column":82},"end":{"line":9,"column":95}}],"line":9},"1":{"loc":{"start":{"line":11,"column":4},"end":{"line":13,"column":5}},"type":"if","locations":[{"start":{"line":11,"column":4},"end":{"line":13,"column":5}},{"start":{"line":11,"column":4},"end":{"line":13,"column":5}}],"line":11},"2":{"loc":{"start":{"line":19,"column":23},"end":{"line":19,"column":69}},"type":"cond-expr","locations":[{"start":{"line":19,"column":48},"end":{"line":19,"column":57}},{"start":{"line":19,"column":60},"end":{"line":19,"column":69}}],"line":19}},"s":{"0":7,"1":10,"2":10,"3":10,"4":10,"5":10,"6":10,"7":10,"8":2,"9":2},"f":{"0":10,"1":10,"2":2},"b":{"0":[10],"1":[10,0],"2":[4,6]},"_coverageSchema":"1a1c01bbd47fc00a2c39e90264f33305004495a9","hash":"e2a35e78507671a69acdc4f0fb7284c1460fe263"}
,"/Users/nikita/Desktop/работа/Javascript/FSD-plugin/src/plugin/modules/subViews/basicElementView.ts": {"path":"/Users/nikita/Desktop/работа/Javascript/FSD-plugin/src/plugin/modules/subViews/basicElementView.ts","statementMap":{"0":{"start":{"line":7,"column":35},"end":{"line":7,"column":37}},"1":{"start":{"line":23,"column":4},"end":{"line":23,"column":27}},"2":{"start":{"line":24,"column":4},"end":{"line":24,"column":25}},"3":{"start":{"line":25,"column":4},"end":{"line":25,"column":22}},"4":{"start":{"line":26,"column":4},"end":{"line":26,"column":23}},"5":{"start":{"line":30,"column":4},"end":{"line":30,"column":31}},"6":{"start":{"line":34,"column":4},"end":{"line":34,"column":34}},"7":{"start":{"line":35,"column":4},"end":{"line":35,"column":43}},"8":{"start":{"line":39,"column":4},"end":{"line":39,"column":40}},"9":{"start":{"line":40,"column":4},"end":{"line":40,"column":16}},"10":{"start":{"line":44,"column":4},"end":{"line":44,"column":37}},"11":{"start":{"line":45,"column":4},"end":{"line":45,"column":16}},"12":{"start":{"line":55,"column":4},"end":{"line":60,"column":5}},"13":{"start":{"line":56,"column":6},"end":{"line":56,"column":53}},"14":{"start":{"line":57,"column":6},"end":{"line":57,"column":18}},"15":{"start":{"line":59,"column":6},"end":{"line":59,"column":44}},"16":{"start":{"line":64,"column":4},"end":{"line":64,"column":26}},"17":{"start":{"line":68,"column":4},"end":{"line":68,"column":54}},"18":{"start":{"line":68,"column":21},"end":{"line":68,"column":54}},"19":{"start":{"line":72,"column":0},"end":{"line":72,"column":50}}},"fnMap":{"0":{"name":"(anonymous_0)","decl":{"start":{"line":17,"column":2},"end":{"line":17,"column":3}},"loc":{"start":{"line":22,"column":4},"end":{"line":27,"column":3}},"line":22},"1":{"name":"(anonymous_1)","decl":{"start":{"line":29,"column":2},"end":{"line":29,"column":3}},"loc":{"start":{"line":29,"column":27},"end":{"line":31,"column":3}},"line":29},"2":{"name":"(anonymous_2)","decl":{"start":{"line":33,"column":2},"end":{"line":33,"column":3}},"loc":{"start":{"line":33,"column":50},"end":{"line":36,"column":3}},"line":33},"3":{"name":"(anonymous_3)","decl":{"start":{"line":38,"column":2},"end":{"line":38,"column":3}},"loc":{"start":{"line":38,"column":45},"end":{"line":41,"column":3}},"line":38},"4":{"name":"(anonymous_4)","decl":{"start":{"line":43,"column":2},"end":{"line":43,"column":3}},"loc":{"start":{"line":43,"column":42},"end":{"line":46,"column":3}},"line":43},"5":{"name":"(anonymous_5)","decl":{"start":{"line":48,"column":2},"end":{"line":48,"column":3}},"loc":{"start":{"line":54,"column":9},"end":{"line":61,"column":3}},"line":54},"6":{"name":"(anonymous_6)","decl":{"start":{"line":63,"column":2},"end":{"line":63,"column":3}},"loc":{"start":{"line":63,"column":24},"end":{"line":65,"column":3}},"line":63},"7":{"name":"(anonymous_7)","decl":{"start":{"line":67,"column":2},"end":{"line":67,"column":3}},"loc":{"start":{"line":67,"column":56},"end":{"line":69,"column":3}},"line":67}},"branchMap":{"0":{"loc":{"start":{"line":20,"column":4},"end":{"line":20,"column":55}},"type":"default-arg","locations":[{"start":{"line":20,"column":46},"end":{"line":20,"column":55}}],"line":20},"1":{"loc":{"start":{"line":21,"column":4},"end":{"line":21,"column":55}},"type":"default-arg","locations":[{"start":{"line":21,"column":29},"end":{"line":21,"column":55}}],"line":21},"2":{"loc":{"start":{"line":55,"column":4},"end":{"line":60,"column":5}},"type":"if","locations":[{"start":{"line":55,"column":4},"end":{"line":60,"column":5}},{"start":{"line":55,"column":4},"end":{"line":60,"column":5}}],"line":55},"3":{"loc":{"start":{"line":68,"column":4},"end":{"line":68,"column":54}},"type":"if","locations":[{"start":{"line":68,"column":4},"end":{"line":68,"column":54}},{"start":{"line":68,"column":4},"end":{"line":68,"column":54}}],"line":68}},"s":{"0":98,"1":98,"2":98,"3":98,"4":98,"5":68,"6":74,"7":74,"8":11,"9":11,"10":37,"11":37,"12":2,"13":1,"14":1,"15":1,"16":5,"17":81,"18":70,"19":7},"f":{"0":98,"1":68,"2":74,"3":11,"4":37,"5":2,"6":5,"7":81},"b":{"0":[11],"1":[52],"2":[1,1],"3":[70,11]},"_coverageSchema":"1a1c01bbd47fc00a2c39e90264f33305004495a9","hash":"bbcc266c0ed9a18e80d02e709d0fb5ba4bed606a"}
,"/Users/nikita/Desktop/работа/Javascript/FSD-plugin/src/plugin/modules/subViews/boundView.ts": {"path":"/Users/nikita/Desktop/работа/Javascript/FSD-plugin/src/plugin/modules/subViews/boundView.ts","statementMap":{"0":{"start":{"line":6,"column":30},"end":{"line":6,"column":77}},"1":{"start":{"line":15,"column":4},"end":{"line":15,"column":69}},"2":{"start":{"line":16,"column":4},"end":{"line":16,"column":23}},"3":{"start":{"line":17,"column":4},"end":{"line":17,"column":18}},"4":{"start":{"line":21,"column":4},"end":{"line":21,"column":34}},"5":{"start":{"line":22,"column":4},"end":{"line":22,"column":47}}},"fnMap":{"0":{"name":"(anonymous_0)","decl":{"start":{"line":9,"column":2},"end":{"line":9,"column":3}},"loc":{"start":{"line":14,"column":4},"end":{"line":18,"column":3}},"line":14},"1":{"name":"(anonymous_1)","decl":{"start":{"line":20,"column":2},"end":{"line":20,"column":3}},"loc":{"start":{"line":20,"column":24},"end":{"line":23,"column":3}},"line":20}},"branchMap":{"0":{"loc":{"start":{"line":12,"column":4},"end":{"line":12,"column":43}},"type":"default-arg","locations":[{"start":{"line":12,"column":34},"end":{"line":12,"column":43}}],"line":12}},"s":{"0":7,"1":6,"2":6,"3":6,"4":6,"5":6},"f":{"0":6,"1":6},"b":{"0":[0]},"_coverageSchema":"1a1c01bbd47fc00a2c39e90264f33305004495a9","hash":"3f0f4f0c5c116fa884e37ccac09a29ea34d5243b"}
,"/Users/nikita/Desktop/работа/Javascript/FSD-plugin/src/plugin/modules/subViews/connectorView.ts": {"path":"/Users/nikita/Desktop/работа/Javascript/FSD-plugin/src/plugin/modules/subViews/connectorView.ts","statementMap":{"0":{"start":{"line":7,"column":30},"end":{"line":7,"column":75}},"1":{"start":{"line":19,"column":4},"end":{"line":19,"column":73}},"2":{"start":{"line":20,"column":4},"end":{"line":20,"column":23}},"3":{"start":{"line":21,"column":4},"end":{"line":21,"column":41}},"4":{"start":{"line":22,"column":4},"end":{"line":22,"column":18}},"5":{"start":{"line":26,"column":23},"end":{"line":26,"column":56}},"6":{"start":{"line":27,"column":29},"end":{"line":27,"column":62}},"7":{"start":{"line":29,"column":4},"end":{"line":33,"column":5}},"8":{"start":{"line":30,"column":6},"end":{"line":30,"column":61}},"9":{"start":{"line":32,"column":6},"end":{"line":32,"column":61}},"10":{"start":{"line":35,"column":4},"end":{"line":41,"column":5}},"11":{"start":{"line":36,"column":6},"end":{"line":36,"column":56}},"12":{"start":{"line":37,"column":6},"end":{"line":37,"column":59}},"13":{"start":{"line":39,"column":6},"end":{"line":39,"column":57}},"14":{"start":{"line":40,"column":6},"end":{"line":40,"column":58}},"15":{"start":{"line":43,"column":4},"end":{"line":43,"column":51}},"16":{"start":{"line":45,"column":4},"end":{"line":45,"column":16}},"17":{"start":{"line":49,"column":4},"end":{"line":49,"column":55}},"18":{"start":{"line":49,"column":21},"end":{"line":49,"column":55}}},"fnMap":{"0":{"name":"(anonymous_0)","decl":{"start":{"line":12,"column":2},"end":{"line":12,"column":3}},"loc":{"start":{"line":18,"column":4},"end":{"line":23,"column":3}},"line":18},"1":{"name":"(anonymous_1)","decl":{"start":{"line":25,"column":2},"end":{"line":25,"column":3}},"loc":{"start":{"line":25,"column":33},"end":{"line":46,"column":3}},"line":25},"2":{"name":"(anonymous_2)","decl":{"start":{"line":48,"column":2},"end":{"line":48,"column":3}},"loc":{"start":{"line":48,"column":48},"end":{"line":50,"column":3}},"line":48}},"branchMap":{"0":{"loc":{"start":{"line":14,"column":4},"end":{"line":14,"column":21}},"type":"default-arg","locations":[{"start":{"line":14,"column":20},"end":{"line":14,"column":21}}],"line":14},"1":{"loc":{"start":{"line":16,"column":4},"end":{"line":16,"column":43}},"type":"default-arg","locations":[{"start":{"line":16,"column":34},"end":{"line":16,"column":43}}],"line":16},"2":{"loc":{"start":{"line":17,"column":4},"end":{"line":17,"column":47}},"type":"default-arg","locations":[{"start":{"line":17,"column":29},"end":{"line":17,"column":47}}],"line":17},"3":{"loc":{"start":{"line":29,"column":4},"end":{"line":33,"column":5}},"type":"if","locations":[{"start":{"line":29,"column":4},"end":{"line":33,"column":5}},{"start":{"line":29,"column":4},"end":{"line":33,"column":5}}],"line":29},"4":{"loc":{"start":{"line":35,"column":4},"end":{"line":41,"column":5}},"type":"if","locations":[{"start":{"line":35,"column":4},"end":{"line":41,"column":5}},{"start":{"line":35,"column":4},"end":{"line":41,"column":5}}],"line":35},"5":{"loc":{"start":{"line":49,"column":4},"end":{"line":49,"column":55}},"type":"if","locations":[{"start":{"line":49,"column":4},"end":{"line":49,"column":55}},{"start":{"line":49,"column":4},"end":{"line":49,"column":55}}],"line":49}},"s":{"0":7,"1":5,"2":5,"3":5,"4":5,"5":9,"6":9,"7":9,"8":8,"9":1,"10":9,"11":3,"12":3,"13":6,"14":6,"15":9,"16":9,"17":5,"18":5},"f":{"0":5,"1":9,"2":5},"b":{"0":[0],"1":[0],"2":[5],"3":[8,1],"4":[3,6],"5":[5,0]},"_coverageSchema":"1a1c01bbd47fc00a2c39e90264f33305004495a9","hash":"510b52ecd891f523f146e5dd391d767378b2ac52"}
,"/Users/nikita/Desktop/работа/Javascript/FSD-plugin/src/plugin/modules/subViews/handlerView.ts": {"path":"/Users/nikita/Desktop/работа/Javascript/FSD-plugin/src/plugin/modules/subViews/handlerView.ts","statementMap":{"0":{"start":{"line":9,"column":30},"end":{"line":9,"column":75}},"1":{"start":{"line":11,"column":23},"end":{"line":11,"column":50}},"2":{"start":{"line":12,"column":22},"end":{"line":12,"column":48}},"3":{"start":{"line":14,"column":29},"end":{"line":14,"column":34}},"4":{"start":{"line":15,"column":28},"end":{"line":15,"column":33}},"5":{"start":{"line":31,"column":4},"end":{"line":31,"column":77}},"6":{"start":{"line":32,"column":4},"end":{"line":32,"column":23}},"7":{"start":{"line":33,"column":4},"end":{"line":33,"column":33}},"8":{"start":{"line":34,"column":4},"end":{"line":34,"column":23}},"9":{"start":{"line":35,"column":4},"end":{"line":35,"column":18}},"10":{"start":{"line":39,"column":4},"end":{"line":39,"column":26}},"11":{"start":{"line":41,"column":23},"end":{"line":41,"column":69}},"12":{"start":{"line":43,"column":4},"end":{"line":57,"column":7}},"13":{"start":{"line":44,"column":6},"end":{"line":44,"column":25}},"14":{"start":{"line":45,"column":6},"end":{"line":56,"column":7}},"15":{"start":{"line":46,"column":8},"end":{"line":46,"column":43}},"16":{"start":{"line":47,"column":8},"end":{"line":49,"column":11}},"17":{"start":{"line":48,"column":10},"end":{"line":48,"column":61}},"18":{"start":{"line":50,"column":8},"end":{"line":55,"column":11}},"19":{"start":{"line":51,"column":10},"end":{"line":54,"column":11}},"20":{"start":{"line":52,"column":12},"end":{"line":52,"column":45}},"21":{"start":{"line":53,"column":12},"end":{"line":53,"column":45}},"22":{"start":{"line":59,"column":4},"end":{"line":69,"column":7}},"23":{"start":{"line":60,"column":6},"end":{"line":60,"column":25}},"24":{"start":{"line":61,"column":6},"end":{"line":61,"column":41}},"25":{"start":{"line":62,"column":6},"end":{"line":64,"column":9}},"26":{"start":{"line":63,"column":8},"end":{"line":63,"column":70}},"27":{"start":{"line":65,"column":6},"end":{"line":68,"column":9}},"28":{"start":{"line":66,"column":8},"end":{"line":66,"column":42}},"29":{"start":{"line":67,"column":8},"end":{"line":67,"column":41}},"30":{"start":{"line":76,"column":4},"end":{"line":76,"column":69}},"31":{"start":{"line":76,"column":40},"end":{"line":76,"column":69}},"32":{"start":{"line":77,"column":4},"end":{"line":77,"column":54}},"33":{"start":{"line":77,"column":35},"end":{"line":77,"column":54}},"34":{"start":{"line":79,"column":4},"end":{"line":83,"column":5}},"35":{"start":{"line":80,"column":6},"end":{"line":80,"column":66}},"36":{"start":{"line":82,"column":6},"end":{"line":82,"column":67}},"37":{"start":{"line":85,"column":4},"end":{"line":85,"column":41}},"38":{"start":{"line":87,"column":4},"end":{"line":87,"column":48}},"39":{"start":{"line":87,"column":24},"end":{"line":87,"column":48}},"40":{"start":{"line":88,"column":4},"end":{"line":88,"column":44}},"41":{"start":{"line":88,"column":22},"end":{"line":88,"column":44}},"42":{"start":{"line":90,"column":4},"end":{"line":90,"column":16}},"43":{"start":{"line":94,"column":4},"end":{"line":94,"column":28}},"44":{"start":{"line":95,"column":4},"end":{"line":99,"column":5}},"45":{"start":{"line":96,"column":6},"end":{"line":96,"column":38}},"46":{"start":{"line":98,"column":6},"end":{"line":98,"column":41}},"47":{"start":{"line":103,"column":4},"end":{"line":103,"column":27}},"48":{"start":{"line":104,"column":4},"end":{"line":108,"column":5}},"49":{"start":{"line":105,"column":6},"end":{"line":105,"column":37}},"50":{"start":{"line":107,"column":6},"end":{"line":107,"column":40}},"51":{"start":{"line":112,"column":4},"end":{"line":112,"column":24}},"52":{"start":{"line":116,"column":4},"end":{"line":116,"column":23}}},"fnMap":{"0":{"name":"(anonymous_0)","decl":{"start":{"line":23,"column":2},"end":{"line":23,"column":3}},"loc":{"start":{"line":30,"column":4},"end":{"line":36,"column":3}},"line":30},"1":{"name":"(anonymous_1)","decl":{"start":{"line":38,"column":2},"end":{"line":38,"column":3}},"loc":{"start":{"line":38,"column":40},"end":{"line":70,"column":3}},"line":38},"2":{"name":"(anonymous_2)","decl":{"start":{"line":43,"column":33},"end":{"line":43,"column":34}},"loc":{"start":{"line":43,"column":45},"end":{"line":57,"column":5}},"line":43},"3":{"name":"(anonymous_3)","decl":{"start":{"line":47,"column":34},"end":{"line":47,"column":35}},"loc":{"start":{"line":47,"column":47},"end":{"line":49,"column":9}},"line":47},"4":{"name":"(anonymous_4)","decl":{"start":{"line":50,"column":32},"end":{"line":50,"column":33}},"loc":{"start":{"line":50,"column":45},"end":{"line":55,"column":9}},"line":50},"5":{"name":"(anonymous_5)","decl":{"start":{"line":59,"column":34},"end":{"line":59,"column":35}},"loc":{"start":{"line":59,"column":46},"end":{"line":69,"column":5}},"line":59},"6":{"name":"(anonymous_6)","decl":{"start":{"line":62,"column":32},"end":{"line":62,"column":33}},"loc":{"start":{"line":62,"column":45},"end":{"line":64,"column":7}},"line":62},"7":{"name":"(anonymous_7)","decl":{"start":{"line":65,"column":31},"end":{"line":65,"column":32}},"loc":{"start":{"line":65,"column":44},"end":{"line":68,"column":7}},"line":65},"8":{"name":"(anonymous_8)","decl":{"start":{"line":72,"column":2},"end":{"line":72,"column":3}},"loc":{"start":{"line":75,"column":17},"end":{"line":91,"column":3}},"line":75},"9":{"name":"(anonymous_9)","decl":{"start":{"line":93,"column":2},"end":{"line":93,"column":3}},"loc":{"start":{"line":93,"column":32},"end":{"line":100,"column":3}},"line":93},"10":{"name":"(anonymous_10)","decl":{"start":{"line":102,"column":2},"end":{"line":102,"column":3}},"loc":{"start":{"line":102,"column":31},"end":{"line":109,"column":3}},"line":102},"11":{"name":"(anonymous_11)","decl":{"start":{"line":111,"column":2},"end":{"line":111,"column":3}},"loc":{"start":{"line":111,"column":24},"end":{"line":113,"column":3}},"line":111},"12":{"name":"(anonymous_12)","decl":{"start":{"line":115,"column":2},"end":{"line":115,"column":3}},"loc":{"start":{"line":115,"column":23},"end":{"line":117,"column":3}},"line":115}},"branchMap":{"0":{"loc":{"start":{"line":25,"column":4},"end":{"line":25,"column":21}},"type":"default-arg","locations":[{"start":{"line":25,"column":20},"end":{"line":25,"column":21}}],"line":25},"1":{"loc":{"start":{"line":26,"column":4},"end":{"line":26,"column":26}},"type":"default-arg","locations":[{"start":{"line":26,"column":25},"end":{"line":26,"column":26}}],"line":26},"2":{"loc":{"start":{"line":27,"column":4},"end":{"line":27,"column":21}},"type":"default-arg","locations":[{"start":{"line":27,"column":20},"end":{"line":27,"column":21}}],"line":27},"3":{"loc":{"start":{"line":29,"column":4},"end":{"line":29,"column":45}},"type":"default-arg","locations":[{"start":{"line":29,"column":29},"end":{"line":29,"column":45}}],"line":29},"4":{"loc":{"start":{"line":41,"column":23},"end":{"line":41,"column":69}},"type":"cond-expr","locations":[{"start":{"line":41,"column":48},"end":{"line":41,"column":57}},{"start":{"line":41,"column":60},"end":{"line":41,"column":69}}],"line":41},"5":{"loc":{"start":{"line":45,"column":6},"end":{"line":56,"column":7}},"type":"if","locations":[{"start":{"line":45,"column":6},"end":{"line":56,"column":7}},{"start":{"line":45,"column":6},"end":{"line":56,"column":7}}],"line":45},"6":{"loc":{"start":{"line":51,"column":10},"end":{"line":54,"column":11}},"type":"if","locations":[{"start":{"line":51,"column":10},"end":{"line":54,"column":11}},{"start":{"line":51,"column":10},"end":{"line":54,"column":11}}],"line":51},"7":{"loc":{"start":{"line":73,"column":4},"end":{"line":73,"column":46}},"type":"default-arg","locations":[{"start":{"line":73,"column":37},"end":{"line":73,"column":46}}],"line":73},"8":{"loc":{"start":{"line":74,"column":4},"end":{"line":74,"column":41}},"type":"default-arg","locations":[{"start":{"line":74,"column":32},"end":{"line":74,"column":41}}],"line":74},"9":{"loc":{"start":{"line":76,"column":4},"end":{"line":76,"column":69}},"type":"if","locations":[{"start":{"line":76,"column":4},"end":{"line":76,"column":69}},{"start":{"line":76,"column":4},"end":{"line":76,"column":69}}],"line":76},"10":{"loc":{"start":{"line":77,"column":4},"end":{"line":77,"column":54}},"type":"if","locations":[{"start":{"line":77,"column":4},"end":{"line":77,"column":54}},{"start":{"line":77,"column":4},"end":{"line":77,"column":54}}],"line":77},"11":{"loc":{"start":{"line":79,"column":4},"end":{"line":83,"column":5}},"type":"if","locations":[{"start":{"line":79,"column":4},"end":{"line":83,"column":5}},{"start":{"line":79,"column":4},"end":{"line":83,"column":5}}],"line":79},"12":{"loc":{"start":{"line":87,"column":4},"end":{"line":87,"column":48}},"type":"if","locations":[{"start":{"line":87,"column":4},"end":{"line":87,"column":48}},{"start":{"line":87,"column":4},"end":{"line":87,"column":48}}],"line":87},"13":{"loc":{"start":{"line":88,"column":4},"end":{"line":88,"column":44}},"type":"if","locations":[{"start":{"line":88,"column":4},"end":{"line":88,"column":44}},{"start":{"line":88,"column":4},"end":{"line":88,"column":44}}],"line":88},"14":{"loc":{"start":{"line":95,"column":4},"end":{"line":99,"column":5}},"type":"if","locations":[{"start":{"line":95,"column":4},"end":{"line":99,"column":5}},{"start":{"line":95,"column":4},"end":{"line":99,"column":5}}],"line":95},"15":{"loc":{"start":{"line":104,"column":4},"end":{"line":108,"column":5}},"type":"if","locations":[{"start":{"line":104,"column":4},"end":{"line":108,"column":5}},{"start":{"line":104,"column":4},"end":{"line":108,"column":5}}],"line":104}},"s":{"0":7,"1":19,"2":19,"3":19,"4":19,"5":19,"6":19,"7":19,"8":19,"9":19,"10":19,"11":19,"12":19,"13":0,"14":0,"15":0,"16":0,"17":0,"18":0,"19":0,"20":0,"21":0,"22":19,"23":1,"24":1,"25":1,"26":0,"27":1,"28":0,"29":0,"30":28,"31":9,"32":28,"33":9,"34":28,"35":7,"36":21,"37":28,"38":28,"39":4,"40":28,"41":4,"42":28,"43":5,"44":5,"45":2,"46":3,"47":12,"48":12,"49":5,"50":7,"51":2,"52":4},"f":{"0":19,"1":19,"2":0,"3":0,"4":0,"5":1,"6":0,"7":0,"8":28,"9":5,"10":12,"11":2,"12":4},"b":{"0":[0],"1":[0],"2":[0],"3":[19],"4":[7,12],"5":[0,0],"6":[0,0],"7":[19],"8":[19],"9":[9,19],"10":[9,19],"11":[7,21],"12":[4,24],"13":[4,24],"14":[2,3],"15":[5,7]},"_coverageSchema":"1a1c01bbd47fc00a2c39e90264f33305004495a9","hash":"120d05eff111bab0e579630d598d87569f5d9588"}
,"/Users/nikita/Desktop/работа/Javascript/FSD-plugin/src/plugin/modules/subViews/inputView.ts": {"path":"/Users/nikita/Desktop/работа/Javascript/FSD-plugin/src/plugin/modules/subViews/inputView.ts","statementMap":{"0":{"start":{"line":16,"column":4},"end":{"line":16,"column":54}},"1":{"start":{"line":17,"column":4},"end":{"line":17,"column":24}},"2":{"start":{"line":21,"column":4},"end":{"line":21,"column":26}},"3":{"start":{"line":22,"column":4},"end":{"line":22,"column":40}},"4":{"start":{"line":26,"column":4},"end":{"line":26,"column":37}},"5":{"start":{"line":26,"column":16},"end":{"line":26,"column":37}},"6":{"start":{"line":27,"column":4},"end":{"line":32,"column":6}},"7":{"start":{"line":33,"column":4},"end":{"line":33,"column":39}},"8":{"start":{"line":35,"column":4},"end":{"line":35,"column":16}}},"fnMap":{"0":{"name":"(anonymous_0)","decl":{"start":{"line":9,"column":2},"end":{"line":9,"column":3}},"loc":{"start":{"line":15,"column":4},"end":{"line":18,"column":3}},"line":15},"1":{"name":"(anonymous_1)","decl":{"start":{"line":20,"column":2},"end":{"line":20,"column":3}},"loc":{"start":{"line":20,"column":38},"end":{"line":23,"column":3}},"line":20},"2":{"name":"(anonymous_2)","decl":{"start":{"line":25,"column":2},"end":{"line":25,"column":3}},"loc":{"start":{"line":25,"column":44},"end":{"line":36,"column":3}},"line":25}},"branchMap":{"0":{"loc":{"start":{"line":14,"column":4},"end":{"line":14,"column":43}},"type":"default-arg","locations":[{"start":{"line":14,"column":29},"end":{"line":14,"column":43}}],"line":14},"1":{"loc":{"start":{"line":26,"column":4},"end":{"line":26,"column":37}},"type":"if","locations":[{"start":{"line":26,"column":4},"end":{"line":26,"column":37}},{"start":{"line":26,"column":4},"end":{"line":26,"column":37}}],"line":26}},"s":{"0":10,"1":10,"2":10,"3":10,"4":15,"5":15,"6":15,"7":15,"8":15},"f":{"0":10,"1":10,"2":15},"b":{"0":[10],"1":[15,0]},"_coverageSchema":"1a1c01bbd47fc00a2c39e90264f33305004495a9","hash":"75a00fa71764922a9eb5c64283d0160e6815e152"}
,"/Users/nikita/Desktop/работа/Javascript/FSD-plugin/src/plugin/modules/subViews/progressBarView.ts": {"path":"/Users/nikita/Desktop/работа/Javascript/FSD-plugin/src/plugin/modules/subViews/progressBarView.ts","statementMap":{"0":{"start":{"line":7,"column":30},"end":{"line":7,"column":75}},"1":{"start":{"line":16,"column":4},"end":{"line":16,"column":75}},"2":{"start":{"line":17,"column":4},"end":{"line":17,"column":39}},"3":{"start":{"line":18,"column":4},"end":{"line":18,"column":18}},"4":{"start":{"line":22,"column":23},"end":{"line":22,"column":52}},"5":{"start":{"line":24,"column":4},"end":{"line":28,"column":5}},"6":{"start":{"line":25,"column":6},"end":{"line":25,"column":48}},"7":{"start":{"line":27,"column":6},"end":{"line":27,"column":56}},"8":{"start":{"line":30,"column":4},"end":{"line":30,"column":53}},"9":{"start":{"line":32,"column":4},"end":{"line":32,"column":16}},"10":{"start":{"line":36,"column":4},"end":{"line":36,"column":55}},"11":{"start":{"line":36,"column":21},"end":{"line":36,"column":55}}},"fnMap":{"0":{"name":"(anonymous_0)","decl":{"start":{"line":10,"column":2},"end":{"line":10,"column":3}},"loc":{"start":{"line":15,"column":4},"end":{"line":19,"column":3}},"line":15},"1":{"name":"(anonymous_1)","decl":{"start":{"line":21,"column":2},"end":{"line":21,"column":3}},"loc":{"start":{"line":21,"column":35},"end":{"line":33,"column":3}},"line":21},"2":{"name":"(anonymous_2)","decl":{"start":{"line":35,"column":2},"end":{"line":35,"column":3}},"loc":{"start":{"line":35,"column":50},"end":{"line":37,"column":3}},"line":35}},"branchMap":{"0":{"loc":{"start":{"line":13,"column":4},"end":{"line":13,"column":43}},"type":"default-arg","locations":[{"start":{"line":13,"column":34},"end":{"line":13,"column":43}}],"line":13},"1":{"loc":{"start":{"line":14,"column":4},"end":{"line":14,"column":49}},"type":"default-arg","locations":[{"start":{"line":14,"column":29},"end":{"line":14,"column":49}}],"line":14},"2":{"loc":{"start":{"line":24,"column":4},"end":{"line":28,"column":5}},"type":"if","locations":[{"start":{"line":24,"column":4},"end":{"line":28,"column":5}},{"start":{"line":24,"column":4},"end":{"line":28,"column":5}}],"line":24},"3":{"loc":{"start":{"line":36,"column":4},"end":{"line":36,"column":55}},"type":"if","locations":[{"start":{"line":36,"column":4},"end":{"line":36,"column":55}},{"start":{"line":36,"column":4},"end":{"line":36,"column":55}}],"line":36}},"s":{"0":7,"1":2,"2":2,"3":2,"4":2,"5":2,"6":1,"7":1,"8":2,"9":2,"10":2,"11":2},"f":{"0":2,"1":2,"2":2},"b":{"0":[0],"1":[2],"2":[1,1],"3":[2,0]},"_coverageSchema":"1a1c01bbd47fc00a2c39e90264f33305004495a9","hash":"f055ecf7a7f6e4c78476cce8b9247c960483c07b"}
,"/Users/nikita/Desktop/работа/Javascript/FSD-plugin/src/plugin/modules/subViews/resultView.ts": {"path":"/Users/nikita/Desktop/работа/Javascript/FSD-plugin/src/plugin/modules/subViews/resultView.ts","statementMap":{"0":{"start":{"line":6,"column":30},"end":{"line":6,"column":78}},"1":{"start":{"line":15,"column":4},"end":{"line":15,"column":70}},"2":{"start":{"line":16,"column":4},"end":{"line":16,"column":21}},"3":{"start":{"line":17,"column":4},"end":{"line":17,"column":18}},"4":{"start":{"line":21,"column":4},"end":{"line":23,"column":5}},"5":{"start":{"line":22,"column":6},"end":{"line":22,"column":23}},"6":{"start":{"line":24,"column":4},"end":{"line":24,"column":33}},"7":{"start":{"line":25,"column":4},"end":{"line":25,"column":40}},"8":{"start":{"line":27,"column":4},"end":{"line":27,"column":16}}},"fnMap":{"0":{"name":"(anonymous_0)","decl":{"start":{"line":9,"column":2},"end":{"line":9,"column":3}},"loc":{"start":{"line":14,"column":4},"end":{"line":18,"column":3}},"line":14},"1":{"name":"(anonymous_1)","decl":{"start":{"line":20,"column":2},"end":{"line":20,"column":3}},"loc":{"start":{"line":20,"column":43},"end":{"line":28,"column":3}},"line":20}},"branchMap":{"0":{"loc":{"start":{"line":11,"column":4},"end":{"line":11,"column":27}},"type":"default-arg","locations":[{"start":{"line":11,"column":19},"end":{"line":11,"column":27}}],"line":11},"1":{"loc":{"start":{"line":12,"column":4},"end":{"line":12,"column":43}},"type":"default-arg","locations":[{"start":{"line":12,"column":34},"end":{"line":12,"column":43}}],"line":12},"2":{"loc":{"start":{"line":21,"column":4},"end":{"line":23,"column":5}},"type":"if","locations":[{"start":{"line":21,"column":4},"end":{"line":23,"column":5}},{"start":{"line":21,"column":4},"end":{"line":23,"column":5}}],"line":21}},"s":{"0":7,"1":3,"2":3,"3":3,"4":6,"5":3,"6":6,"7":6,"8":6},"f":{"0":3,"1":6},"b":{"0":[0],"1":[0],"2":[3,3]},"_coverageSchema":"1a1c01bbd47fc00a2c39e90264f33305004495a9","hash":"577bb94e5850697fdc284b1a0a8ae0c3cd9673d2"}
,"/Users/nikita/Desktop/работа/Javascript/FSD-plugin/src/plugin/modules/subViews/tooltipView.ts": {"path":"/Users/nikita/Desktop/работа/Javascript/FSD-plugin/src/plugin/modules/subViews/tooltipView.ts","statementMap":{"0":{"start":{"line":7,"column":30},"end":{"line":7,"column":81}},"1":{"start":{"line":11,"column":4},"end":{"line":11,"column":80}},"2":{"start":{"line":12,"column":4},"end":{"line":12,"column":27}},"3":{"start":{"line":13,"column":4},"end":{"line":13,"column":18}},"4":{"start":{"line":17,"column":4},"end":{"line":17,"column":30}},"5":{"start":{"line":21,"column":4},"end":{"line":21,"column":34}},"6":{"start":{"line":23,"column":4},"end":{"line":23,"column":41}},"7":{"start":{"line":25,"column":4},"end":{"line":25,"column":16}}},"fnMap":{"0":{"name":"(anonymous_0)","decl":{"start":{"line":10,"column":2},"end":{"line":10,"column":3}},"loc":{"start":{"line":10,"column":73},"end":{"line":14,"column":3}},"line":10},"1":{"name":"(anonymous_1)","decl":{"start":{"line":16,"column":2},"end":{"line":16,"column":3}},"loc":{"start":{"line":16,"column":22},"end":{"line":18,"column":3}},"line":16},"2":{"name":"(anonymous_2)","decl":{"start":{"line":20,"column":2},"end":{"line":20,"column":3}},"loc":{"start":{"line":20,"column":31},"end":{"line":26,"column":3}},"line":20}},"branchMap":{},"s":{"0":7,"1":12,"2":12,"3":12,"4":16,"5":16,"6":16,"7":16},"f":{"0":12,"1":16,"2":16},"b":{},"_coverageSchema":"1a1c01bbd47fc00a2c39e90264f33305004495a9","hash":"9ba8499f28b3e60ca566b7888b4a463245bcab0c"}
}
