TN:
SF:src/plugin/modules/model.ts
FN:34,(anonymous_0)
FN:38,(anonymous_1)
FN:42,(anonymous_2)
FN:46,(anonymous_3)
FN:71,(anonymous_4)
FN:75,(anonymous_5)
FN:83,(anonymous_6)
FN:88,(anonymous_7)
FN:101,(anonymous_8)
FN:108,(anonymous_9)
FN:118,(anonymous_10)
FN:122,(anonymous_11)
FN:163,(anonymous_12)
FN:167,(anonymous_13)
FN:176,(anonymous_14)
FNF:15
FNH:15
FNDA:3,(anonymous_0)
FNDA:170,(anonymous_1)
FNDA:9,(anonymous_2)
FNDA:19,(anonymous_3)
FNDA:6,(anonymous_4)
FNDA:6,(anonymous_5)
FNDA:8,(anonymous_6)
FNDA:6,(anonymous_7)
FNDA:3,(anonymous_8)
FNDA:5,(anonymous_9)
FNDA:2,(anonymous_10)
FNDA:11,(anonymous_11)
FNDA:31,(anonymous_12)
FNDA:19,(anonymous_13)
FNDA:7,(anonymous_14)
DA:8,3
DA:35,3
DA:39,170
DA:43,9
DA:47,19
DA:48,6
DA:50,4
DA:51,4
DA:52,3
DA:53,6
DA:54,0
DA:55,0
DA:56,0
DA:60,1
DA:61,2
DA:62,2
DA:63,2
DA:64,2
DA:68,4
DA:70,2
DA:71,1
DA:72,6
DA:75,1
DA:76,6
DA:80,13
DA:84,8
DA:85,8
DA:86,8
DA:87,8
DA:88,1
DA:92,6
DA:93,6
DA:96,7
DA:98,1
DA:102,3
DA:103,2
DA:104,2
DA:109,5
DA:110,5
DA:111,5
DA:113,0
DA:115,5
DA:119,2
DA:124,11
DA:125,11
DA:128,11
DA:129,2
DA:130,2
DA:132,9
DA:133,9
DA:136,11
DA:137,11
DA:139,11
DA:140,3
DA:141,1
DA:142,2
DA:143,0
DA:145,2
DA:149,11
DA:152,11
DA:154,11
DA:156,8
DA:157,3
DA:158,2
DA:160,1
DA:165,31
DA:166,8
DA:167,8
DA:168,19
DA:170,8
DA:172,23
DA:177,7
LF:72
LH:67
BRDA:47,0,0,6
BRDA:47,0,1,13
BRDA:48,1,0,4
BRDA:48,1,1,2
BRDA:48,2,0,6
BRDA:48,2,1,4
BRDA:51,3,0,3
BRDA:51,3,1,1
BRDA:53,4,0,0
BRDA:53,4,1,6
BRDA:61,5,0,2
BRDA:61,5,1,0
BRDA:70,6,0,1
BRDA:70,6,1,1
BRDA:87,7,0,1
BRDA:87,7,1,7
BRDA:93,8,0,4
BRDA:93,8,1,2
BRDA:102,9,0,2
BRDA:102,9,1,1
BRDA:110,10,0,5
BRDA:110,10,1,0
BRDA:128,11,0,2
BRDA:128,11,1,9
BRDA:139,12,0,3
BRDA:139,12,1,8
BRDA:139,13,0,11
BRDA:139,13,1,3
BRDA:139,13,2,9
BRDA:139,13,3,8
BRDA:140,14,0,1
BRDA:140,14,1,2
BRDA:140,15,0,3
BRDA:140,15,1,3
BRDA:142,16,0,0
BRDA:142,16,1,2
BRDA:142,17,0,2
BRDA:142,17,1,0
BRDA:149,18,0,11
BRDA:149,18,1,0
BRDA:152,19,0,11
BRDA:152,19,1,0
BRDA:154,20,0,8
BRDA:154,20,1,3
BRDA:154,21,0,11
BRDA:154,21,1,10
BRDA:157,22,0,2
BRDA:157,22,1,1
BRDA:165,23,0,8
BRDA:165,23,1,23
BRDA:168,24,0,2
BRDA:168,24,1,17
BRDA:172,25,0,23
BRDA:172,25,1,22
BRDA:177,26,0,3
BRDA:177,26,1,4
BRF:56
BRH:49
end_of_record
TN:
SF:src/plugin/modules/presenter.ts
FN:18,(anonymous_0)
FN:23,(anonymous_1)
FN:32,(anonymous_2)
FN:35,(anonymous_3)
FN:38,(anonymous_4)
FN:43,(anonymous_5)
FN:48,(anonymous_6)
FN:55,(anonymous_7)
FN:72,(anonymous_8)
FN:76,(anonymous_9)
FN:80,(anonymous_10)
FN:84,(anonymous_11)
FN:88,(anonymous_12)
FN:92,(anonymous_13)
FN:96,(anonymous_14)
FNF:15
FNH:13
FNDA:2,(anonymous_0)
FNDA:1,(anonymous_1)
FNDA:1,(anonymous_2)
FNDA:2,(anonymous_3)
FNDA:1,(anonymous_4)
FNDA:2,(anonymous_5)
FNDA:0,(anonymous_6)
FNDA:0,(anonymous_7)
FNDA:2,(anonymous_8)
FNDA:4,(anonymous_9)
FNDA:4,(anonymous_10)
FNDA:85,(anonymous_11)
FNDA:1,(anonymous_12)
FNDA:1,(anonymous_13)
FNDA:27,(anonymous_14)
DA:10,2
DA:19,2
DA:20,2
DA:21,2
DA:22,2
DA:23,2
DA:24,1
DA:25,1
DA:26,1
DA:27,1
DA:28,1
DA:29,1
DA:32,2
DA:33,1
DA:35,2
DA:36,2
DA:38,2
DA:39,1
DA:40,1
DA:41,1
DA:43,1
DA:44,2
DA:45,2
DA:48,2
DA:49,0
DA:50,0
DA:51,0
DA:52,0
DA:53,0
DA:55,0
DA:56,0
DA:57,0
DA:58,0
DA:59,0
DA:60,0
DA:64,0
DA:65,0
DA:66,0
DA:67,0
DA:73,2
DA:77,4
DA:81,4
DA:85,85
DA:89,1
DA:93,1
DA:97,27
DA:101,2
LF:47
LH:32
BRDA:28,0,0,1
BRDA:28,0,1,0
BRDA:33,1,0,1
BRDA:33,1,1,0
BRDA:40,2,0,1
BRDA:40,2,1,0
BRDA:52,3,0,0
BRDA:52,3,1,0
BRDA:58,4,0,0
BRDA:58,4,1,0
BRDA:64,5,0,0
BRDA:64,5,1,0
BRF:12
BRH:3
end_of_record
TN:
SF:src/plugin/modules/view.ts
FN:33,(anonymous_0)
FN:40,(anonymous_1)
FN:44,(anonymous_2)
FN:48,(anonymous_3)
FN:50,(anonymous_4)
FN:53,(anonymous_5)
FN:64,(anonymous_6)
FN:69,(anonymous_7)
FN:81,(anonymous_8)
FN:91,(anonymous_9)
FN:100,(anonymous_10)
FN:105,(anonymous_11)
FN:126,(anonymous_12)
FN:137,(anonymous_13)
FN:150,(anonymous_14)
FN:167,(anonymous_15)
FN:196,(anonymous_16)
FN:215,(anonymous_17)
FN:224,(anonymous_18)
FN:230,(anonymous_19)
FN:232,(anonymous_20)
FN:240,(anonymous_21)
FN:247,(anonymous_22)
FN:261,(anonymous_23)
FN:278,(anonymous_24)
FNF:25
FNH:21
FNDA:3,(anonymous_0)
FNDA:83,(anonymous_1)
FNDA:2,(anonymous_2)
FNDA:3,(anonymous_3)
FNDA:0,(anonymous_4)
FNDA:0,(anonymous_5)
FNDA:3,(anonymous_6)
FNDA:3,(anonymous_7)
FNDA:3,(anonymous_8)
FNDA:3,(anonymous_9)
FNDA:3,(anonymous_10)
FNDA:3,(anonymous_11)
FNDA:3,(anonymous_12)
FNDA:7,(anonymous_13)
FNDA:7,(anonymous_14)
FNDA:7,(anonymous_15)
FNDA:7,(anonymous_16)
FNDA:3,(anonymous_17)
FNDA:7,(anonymous_18)
FNDA:0,(anonymous_19)
FNDA:0,(anonymous_20)
FNDA:2,(anonymous_21)
FNDA:2,(anonymous_22)
FNDA:10,(anonymous_23)
FNDA:25,(anonymous_24)
DA:16,3
DA:26,3
DA:34,3
DA:35,1
DA:36,1
DA:41,83
DA:45,2
DA:50,3
DA:51,0
DA:52,0
DA:53,0
DA:54,0
DA:57,0
DA:61,3
DA:65,3
DA:66,3
DA:70,3
DA:75,3
DA:76,0
DA:78,3
DA:82,3
DA:88,3
DA:92,3
DA:97,3
DA:101,3
DA:102,3
DA:106,3
DA:107,3
DA:108,3
DA:111,3
DA:114,3
DA:115,3
DA:116,0
DA:117,0
DA:119,3
DA:120,3
DA:123,3
DA:127,3
DA:128,3
DA:134,3
DA:138,7
DA:139,0
DA:140,0
DA:141,0
DA:142,0
DA:143,0
DA:144,0
DA:147,7
DA:151,7
DA:152,0
DA:157,0
DA:158,0
DA:159,0
DA:160,0
DA:161,0
DA:164,7
DA:168,7
DA:169,0
DA:170,0
DA:178,0
DA:179,0
DA:180,0
DA:181,0
DA:185,0
DA:186,0
DA:193,7
DA:197,7
DA:200,7
DA:201,0
DA:203,7
DA:204,0
DA:206,7
DA:207,0
DA:209,7
DA:212,7
DA:216,3
DA:224,3
DA:225,7
DA:228,3
DA:230,3
DA:231,0
DA:232,0
DA:233,0
DA:234,0
DA:237,0
DA:240,3
DA:241,2
DA:244,3
DA:248,2
DA:249,2
DA:250,2
DA:257,2
DA:258,2
DA:263,10
DA:265,10
DA:266,0
DA:268,10
DA:270,10
DA:271,10
DA:272,0
DA:273,0
DA:275,0
DA:279,25
DA:280,25
DA:284,3
LF:105
LH:65
BRDA:34,0,0,1
BRDA:34,0,1,2
BRDA:51,1,0,0
BRDA:51,1,1,0
BRDA:52,2,0,0
BRDA:52,2,1,0
BRDA:75,3,0,0
BRDA:75,3,1,3
BRDA:107,4,0,3
BRDA:107,4,1,0
BRDA:115,5,0,0
BRDA:115,5,1,3
BRDA:115,6,0,3
BRDA:115,6,1,3
BRDA:115,6,2,3
BRDA:115,6,3,0
BRDA:127,7,0,3
BRDA:127,7,1,0
BRDA:138,8,0,0
BRDA:138,8,1,7
BRDA:141,9,0,0
BRDA:141,9,1,0
BRDA:141,10,0,0
BRDA:141,10,1,0
BRDA:143,11,0,0
BRDA:143,11,1,0
BRDA:151,12,0,0
BRDA:151,12,1,7
BRDA:151,13,0,7
BRDA:151,13,1,3
BRDA:158,14,0,0
BRDA:158,14,1,0
BRDA:160,15,0,0
BRDA:160,15,1,0
BRDA:168,16,0,0
BRDA:168,16,1,7
BRDA:168,17,0,7
BRDA:168,17,1,0
BRDA:180,18,0,0
BRDA:180,18,1,0
BRDA:185,19,0,0
BRDA:185,19,1,0
BRDA:200,20,0,0
BRDA:200,20,1,7
BRDA:203,21,0,0
BRDA:203,21,1,7
BRDA:206,22,0,0
BRDA:206,22,1,7
BRDA:233,23,0,0
BRDA:233,23,1,0
BRDA:248,24,0,2
BRDA:248,24,1,0
BRDA:265,25,0,0
BRDA:265,25,1,10
BRDA:265,26,0,10
BRDA:265,26,1,10
BRDA:265,26,2,10
BRDA:265,26,3,0
BRDA:270,27,0,10
BRDA:270,27,1,0
BRDA:270,28,0,10
BRDA:270,28,1,10
BRDA:272,29,0,0
BRDA:272,29,1,0
BRDA:280,30,0,25
BRDA:280,30,1,0
BRF:66
BRH:27
end_of_record
TN:
SF:src/plugin/modules/mixins/eventsMixin.ts
FN:2,(anonymous_0)
FN:4,(anonymous_1)
FN:12,(anonymous_2)
FN:14,(anonymous_3)
FN:19,(anonymous_4)
FN:21,(anonymous_5)
FN:23,(anonymous_6)
FNF:7
FNH:7
FNDA:22,(anonymous_0)
FNDA:22,(anonymous_1)
FNDA:3,(anonymous_2)
FNDA:6,(anonymous_3)
FNDA:81,(anonymous_4)
FNDA:88,(anonymous_5)
FNDA:18,(anonymous_6)
DA:1,3
DA:3,22
DA:4,22
DA:5,22
DA:7,18
DA:13,3
DA:14,3
DA:15,6
DA:20,81
DA:21,81
DA:22,88
DA:23,18
LF:12
LH:12
BRDA:5,0,0,4
BRDA:5,0,1,18
BRDA:15,1,0,6
BRDA:15,1,1,0
BRDA:22,2,0,17
BRDA:22,2,1,71
BRF:6
BRH:5
end_of_record
TN:
SF:src/plugin/modules/subViews/baseView.ts
FN:8,(anonymous_0)
FN:12,(anonymous_1)
FN:17,(anonymous_2)
FNF:3
FNH:2
FNDA:3,(anonymous_0)
FNDA:3,(anonymous_1)
FNDA:0,(anonymous_2)
DA:6,3
DA:9,3
DA:13,3
DA:15,3
DA:17,3
DA:18,0
DA:19,0
LF:7
LH:5
BRDA:8,0,0,3
BRDA:15,1,0,0
BRDA:15,1,1,3
BRF:3
BRH:2
end_of_record
TN:
SF:src/plugin/modules/subViews/basicElementView.ts
FN:17,(anonymous_0)
FN:29,(anonymous_1)
FN:33,(anonymous_2)
FN:38,(anonymous_3)
FN:43,(anonymous_4)
FN:48,(anonymous_5)
FN:63,(anonymous_6)
FN:67,(anonymous_7)
FNF:8
FNH:8
FNDA:33,(anonymous_0)
FNDA:20,(anonymous_1)
FNDA:25,(anonymous_2)
FNDA:3,(anonymous_3)
FNDA:1,(anonymous_4)
FNDA:2,(anonymous_5)
FNDA:3,(anonymous_6)
FNDA:30,(anonymous_7)
DA:7,33
DA:23,33
DA:24,33
DA:25,33
DA:26,33
DA:30,20
DA:34,25
DA:35,25
DA:39,3
DA:40,3
DA:44,1
DA:45,1
DA:55,2
DA:56,1
DA:57,1
DA:59,1
DA:64,3
DA:68,30
DA:72,3
LF:19
LH:19
BRDA:20,0,0,4
BRDA:21,1,0,20
BRDA:55,2,0,1
BRDA:55,2,1,1
BRDA:68,3,0,26
BRDA:68,3,1,4
BRF:6
BRH:6
end_of_record
TN:
SF:src/plugin/modules/subViews/boundView.ts
FN:9,(anonymous_0)
FN:20,(anonymous_1)
FNF:2
FNH:2
FNDA:6,(anonymous_0)
FNDA:6,(anonymous_1)
DA:6,3
DA:15,6
DA:16,6
DA:17,6
DA:21,6
DA:22,6
LF:6
LH:6
BRDA:12,0,0,0
BRF:1
BRH:0
end_of_record
TN:
SF:src/plugin/modules/subViews/connectorView.ts
FN:12,(anonymous_0)
FN:25,(anonymous_1)
FN:48,(anonymous_2)
FNF:3
FNH:0
FNDA:0,(anonymous_0)
FNDA:0,(anonymous_1)
FNDA:0,(anonymous_2)
DA:7,3
DA:19,0
DA:20,0
DA:21,0
DA:22,0
DA:26,0
DA:27,0
DA:29,0
DA:30,0
DA:32,0
DA:35,0
DA:36,0
DA:37,0
DA:39,0
DA:40,0
DA:43,0
DA:45,0
DA:49,0
LF:18
LH:1
BRDA:14,0,0,0
BRDA:16,1,0,0
BRDA:17,2,0,0
BRDA:29,3,0,0
BRDA:29,3,1,0
BRDA:35,4,0,0
BRDA:35,4,1,0
BRDA:49,5,0,0
BRDA:49,5,1,0
BRF:9
BRH:0
end_of_record
TN:
SF:src/plugin/modules/subViews/handlerView.ts
FN:23,(anonymous_0)
FN:38,(anonymous_1)
FN:43,(anonymous_2)
FN:47,(anonymous_3)
FN:50,(anonymous_4)
FN:59,(anonymous_5)
FN:62,(anonymous_6)
FN:65,(anonymous_7)
FN:72,(anonymous_8)
FN:93,(anonymous_9)
FN:102,(anonymous_10)
FN:111,(anonymous_11)
FN:115,(anonymous_12)
FNF:13
FNH:4
FNDA:7,(anonymous_0)
FNDA:7,(anonymous_1)
FNDA:0,(anonymous_2)
FNDA:0,(anonymous_3)
FNDA:0,(anonymous_4)
FNDA:0,(anonymous_5)
FNDA:0,(anonymous_6)
FNDA:0,(anonymous_7)
FNDA:10,(anonymous_8)
FNDA:2,(anonymous_9)
FNDA:0,(anonymous_10)
FNDA:0,(anonymous_11)
FNDA:0,(anonymous_12)
DA:9,3
DA:11,7
DA:12,7
DA:14,7
DA:15,7
DA:31,7
DA:32,7
DA:33,7
DA:34,7
DA:35,7
DA:39,7
DA:41,7
DA:43,7
DA:44,0
DA:45,0
DA:46,0
DA:47,0
DA:48,0
DA:50,0
DA:51,0
DA:52,0
DA:53,0
DA:59,7
DA:60,0
DA:61,0
DA:62,0
DA:63,0
DA:65,0
DA:66,0
DA:67,0
DA:76,10
DA:77,10
DA:79,10
DA:80,0
DA:82,10
DA:85,10
DA:87,10
DA:88,10
DA:90,10
DA:94,2
DA:95,2
DA:96,0
DA:98,2
DA:103,0
DA:104,0
DA:105,0
DA:107,0
DA:112,0
DA:116,0
LF:49
LH:25
BRDA:25,0,0,0
BRDA:26,1,0,0
BRDA:27,2,0,0
BRDA:29,3,0,7
BRDA:41,4,0,0
BRDA:41,4,1,7
BRDA:46,5,0,0
BRDA:46,5,1,0
BRDA:51,6,0,0
BRDA:51,6,1,0
BRDA:73,7,0,7
BRDA:74,8,0,7
BRDA:76,9,0,3
BRDA:76,9,1,7
BRDA:77,10,0,3
BRDA:77,10,1,7
BRDA:79,11,0,0
BRDA:79,11,1,10
BRDA:87,12,0,0
BRDA:87,12,1,10
BRDA:88,13,0,0
BRDA:88,13,1,10
BRDA:95,14,0,0
BRDA:95,14,1,2
BRDA:104,15,0,0
BRDA:104,15,1,0
BRF:26
BRH:12
end_of_record
TN:
SF:src/plugin/modules/subViews/inputView.ts
FN:9,(anonymous_0)
FN:20,(anonymous_1)
FN:25,(anonymous_2)
FNF:3
FNH:3
FNDA:3,(anonymous_0)
FNDA:3,(anonymous_1)
FNDA:5,(anonymous_2)
DA:16,3
DA:17,3
DA:21,3
DA:22,3
DA:26,5
DA:27,5
DA:33,5
DA:35,5
LF:8
LH:8
BRDA:14,0,0,3
BRDA:26,1,0,5
BRDA:26,1,1,0
BRF:3
BRH:2
end_of_record
TN:
SF:src/plugin/modules/subViews/progressBarView.ts
FN:10,(anonymous_0)
FN:21,(anonymous_1)
FN:35,(anonymous_2)
FNF:3
FNH:0
FNDA:0,(anonymous_0)
FNDA:0,(anonymous_1)
FNDA:0,(anonymous_2)
DA:7,3
DA:16,0
DA:17,0
DA:18,0
DA:22,0
DA:24,0
DA:25,0
DA:27,0
DA:30,0
DA:32,0
DA:36,0
LF:11
LH:1
BRDA:13,0,0,0
BRDA:14,1,0,0
BRDA:24,2,0,0
BRDA:24,2,1,0
BRDA:36,3,0,0
BRDA:36,3,1,0
BRF:6
BRH:0
end_of_record
TN:
SF:src/plugin/modules/subViews/resultView.ts
FN:9,(anonymous_0)
FN:20,(anonymous_1)
FNF:2
FNH:2
FNDA:3,(anonymous_0)
FNDA:5,(anonymous_1)
DA:6,3
DA:15,3
DA:16,3
DA:17,3
DA:21,5
DA:22,2
DA:24,5
DA:25,5
DA:27,5
LF:9
LH:9
BRDA:11,0,0,0
BRDA:12,1,0,0
BRDA:21,2,0,2
BRDA:21,2,1,3
BRF:4
BRH:2
end_of_record
TN:
SF:src/plugin/modules/subViews/tooltipView.ts
FN:10,(anonymous_0)
FN:16,(anonymous_1)
FN:20,(anonymous_2)
FNF:3
FNH:0
FNDA:0,(anonymous_0)
FNDA:0,(anonymous_1)
FNDA:0,(anonymous_2)
DA:7,3
DA:11,0
DA:12,0
DA:13,0
DA:17,0
DA:21,0
DA:23,0
DA:25,0
LF:8
LH:1
BRF:0
BRH:0
end_of_record
