TN:
SF:src/plugin/modules/model.ts
FN:44,(anonymous_0)
FN:48,(anonymous_1)
FN:52,(anonymous_2)
FN:56,(anonymous_3)
FN:81,(anonymous_4)
FN:85,(anonymous_5)
FN:93,(anonymous_6)
FN:98,(anonymous_7)
FN:111,(anonymous_8)
FN:121,(anonymous_9)
FN:131,(anonymous_10)
FN:135,(anonymous_11)
FN:166,(anonymous_12)
FN:213,(anonymous_13)
FN:217,(anonymous_14)
FN:226,(anonymous_15)
FNF:16
FNH:16
FNDA:8,(anonymous_0)
FNDA:594,(anonymous_1)
FNDA:24,(anonymous_2)
FNDA:33,(anonymous_3)
FNDA:6,(anonymous_4)
FNDA:6,(anonymous_5)
FNDA:9,(anonymous_6)
FNDA:6,(anonymous_7)
FNDA:2,(anonymous_8)
FNDA:12,(anonymous_9)
FNDA:7,(anonymous_10)
FNDA:19,(anonymous_11)
FNDA:14,(anonymous_12)
FNDA:47,(anonymous_13)
FNDA:29,(anonymous_14)
FNDA:16,(anonymous_15)
DA:8,8
DA:40,8
DA:41,8
DA:42,8
DA:45,8
DA:49,594
DA:53,24
DA:57,33
DA:58,18
DA:60,14
DA:61,14
DA:62,3
DA:63,6
DA:64,0
DA:65,0
DA:66,0
DA:70,11
DA:71,12
DA:72,4
DA:73,4
DA:74,4
DA:78,14
DA:80,4
DA:81,1
DA:82,6
DA:85,3
DA:86,6
DA:90,15
DA:94,9
DA:95,9
DA:96,9
DA:97,9
DA:98,1
DA:102,6
DA:103,6
DA:106,8
DA:108,1
DA:112,2
DA:113,2
DA:114,2
DA:115,2
DA:116,2
DA:117,0
DA:118,0
DA:122,12
DA:123,12
DA:124,12
DA:126,0
DA:128,12
DA:132,7
DA:136,19
DA:137,19
DA:139,19
DA:140,19
DA:142,19
DA:143,0
DA:144,0
DA:145,0
DA:146,0
DA:148,0
DA:152,19
DA:155,19
DA:157,19
DA:159,19
DA:160,0
DA:161,0
DA:163,0
DA:168,14
DA:169,14
DA:171,14
DA:172,10
DA:174,4
DA:178,14
DA:179,2
DA:180,2
DA:182,12
DA:183,12
DA:186,14
DA:187,14
DA:189,14
DA:190,3
DA:191,1
DA:192,2
DA:193,0
DA:195,2
DA:199,14
DA:202,14
DA:204,14
DA:206,8
DA:207,6
DA:208,2
DA:210,4
DA:215,47
DA:216,14
DA:217,14
DA:218,29
DA:220,14
DA:222,33
DA:227,16
LF:99
LH:84
BRDA:57,0,0,18
BRDA:57,0,1,15
BRDA:58,1,0,14
BRDA:58,1,1,4
BRDA:58,2,0,18
BRDA:58,2,1,16
BRDA:61,3,0,3
BRDA:61,3,1,11
BRDA:63,4,0,0
BRDA:63,4,1,6
BRDA:71,5,0,4
BRDA:71,5,1,8
BRDA:80,6,0,1
BRDA:80,6,1,3
BRDA:97,7,0,1
BRDA:97,7,1,8
BRDA:103,8,0,4
BRDA:103,8,1,2
BRDA:112,9,0,2
BRDA:112,9,1,0
BRDA:113,10,0,2
BRDA:113,10,1,0
BRDA:123,11,0,12
BRDA:123,11,1,0
BRDA:142,12,0,0
BRDA:142,12,1,19
BRDA:142,13,0,19
BRDA:142,13,1,0
BRDA:142,13,2,19
BRDA:142,13,3,19
BRDA:143,14,0,0
BRDA:143,14,1,0
BRDA:143,15,0,0
BRDA:143,15,1,0
BRDA:145,16,0,0
BRDA:145,16,1,0
BRDA:145,17,0,0
BRDA:145,17,1,0
BRDA:152,18,0,13
BRDA:152,18,1,6
BRDA:155,19,0,19
BRDA:155,19,1,0
BRDA:157,20,0,19
BRDA:157,20,1,0
BRDA:157,21,0,19
BRDA:157,21,1,19
BRDA:160,22,0,0
BRDA:160,22,1,0
BRDA:171,23,0,10
BRDA:171,23,1,4
BRDA:178,24,0,2
BRDA:178,24,1,12
BRDA:189,25,0,3
BRDA:189,25,1,11
BRDA:189,26,0,14
BRDA:189,26,1,3
BRDA:189,26,2,12
BRDA:189,26,3,11
BRDA:190,27,0,1
BRDA:190,27,1,2
BRDA:190,28,0,3
BRDA:190,28,1,3
BRDA:192,29,0,0
BRDA:192,29,1,2
BRDA:192,30,0,2
BRDA:192,30,1,0
BRDA:199,31,0,4
BRDA:199,31,1,10
BRDA:202,32,0,14
BRDA:202,32,1,0
BRDA:204,33,0,8
BRDA:204,33,1,6
BRDA:204,34,0,14
BRDA:204,34,1,10
BRDA:207,35,0,2
BRDA:207,35,1,4
BRDA:215,36,0,14
BRDA:215,36,1,33
BRDA:218,37,0,0
BRDA:218,37,1,29
BRDA:222,38,0,33
BRDA:222,38,1,33
BRDA:227,39,0,6
BRDA:227,39,1,10
BRF:84
BRH:62
end_of_record
TN:
SF:src/plugin/modules/presenter.ts
FN:19,(anonymous_0)
FN:28,(anonymous_1)
FN:40,(anonymous_2)
FN:46,(anonymous_3)
FN:63,(anonymous_4)
FN:75,(anonymous_5)
FN:79,(anonymous_6)
FN:84,(anonymous_7)
FN:93,(anonymous_8)
FN:97,(anonymous_9)
FN:101,(anonymous_10)
FN:105,(anonymous_11)
FN:109,(anonymous_12)
FN:113,(anonymous_13)
FN:117,(anonymous_14)
FNF:15
FNH:15
FNDA:7,(anonymous_0)
FNDA:1,(anonymous_1)
FNDA:1,(anonymous_2)
FNDA:3,(anonymous_3)
FNDA:2,(anonymous_4)
FNDA:4,(anonymous_5)
FNDA:6,(anonymous_6)
FNDA:12,(anonymous_7)
FNDA:4,(anonymous_8)
FNDA:2,(anonymous_9)
FNDA:12,(anonymous_10)
FNDA:4,(anonymous_11)
FNDA:446,(anonymous_12)
FNDA:1,(anonymous_13)
FNDA:1,(anonymous_14)
DA:11,7
DA:20,7
DA:21,7
DA:22,7
DA:23,7
DA:24,7
DA:28,7
DA:29,1
DA:30,1
DA:31,1
DA:32,1
DA:33,1
DA:34,1
DA:36,1
DA:37,1
DA:40,7
DA:41,1
DA:42,1
DA:45,7
DA:46,6
DA:50,3
DA:51,3
DA:52,3
DA:53,3
DA:54,3
DA:55,3
DA:56,3
DA:57,3
DA:62,7
DA:63,1
DA:64,2
DA:65,2
DA:66,2
DA:67,2
DA:68,2
DA:69,2
DA:70,2
DA:75,7
DA:76,4
DA:79,7
DA:80,6
DA:81,6
DA:82,2
DA:84,6
DA:85,12
DA:86,12
DA:88,6
DA:89,6
DA:94,4
DA:98,2
DA:102,12
DA:106,4
DA:110,446
DA:114,1
DA:118,1
DA:122,7
LF:56
LH:56
BRDA:33,0,0,1
BRDA:33,0,1,0
BRDA:41,1,0,1
BRDA:41,1,1,0
BRDA:45,2,0,6
BRDA:45,2,1,1
BRDA:45,3,0,7
BRDA:45,3,1,7
BRDA:53,4,0,3
BRDA:53,4,1,0
BRDA:62,5,0,1
BRDA:62,5,1,6
BRDA:62,6,0,7
BRDA:62,6,1,7
BRDA:66,7,0,2
BRDA:66,7,1,0
BRDA:81,8,0,2
BRDA:81,8,1,4
BRF:18
BRH:14
end_of_record
TN:
SF:src/plugin/modules/view.ts
FN:35,(anonymous_0)
FN:42,(anonymous_1)
FN:46,(anonymous_2)
FN:50,(anonymous_3)
FN:52,(anonymous_4)
FN:55,(anonymous_5)
FN:66,(anonymous_6)
FN:71,(anonymous_7)
FN:83,(anonymous_8)
FN:93,(anonymous_9)
FN:102,(anonymous_10)
FN:107,(anonymous_11)
FN:118,(anonymous_12)
FN:127,(anonymous_13)
FN:148,(anonymous_14)
FN:159,(anonymous_15)
FN:167,(anonymous_16)
FN:179,(anonymous_17)
FN:197,(anonymous_18)
FN:205,(anonymous_19)
FN:216,(anonymous_20)
FN:224,(anonymous_21)
FN:226,(anonymous_22)
FN:234,(anonymous_23)
FN:243,(anonymous_24)
FN:259,(anonymous_25)
FN:276,(anonymous_26)
FN:281,(anonymous_27)
FN:293,(anonymous_28)
FNF:29
FNH:28
FNDA:8,(anonymous_0)
FNDA:444,(anonymous_1)
FNDA:7,(anonymous_2)
FNDA:11,(anonymous_3)
FNDA:8,(anonymous_4)
FNDA:0,(anonymous_5)
FNDA:11,(anonymous_6)
FNDA:11,(anonymous_7)
FNDA:11,(anonymous_8)
FNDA:11,(anonymous_9)
FNDA:11,(anonymous_10)
FNDA:11,(anonymous_11)
FNDA:11,(anonymous_12)
FNDA:11,(anonymous_13)
FNDA:11,(anonymous_14)
FNDA:21,(anonymous_15)
FNDA:11,(anonymous_16)
FNDA:21,(anonymous_17)
FNDA:21,(anonymous_18)
FNDA:11,(anonymous_19)
FNDA:21,(anonymous_20)
FNDA:1,(anonymous_21)
FNDA:2,(anonymous_22)
FNDA:2,(anonymous_23)
FNDA:4,(anonymous_24)
FNDA:37,(anonymous_25)
FNDA:5,(anonymous_26)
FNDA:10,(anonymous_27)
FNDA:91,(anonymous_28)
DA:17,8
DA:27,8
DA:36,8
DA:37,7
DA:38,7
DA:43,444
DA:47,7
DA:52,11
DA:53,8
DA:54,8
DA:55,0
DA:56,0
DA:59,8
DA:63,11
DA:67,11
DA:68,11
DA:72,11
DA:77,11
DA:78,4
DA:80,11
DA:84,11
DA:90,11
DA:94,11
DA:99,11
DA:103,11
DA:104,11
DA:108,11
DA:109,1
DA:115,11
DA:119,11
DA:120,1
DA:121,11
DA:124,11
DA:128,11
DA:129,11
DA:130,3
DA:133,3
DA:136,3
DA:137,3
DA:138,0
DA:139,0
DA:141,3
DA:142,3
DA:145,11
DA:149,11
DA:150,3
DA:156,11
DA:160,21
DA:161,14
DA:162,14
DA:164,21
DA:168,11
DA:169,2
DA:174,2
DA:176,11
DA:180,21
DA:181,6
DA:182,6
DA:190,6
DA:191,6
DA:194,21
DA:198,21
DA:201,21
DA:202,21
DA:206,11
DA:216,11
DA:217,21
DA:220,11
DA:222,11
DA:224,11
DA:225,1
DA:226,1
DA:227,2
DA:228,0
DA:231,1
DA:234,11
DA:235,2
DA:238,11
DA:240,11
DA:244,4
DA:245,4
DA:246,4
DA:254,4
DA:256,4
DA:261,37
DA:263,37
DA:264,7
DA:266,30
DA:268,37
DA:269,37
DA:270,0
DA:271,0
DA:273,0
DA:277,5
DA:278,5
DA:279,5
DA:281,5
DA:282,10
DA:283,10
DA:284,10
DA:285,5
DA:286,5
DA:290,5
DA:294,91
DA:295,91
DA:299,8
LF:106
LH:98
BRDA:36,0,0,7
BRDA:36,0,1,1
BRDA:53,1,0,8
BRDA:53,1,1,0
BRDA:54,2,0,0
BRDA:54,2,1,8
BRDA:77,3,0,4
BRDA:77,3,1,7
BRDA:108,4,0,1
BRDA:108,4,1,10
BRDA:119,5,0,1
BRDA:119,5,1,10
BRDA:129,6,0,3
BRDA:129,6,1,8
BRDA:129,7,0,11
BRDA:129,7,1,3
BRDA:137,8,0,0
BRDA:137,8,1,3
BRDA:137,9,0,3
BRDA:137,9,1,3
BRDA:137,9,2,3
BRDA:137,9,3,0
BRDA:149,10,0,3
BRDA:149,10,1,8
BRDA:160,11,0,14
BRDA:160,11,1,7
BRDA:168,12,0,2
BRDA:168,12,1,9
BRDA:168,13,0,11
BRDA:168,13,1,2
BRDA:180,14,0,6
BRDA:180,14,1,15
BRDA:180,15,0,21
BRDA:180,15,1,12
BRDA:227,16,0,0
BRDA:227,16,1,2
BRDA:244,17,0,4
BRDA:244,17,1,0
BRDA:263,18,0,7
BRDA:263,18,1,30
BRDA:263,19,0,37
BRDA:263,19,1,37
BRDA:263,19,2,30
BRDA:263,19,3,0
BRDA:268,20,0,37
BRDA:268,20,1,0
BRDA:268,21,0,37
BRDA:268,21,1,37
BRDA:270,22,0,0
BRDA:270,22,1,0
BRDA:278,23,0,5
BRDA:278,23,1,0
BRDA:284,24,0,5
BRDA:284,24,1,5
BRDA:295,25,0,91
BRDA:295,25,1,0
BRF:56
BRH:44
end_of_record
TN:
SF:src/plugin/modules/mixins/eventsMixin.ts
FN:2,(anonymous_0)
FN:4,(anonymous_1)
FN:12,(anonymous_2)
FN:14,(anonymous_3)
FN:19,(anonymous_4)
FN:21,(anonymous_5)
FN:23,(anonymous_6)
FNF:7
FNH:7
FNDA:73,(anonymous_0)
FNDA:85,(anonymous_1)
FNDA:3,(anonymous_2)
FNDA:6,(anonymous_3)
FNDA:320,(anonymous_4)
FNDA:327,(anonymous_5)
FNDA:41,(anonymous_6)
DA:1,8
DA:3,73
DA:4,73
DA:5,85
DA:7,72
DA:13,3
DA:14,3
DA:15,6
DA:20,320
DA:21,320
DA:22,327
DA:23,41
LF:12
LH:12
BRDA:5,0,0,13
BRDA:5,0,1,72
BRDA:15,1,0,6
BRDA:15,1,1,0
BRDA:22,2,0,35
BRDA:22,2,1,292
BRF:6
BRH:5
end_of_record
TN:
SF:src/plugin/modules/subViews/baseView.ts
FN:9,(anonymous_0)
FN:16,(anonymous_1)
FN:21,(anonymous_2)
FNF:3
FNH:3
FNDA:11,(anonymous_0)
FNDA:11,(anonymous_1)
FNDA:4,(anonymous_2)
DA:6,8
DA:7,11
DA:10,11
DA:11,11
DA:12,10
DA:17,11
DA:19,11
DA:21,11
DA:22,4
DA:23,4
LF:10
LH:10
BRDA:9,0,0,11
BRDA:11,1,0,10
BRDA:11,1,1,1
BRDA:11,2,0,11
BRDA:11,2,1,11
BRDA:19,3,0,4
BRDA:19,3,1,7
BRDA:23,4,0,2
BRDA:23,4,1,2
BRF:9
BRH:9
end_of_record
TN:
SF:src/plugin/modules/subViews/basicElementView.ts
FN:17,(anonymous_0)
FN:29,(anonymous_1)
FN:33,(anonymous_2)
FN:38,(anonymous_3)
FN:43,(anonymous_4)
FN:48,(anonymous_5)
FN:63,(anonymous_6)
FN:67,(anonymous_7)
FNF:8
FNH:8
FNDA:120,(anonymous_0)
FNDA:112,(anonymous_1)
FNDA:91,(anonymous_2)
FNDA:15,(anonymous_3)
FNDA:53,(anonymous_4)
FNDA:13,(anonymous_5)
FNDA:5,(anonymous_6)
FNDA:101,(anonymous_7)
DA:7,120
DA:23,120
DA:24,120
DA:25,120
DA:26,120
DA:30,112
DA:34,91
DA:35,91
DA:39,15
DA:40,15
DA:44,53
DA:45,53
DA:55,13
DA:56,12
DA:57,12
DA:59,1
DA:64,5
DA:68,101
DA:72,8
LF:19
LH:19
BRDA:20,0,0,12
BRDA:21,1,0,58
BRDA:55,2,0,12
BRDA:55,2,1,1
BRDA:68,3,0,89
BRDA:68,3,1,12
BRF:6
BRH:6
end_of_record
TN:
SF:src/plugin/modules/subViews/boundView.ts
FN:9,(anonymous_0)
FN:20,(anonymous_1)
FNF:2
FNH:2
FNDA:6,(anonymous_0)
FNDA:6,(anonymous_1)
DA:6,8
DA:15,6
DA:16,6
DA:17,6
DA:21,6
DA:22,6
LF:6
LH:6
BRDA:12,0,0,0
BRF:1
BRH:0
end_of_record
TN:
SF:src/plugin/modules/subViews/connectorView.ts
FN:13,(anonymous_0)
FN:33,(anonymous_1)
FN:56,(anonymous_2)
FN:61,(anonymous_3)
FNF:4
FNH:3
FNDA:6,(anonymous_0)
FNDA:14,(anonymous_1)
FNDA:6,(anonymous_2)
FNDA:0,(anonymous_3)
DA:8,8
DA:20,6
DA:21,6
DA:22,6
DA:24,6
DA:25,0
DA:26,6
DA:27,0
DA:30,6
DA:34,14
DA:35,14
DA:37,14
DA:38,13
DA:40,1
DA:43,14
DA:44,3
DA:45,3
DA:47,11
DA:48,11
DA:51,14
DA:53,14
DA:57,6
DA:59,6
DA:61,6
DA:62,0
DA:63,0
LF:26
LH:22
BRDA:15,0,0,0
BRDA:18,1,0,6
BRDA:24,2,0,0
BRDA:24,2,1,6
BRDA:26,3,0,0
BRDA:26,3,1,6
BRDA:37,4,0,13
BRDA:37,4,1,1
BRDA:43,5,0,3
BRDA:43,5,1,11
BRDA:57,6,0,6
BRDA:57,6,1,0
BRDA:59,7,0,3
BRDA:59,7,1,3
BRDA:63,8,0,0
BRDA:63,8,1,0
BRF:16
BRH:10
end_of_record
TN:
SF:src/plugin/modules/subViews/handlerView.ts
FN:24,(anonymous_0)
FN:50,(anonymous_1)
FN:55,(anonymous_2)
FN:59,(anonymous_3)
FN:62,(anonymous_4)
FN:71,(anonymous_5)
FN:74,(anonymous_6)
FN:77,(anonymous_7)
FN:84,(anonymous_8)
FN:105,(anonymous_9)
FN:114,(anonymous_10)
FN:123,(anonymous_11)
FN:127,(anonymous_12)
FNF:13
FNH:8
FNDA:21,(anonymous_0)
FNDA:21,(anonymous_1)
FNDA:0,(anonymous_2)
FNDA:0,(anonymous_3)
FNDA:0,(anonymous_4)
FNDA:1,(anonymous_5)
FNDA:0,(anonymous_6)
FNDA:0,(anonymous_7)
FNDA:34,(anonymous_8)
FNDA:5,(anonymous_9)
FNDA:18,(anonymous_10)
FNDA:2,(anonymous_11)
FNDA:4,(anonymous_12)
DA:10,8
DA:12,21
DA:13,21
DA:15,21
DA:16,21
DA:32,21
DA:33,21
DA:34,21
DA:35,21
DA:37,21
DA:38,0
DA:40,21
DA:41,14
DA:43,21
DA:44,0
DA:47,21
DA:51,21
DA:53,21
DA:55,21
DA:56,0
DA:57,0
DA:58,0
DA:59,0
DA:60,0
DA:62,0
DA:63,0
DA:64,0
DA:65,0
DA:71,21
DA:72,1
DA:73,1
DA:74,1
DA:75,0
DA:77,1
DA:78,0
DA:79,0
DA:88,34
DA:89,34
DA:91,34
DA:92,7
DA:94,27
DA:97,34
DA:99,34
DA:100,34
DA:102,34
DA:106,5
DA:107,5
DA:108,2
DA:110,3
DA:115,18
DA:116,18
DA:117,7
DA:119,11
DA:124,2
DA:128,4
LF:55
LH:41
BRDA:26,0,0,0
BRDA:27,1,0,0
BRDA:28,2,0,0
BRDA:30,3,0,21
BRDA:37,4,0,0
BRDA:37,4,1,21
BRDA:40,5,0,14
BRDA:40,5,1,7
BRDA:43,6,0,0
BRDA:43,6,1,21
BRDA:53,7,0,7
BRDA:53,7,1,14
BRDA:57,8,0,0
BRDA:57,8,1,0
BRDA:63,9,0,0
BRDA:63,9,1,0
BRDA:85,10,0,21
BRDA:86,11,0,21
BRDA:88,12,0,13
BRDA:88,12,1,21
BRDA:89,13,0,13
BRDA:89,13,1,21
BRDA:91,14,0,7
BRDA:91,14,1,27
BRDA:99,15,0,8
BRDA:99,15,1,26
BRDA:100,16,0,8
BRDA:100,16,1,26
BRDA:107,17,0,2
BRDA:107,17,1,3
BRDA:116,18,0,7
BRDA:116,18,1,11
BRF:32
BRH:23
end_of_record
TN:
SF:src/plugin/modules/subViews/inputView.ts
FN:9,(anonymous_0)
FN:20,(anonymous_1)
FN:25,(anonymous_2)
FNF:3
FNH:3
FNDA:11,(anonymous_0)
FNDA:11,(anonymous_1)
FNDA:18,(anonymous_2)
DA:16,11
DA:17,11
DA:21,11
DA:22,11
DA:26,18
DA:27,18
DA:28,16
DA:35,2
DA:37,18
DA:39,18
LF:10
LH:10
BRDA:14,0,0,11
BRDA:26,1,0,18
BRDA:26,1,1,0
BRDA:27,2,0,16
BRDA:27,2,1,2
BRF:5
BRH:4
end_of_record
TN:
SF:src/plugin/modules/subViews/markView.ts
FN:15,(anonymous_0)
FN:40,(anonymous_1)
FN:48,(anonymous_2)
FN:51,(anonymous_3)
FNF:4
FNH:4
FNDA:11,(anonymous_0)
FNDA:11,(anonymous_1)
FNDA:11,(anonymous_2)
FNDA:2,(anonymous_3)
DA:7,8
DA:8,8
DA:9,11
DA:10,11
DA:21,11
DA:22,11
DA:23,11
DA:25,11
DA:26,11
DA:27,11
DA:28,11
DA:30,11
DA:31,0
DA:34,11
DA:35,11
DA:37,11
DA:41,11
DA:42,0
DA:44,11
DA:49,11
DA:51,11
DA:52,2
DA:53,2
LF:23
LH:21
BRDA:19,0,0,11
BRDA:25,1,0,11
BRDA:25,1,1,0
BRDA:30,2,0,0
BRDA:30,2,1,11
BRDA:34,3,0,11
BRDA:34,3,1,0
BRDA:41,4,0,0
BRDA:41,4,1,11
BRF:9
BRH:5
end_of_record
TN:
SF:src/plugin/modules/subViews/progressBarView.ts
FN:11,(anonymous_0)
FN:29,(anonymous_1)
FN:43,(anonymous_2)
FN:48,(anonymous_3)
FNF:4
FNH:3
FNDA:2,(anonymous_0)
FNDA:2,(anonymous_1)
FNDA:2,(anonymous_2)
FNDA:0,(anonymous_3)
DA:8,8
DA:17,2
DA:18,2
DA:20,2
DA:21,0
DA:22,2
DA:23,0
DA:26,2
DA:30,2
DA:32,2
DA:33,1
DA:35,1
DA:38,2
DA:40,2
DA:44,2
DA:46,2
DA:48,2
DA:49,0
DA:50,0
LF:19
LH:15
BRDA:15,0,0,2
BRDA:20,1,0,0
BRDA:20,1,1,2
BRDA:22,2,0,0
BRDA:22,2,1,2
BRDA:32,3,0,1
BRDA:32,3,1,1
BRDA:44,4,0,2
BRDA:44,4,1,0
BRDA:46,5,0,1
BRDA:46,5,1,1
BRDA:50,6,0,0
BRDA:50,6,1,0
BRF:13
BRH:8
end_of_record
TN:
SF:src/plugin/modules/subViews/resultView.ts
FN:9,(anonymous_0)
FN:20,(anonymous_1)
FNF:2
FNH:2
FNDA:3,(anonymous_0)
FNDA:6,(anonymous_1)
DA:6,8
DA:15,3
DA:16,3
DA:17,3
DA:21,6
DA:22,3
DA:24,6
DA:25,6
DA:27,6
LF:9
LH:9
BRDA:11,0,0,0
BRDA:12,1,0,0
BRDA:21,2,0,3
BRDA:21,2,1,3
BRF:4
BRH:2
end_of_record
TN:
SF:src/plugin/modules/subViews/tooltipView.ts
FN:11,(anonymous_0)
FN:22,(anonymous_1)
FN:26,(anonymous_2)
FNF:3
FNH:3
FNDA:14,(anonymous_0)
FNDA:22,(anonymous_1)
FNDA:22,(anonymous_2)
DA:7,8
DA:9,14
DA:12,14
DA:13,14
DA:15,14
DA:16,14
DA:19,14
DA:23,22
DA:27,22
DA:29,22
DA:31,22
LF:11
LH:11
BRDA:15,0,0,14
BRDA:15,0,1,0
BRF:2
BRH:1
end_of_record
